2025-05-07T15:29:45.144+0900 [DEBUG] [org.gradle.launcher.daemon.bootstrap.DaemonMain] Assuming the daemon was started with following jvm opts: [-Xmx2048m, -Dfile.encoding=UTF-8, -Duser.country=KR, -Duser.language=ko, -Duser.variant]
2025-05-07T15:29:45.305+0900 [DEBUG] [org.gradle.internal.nativeintegration.services.NativeServices] Native-platform posix files integration is not available. Continuing with fallback.
2025-05-07T15:29:45.344+0900 [INFO] [org.gradle.launcher.daemon.server.Daemon] start() called on daemon - DefaultDaemonContext[uid=7e686b57-8553-4d54-9b0d-ceba4ca55d71,javaHome=C:\Users\dawon\.jdks\openjdk-24,javaVersion=24,javaVendor=Oracle Corporation,daemonRegistryDir=C:\UMC\Study4\Flo\daemon,pid=20112,idleTimeout=10800000,priority=NORMAL,applyInstrumentationAgent=true,nativeServicesMode=ENABLED,daemonOpts=-Xmx2048m,-Dfile.encoding=UTF-8,-Duser.country=KR,-Duser.language=ko,-Duser.variant]
2025-05-07T15:29:45.456+0900 [DEBUG] [org.gradle.internal.remote.internal.inet.InetAddresses] Adding IP addresses for network interface WAN Miniport (IP)-WFP Native MAC Layer LightWeight Filter-0000
2025-05-07T15:29:45.456+0900 [DEBUG] [org.gradle.internal.remote.internal.inet.InetAddresses] Is this a loopback interface? false
2025-05-07T15:29:45.457+0900 [DEBUG] [org.gradle.internal.remote.internal.inet.InetAddresses] Adding IP addresses for network interface WAN Miniport (IP)-QoS Packet Scheduler-0000
2025-05-07T15:29:45.457+0900 [DEBUG] [org.gradle.internal.remote.internal.inet.InetAddresses] Is this a loopback interface? false
2025-05-07T15:29:45.457+0900 [DEBUG] [org.gradle.internal.remote.internal.inet.InetAddresses] Adding IP addresses for network interface WAN Miniport (IPv6)-WFP Native MAC Layer LightWeight Filter-0000
2025-05-07T15:29:45.457+0900 [DEBUG] [org.gradle.internal.remote.internal.inet.InetAddresses] Is this a loopback interface? false
2025-05-07T15:29:45.457+0900 [DEBUG] [org.gradle.internal.remote.internal.inet.InetAddresses] Adding IP addresses for network interface WAN Miniport (IPv6)-QoS Packet Scheduler-0000
2025-05-07T15:29:45.458+0900 [DEBUG] [org.gradle.internal.remote.internal.inet.InetAddresses] Is this a loopback interface? false
2025-05-07T15:29:45.458+0900 [DEBUG] [org.gradle.internal.remote.internal.inet.InetAddresses] Adding IP addresses for network interface WAN Miniport (Network Monitor)-WFP Native MAC Layer LightWeight Filter-0000
2025-05-07T15:29:45.458+0900 [DEBUG] [org.gradle.internal.remote.internal.inet.InetAddresses] Is this a loopback interface? false
2025-05-07T15:29:45.458+0900 [DEBUG] [org.gradle.internal.remote.internal.inet.InetAddresses] Adding IP addresses for network interface WAN Miniport (Network Monitor)-QoS Packet Scheduler-0000
2025-05-07T15:29:45.458+0900 [DEBUG] [org.gradle.internal.remote.internal.inet.InetAddresses] Is this a loopback interface? false
2025-05-07T15:29:45.458+0900 [DEBUG] [org.gradle.internal.remote.internal.inet.InetAddresses] Adding IP addresses for network interface Microsoft Kernel Debug Network Adapter
2025-05-07T15:29:45.459+0900 [DEBUG] [org.gradle.internal.remote.internal.inet.InetAddresses] Is this a loopback interface? false
2025-05-07T15:29:45.459+0900 [DEBUG] [org.gradle.internal.remote.internal.inet.InetAddresses] Adding IP addresses for network interface Realtek USB GbE Family Controller
2025-05-07T15:29:45.459+0900 [DEBUG] [org.gradle.internal.remote.internal.inet.InetAddresses] Is this a loopback interface? false
2025-05-07T15:29:45.459+0900 [DEBUG] [org.gradle.internal.remote.internal.inet.InetAddresses] Adding IP addresses for network interface Bluetooth Device (Personal Area Network)
2025-05-07T15:29:45.459+0900 [DEBUG] [org.gradle.internal.remote.internal.inet.InetAddresses] Is this a loopback interface? false
2025-05-07T15:29:45.459+0900 [DEBUG] [org.gradle.internal.remote.internal.inet.InetAddresses] Adding remote address /fe80:0:0:0:8f31:1d58:a759:54fb%ethernet_32770
2025-05-07T15:29:45.459+0900 [DEBUG] [org.gradle.internal.remote.internal.inet.InetAddresses] Adding IP addresses for network interface WAN Miniport (IP)
2025-05-07T15:29:45.460+0900 [DEBUG] [org.gradle.internal.remote.internal.inet.InetAddresses] Is this a loopback interface? false
2025-05-07T15:29:45.460+0900 [DEBUG] [org.gradle.internal.remote.internal.inet.InetAddresses] Adding IP addresses for network interface WAN Miniport (IPv6)
2025-05-07T15:29:45.460+0900 [DEBUG] [org.gradle.internal.remote.internal.inet.InetAddresses] Is this a loopback interface? false
2025-05-07T15:29:45.460+0900 [DEBUG] [org.gradle.internal.remote.internal.inet.InetAddresses] Adding IP addresses for network interface WAN Miniport (Network Monitor)
2025-05-07T15:29:45.461+0900 [DEBUG] [org.gradle.internal.remote.internal.inet.InetAddresses] Is this a loopback interface? false
2025-05-07T15:29:45.461+0900 [DEBUG] [org.gradle.internal.remote.internal.inet.InetAddresses] Adding IP addresses for network interface WAN Miniport (PPPOE)
2025-05-07T15:29:45.461+0900 [DEBUG] [org.gradle.internal.remote.internal.inet.InetAddresses] Is this a loopback interface? false
2025-05-07T15:29:45.461+0900 [DEBUG] [org.gradle.internal.remote.internal.inet.InetAddresses] Adding IP addresses for network interface Software Loopback Interface 1
2025-05-07T15:29:45.461+0900 [DEBUG] [org.gradle.internal.remote.internal.inet.InetAddresses] Is this a loopback interface? true
2025-05-07T15:29:45.461+0900 [DEBUG] [org.gradle.internal.remote.internal.inet.InetAddresses] Adding loopback address /0:0:0:0:0:0:0:1
2025-05-07T15:29:45.461+0900 [DEBUG] [org.gradle.internal.remote.internal.inet.InetAddresses] Adding loopback address /127.0.0.1
2025-05-07T15:29:45.462+0900 [DEBUG] [org.gradle.internal.remote.internal.inet.InetAddresses] Adding IP addresses for network interface Realtek RTL8852BE WiFi 6 802.11ax PCIe Adapter-WFP Native MAC Layer LightWeight Filter-0000
2025-05-07T15:29:45.462+0900 [DEBUG] [org.gradle.internal.remote.internal.inet.InetAddresses] Is this a loopback interface? false
2025-05-07T15:29:45.462+0900 [DEBUG] [org.gradle.internal.remote.internal.inet.InetAddresses] Adding IP addresses for network interface Realtek RTL8852BE WiFi 6 802.11ax PCIe Adapter-Virtual WiFi Filter Driver-0000
2025-05-07T15:29:45.462+0900 [DEBUG] [org.gradle.internal.remote.internal.inet.InetAddresses] Is this a loopback interface? false
2025-05-07T15:29:45.462+0900 [DEBUG] [org.gradle.internal.remote.internal.inet.InetAddresses] Adding IP addresses for network interface Realtek RTL8852BE WiFi 6 802.11ax PCIe Adapter-Native WiFi Filter Driver-0000
2025-05-07T15:29:45.462+0900 [DEBUG] [org.gradle.internal.remote.internal.inet.InetAddresses] Is this a loopback interface? false
2025-05-07T15:29:45.462+0900 [DEBUG] [org.gradle.internal.remote.internal.inet.InetAddresses] Adding IP addresses for network interface Realtek RTL8852BE WiFi 6 802.11ax PCIe Adapter-QoS Packet Scheduler-0000
2025-05-07T15:29:45.462+0900 [DEBUG] [org.gradle.internal.remote.internal.inet.InetAddresses] Is this a loopback interface? false
2025-05-07T15:29:45.463+0900 [DEBUG] [org.gradle.internal.remote.internal.inet.InetAddresses] Adding IP addresses for network interface Realtek RTL8852BE WiFi 6 802.11ax PCIe Adapter-WFP 802.3 MAC Layer LightWeight Filter-0000
2025-05-07T15:29:45.463+0900 [DEBUG] [org.gradle.internal.remote.internal.inet.InetAddresses] Is this a loopback interface? false
2025-05-07T15:29:45.463+0900 [DEBUG] [org.gradle.internal.remote.internal.inet.InetAddresses] Adding IP addresses for network interface Microsoft Wi-Fi Direct Virtual Adapter-WFP Native MAC Layer LightWeight Filter-0000
2025-05-07T15:29:45.463+0900 [DEBUG] [org.gradle.internal.remote.internal.inet.InetAddresses] Is this a loopback interface? false
2025-05-07T15:29:45.463+0900 [DEBUG] [org.gradle.internal.remote.internal.inet.InetAddresses] Adding IP addresses for network interface Microsoft Wi-Fi Direct Virtual Adapter-Native WiFi Filter Driver-0000
2025-05-07T15:29:45.463+0900 [DEBUG] [org.gradle.internal.remote.internal.inet.InetAddresses] Is this a loopback interface? false
2025-05-07T15:29:45.463+0900 [DEBUG] [org.gradle.internal.remote.internal.inet.InetAddresses] Adding IP addresses for network interface Microsoft Wi-Fi Direct Virtual Adapter-QoS Packet Scheduler-0000
2025-05-07T15:29:45.464+0900 [DEBUG] [org.gradle.internal.remote.internal.inet.InetAddresses] Is this a loopback interface? false
2025-05-07T15:29:45.464+0900 [DEBUG] [org.gradle.internal.remote.internal.inet.InetAddresses] Adding IP addresses for network interface Microsoft Wi-Fi Direct Virtual Adapter-WFP 802.3 MAC Layer LightWeight Filter-0000
2025-05-07T15:29:45.464+0900 [DEBUG] [org.gradle.internal.remote.internal.inet.InetAddresses] Is this a loopback interface? false
2025-05-07T15:29:45.464+0900 [DEBUG] [org.gradle.internal.remote.internal.inet.InetAddresses] Adding IP addresses for network interface Microsoft Wi-Fi Direct Virtual Adapter #2-WFP Native MAC Layer LightWeight Filter-0000
2025-05-07T15:29:45.464+0900 [DEBUG] [org.gradle.internal.remote.internal.inet.InetAddresses] Is this a loopback interface? false
2025-05-07T15:29:45.464+0900 [DEBUG] [org.gradle.internal.remote.internal.inet.InetAddresses] Adding IP addresses for network interface Microsoft Wi-Fi Direct Virtual Adapter #2-Native WiFi Filter Driver-0000
2025-05-07T15:29:45.464+0900 [DEBUG] [org.gradle.internal.remote.internal.inet.InetAddresses] Is this a loopback interface? false
2025-05-07T15:29:45.465+0900 [DEBUG] [org.gradle.internal.remote.internal.inet.InetAddresses] Adding IP addresses for network interface Microsoft Wi-Fi Direct Virtual Adapter #2-QoS Packet Scheduler-0000
2025-05-07T15:29:45.465+0900 [DEBUG] [org.gradle.internal.remote.internal.inet.InetAddresses] Is this a loopback interface? false
2025-05-07T15:29:45.465+0900 [DEBUG] [org.gradle.internal.remote.internal.inet.InetAddresses] Adding IP addresses for network interface Microsoft Wi-Fi Direct Virtual Adapter #2-WFP 802.3 MAC Layer LightWeight Filter-0000
2025-05-07T15:29:45.465+0900 [DEBUG] [org.gradle.internal.remote.internal.inet.InetAddresses] Is this a loopback interface? false
2025-05-07T15:29:45.465+0900 [DEBUG] [org.gradle.internal.remote.internal.inet.InetAddresses] Adding IP addresses for network interface Realtek RTL8852BE WiFi 6 802.11ax PCIe Adapter
2025-05-07T15:29:45.466+0900 [DEBUG] [org.gradle.internal.remote.internal.inet.InetAddresses] Is this a loopback interface? false
2025-05-07T15:29:45.466+0900 [DEBUG] [org.gradle.internal.remote.internal.inet.InetAddresses] Adding remote address /fe80:0:0:0:fdb1:b391:72ce:69f%wireless_32768
2025-05-07T15:29:45.467+0900 [DEBUG] [org.gradle.internal.remote.internal.inet.InetAddresses] Adding remote address /223.194.136.197
2025-05-07T15:29:45.469+0900 [DEBUG] [org.gradle.internal.remote.internal.inet.InetAddresses] Adding IP addresses for network interface Microsoft Wi-Fi Direct Virtual Adapter
2025-05-07T15:29:45.469+0900 [DEBUG] [org.gradle.internal.remote.internal.inet.InetAddresses] Is this a loopback interface? false
2025-05-07T15:29:45.469+0900 [DEBUG] [org.gradle.internal.remote.internal.inet.InetAddresses] Adding remote address /fe80:0:0:0:2e7e:3899:e9f0:d76a%wireless_32769
2025-05-07T15:29:45.470+0900 [DEBUG] [org.gradle.internal.remote.internal.inet.InetAddresses] Adding IP addresses for network interface Microsoft Wi-Fi Direct Virtual Adapter #2
2025-05-07T15:29:45.470+0900 [DEBUG] [org.gradle.internal.remote.internal.inet.InetAddresses] Is this a loopback interface? false
2025-05-07T15:29:45.470+0900 [DEBUG] [org.gradle.internal.remote.internal.inet.InetAddresses] Adding remote address /fe80:0:0:0:6c28:10e3:27ab:5f42%wireless_32770
2025-05-07T15:29:45.470+0900 [DEBUG] [org.gradle.internal.remote.internal.inet.InetAddresses] Adding IP addresses for network interface Microsoft Teredo Tunneling Adapter
2025-05-07T15:29:45.470+0900 [DEBUG] [org.gradle.internal.remote.internal.inet.InetAddresses] Is this a loopback interface? false
2025-05-07T15:29:45.470+0900 [DEBUG] [org.gradle.internal.remote.internal.inet.InetAddresses] Adding IP addresses for network interface Microsoft IP-HTTPS Platform Adapter
2025-05-07T15:29:45.470+0900 [DEBUG] [org.gradle.internal.remote.internal.inet.InetAddresses] Is this a loopback interface? false
2025-05-07T15:29:45.470+0900 [DEBUG] [org.gradle.internal.remote.internal.inet.InetAddresses] Adding IP addresses for network interface Microsoft 6to4 Adapter
2025-05-07T15:29:45.471+0900 [DEBUG] [org.gradle.internal.remote.internal.inet.InetAddresses] Is this a loopback interface? false
2025-05-07T15:29:45.471+0900 [DEBUG] [org.gradle.internal.remote.internal.inet.InetAddresses] Adding IP addresses for network interface WAN Miniport (SSTP)
2025-05-07T15:29:45.471+0900 [DEBUG] [org.gradle.internal.remote.internal.inet.InetAddresses] Is this a loopback interface? false
2025-05-07T15:29:45.471+0900 [DEBUG] [org.gradle.internal.remote.internal.inet.InetAddresses] Adding IP addresses for network interface WAN Miniport (IKEv2)
2025-05-07T15:29:45.471+0900 [DEBUG] [org.gradle.internal.remote.internal.inet.InetAddresses] Is this a loopback interface? false
2025-05-07T15:29:45.471+0900 [DEBUG] [org.gradle.internal.remote.internal.inet.InetAddresses] Adding IP addresses for network interface WAN Miniport (L2TP)
2025-05-07T15:29:45.471+0900 [DEBUG] [org.gradle.internal.remote.internal.inet.InetAddresses] Is this a loopback interface? false
2025-05-07T15:29:45.471+0900 [DEBUG] [org.gradle.internal.remote.internal.inet.InetAddresses] Adding IP addresses for network interface WAN Miniport (PPTP)
2025-05-07T15:29:45.472+0900 [DEBUG] [org.gradle.internal.remote.internal.inet.InetAddresses] Is this a loopback interface? false
2025-05-07T15:29:45.484+0900 [DEBUG] [org.gradle.internal.remote.internal.inet.TcpIncomingConnector] Listening on [28db65f2-bcd2-46f9-a3a0-eb532c73b491 port:53029, addresses:[localhost/127.0.0.1]].
2025-05-07T15:29:45.512+0900 [DEBUG] [org.gradle.launcher.daemon.server.Daemon] Daemon starting at: Wed May 07 15:29:45 GMT+09:00 2025, with address: [28db65f2-bcd2-46f9-a3a0-eb532c73b491 port:53029, addresses:[localhost/127.0.0.1]]
2025-05-07T15:29:45.513+0900 [INFO] [org.gradle.launcher.daemon.server.DaemonRegistryUpdater] Advertising the daemon address to the clients: [28db65f2-bcd2-46f9-a3a0-eb532c73b491 port:53029, addresses:[localhost/127.0.0.1]]
2025-05-07T15:29:45.513+0900 [DEBUG] [org.gradle.launcher.daemon.server.DaemonRegistryUpdater] Advertised daemon context: DefaultDaemonContext[uid=7e686b57-8553-4d54-9b0d-ceba4ca55d71,javaHome=C:\Users\dawon\.jdks\openjdk-24,javaVersion=24,javaVendor=Oracle Corporation,daemonRegistryDir=C:\UMC\Study4\Flo\daemon,pid=20112,idleTimeout=10800000,priority=NORMAL,applyInstrumentationAgent=true,nativeServicesMode=ENABLED,daemonOpts=-Xmx2048m,-Dfile.encoding=UTF-8,-Duser.country=KR,-Duser.language=ko,-Duser.variant]
2025-05-07T15:29:45.514+0900 [DEBUG] [org.gradle.launcher.daemon.registry.PersistentDaemonRegistry] Storing daemon address: [28db65f2-bcd2-46f9-a3a0-eb532c73b491 port:53029, addresses:[localhost/127.0.0.1]], context: DefaultDaemonContext[uid=7e686b57-8553-4d54-9b0d-ceba4ca55d71,javaHome=C:\Users\dawon\.jdks\openjdk-24,javaVersion=24,javaVendor=Oracle Corporation,daemonRegistryDir=C:\UMC\Study4\Flo\daemon,pid=20112,idleTimeout=10800000,priority=NORMAL,applyInstrumentationAgent=true,nativeServicesMode=ENABLED,daemonOpts=-Xmx2048m,-Dfile.encoding=UTF-8,-Duser.country=KR,-Duser.language=ko,-Duser.variant]
2025-05-07T15:29:45.533+0900 [DEBUG] [org.gradle.cache.internal.DefaultFileLockManager] Waiting to acquire exclusive lock on daemon addresses registry.
2025-05-07T15:29:45.537+0900 [DEBUG] [org.gradle.cache.internal.DefaultFileLockManager] Lock acquired on daemon addresses registry.
2025-05-07T15:29:45.543+0900 [DEBUG] [org.gradle.cache.internal.DefaultFileLockManager] Releasing lock on daemon addresses registry.
2025-05-07T15:29:45.544+0900 [LIFECYCLE] [org.gradle.launcher.daemon.server.Daemon] Daemon server started.
2025-05-07T15:29:45.545+0900 [DEBUG] [org.gradle.launcher.daemon.bootstrap.DaemonStartupCommunication] Completed writing the daemon greeting. Closing streams...
2025-05-07T15:29:45.552+0900 [DEBUG] [org.gradle.internal.remote.internal.inet.TcpIncomingConnector] Accepted connection from /127.0.0.1:53030 to /127.0.0.1:53029.
2025-05-07T15:29:45.562+0900 [DEBUG] [org.gradle.launcher.daemon.server.Daemon] stopOnExpiration() called on daemon
2025-05-07T15:29:45.567+0900 [DEBUG] [org.gradle.launcher.daemon.server.Daemon] awaitExpiration() called on daemon
2025-05-07T15:29:45.568+0900 [DEBUG] [org.gradle.launcher.daemon.server.DaemonStateCoordinator] daemon is running. Sleeping until state changes.
2025-05-07T15:29:45.689+0900 [DEBUG] [org.gradle.launcher.daemon.server.SynchronizedDispatchConnection] thread 53: received class org.gradle.launcher.daemon.protocol.Build
2025-05-07T15:29:45.690+0900 [DEBUG] [org.gradle.launcher.daemon.server.DefaultDaemonConnection] thread 53: Received non-IO message from client: Build{id=23675844-be6f-413e-a258-8347075cb397, currentDir=C:\UMC\Study4\timer}
2025-05-07T15:29:45.690+0900 [INFO] [org.gradle.launcher.daemon.server.DefaultIncomingConnectionHandler] Received command: Build{id=23675844-be6f-413e-a258-8347075cb397, currentDir=C:\UMC\Study4\timer}.
2025-05-07T15:29:45.690+0900 [DEBUG] [org.gradle.launcher.daemon.server.DefaultIncomingConnectionHandler] Starting executing command: Build{id=23675844-be6f-413e-a258-8347075cb397, currentDir=C:\UMC\Study4\timer} with connection: socket connection from /127.0.0.1:53029 to /127.0.0.1:53030.
2025-05-07T15:29:45.693+0900 [DEBUG] [org.gradle.launcher.daemon.server.DaemonStateCoordinator] Command execution: started DaemonCommandExecution[command = Build{id=23675844-be6f-413e-a258-8347075cb397, currentDir=C:\UMC\Study4\timer}, connection = DefaultDaemonConnection: socket connection from /127.0.0.1:53029 to /127.0.0.1:53030] after 0.004166666666666667 minutes of idle
2025-05-07T15:29:45.693+0900 [INFO] [org.gradle.launcher.daemon.server.DaemonRegistryUpdater] Marking the daemon as busy, address: [28db65f2-bcd2-46f9-a3a0-eb532c73b491 port:53029, addresses:[localhost/127.0.0.1]]
2025-05-07T15:29:45.693+0900 [DEBUG] [org.gradle.launcher.daemon.registry.PersistentDaemonRegistry] Marking busy by address: [28db65f2-bcd2-46f9-a3a0-eb532c73b491 port:53029, addresses:[localhost/127.0.0.1]]
2025-05-07T15:29:45.694+0900 [DEBUG] [org.gradle.cache.internal.DefaultFileLockManager] Waiting to acquire exclusive lock on daemon addresses registry.
2025-05-07T15:29:45.695+0900 [DEBUG] [org.gradle.cache.internal.DefaultFileLockManager] Lock acquired on daemon addresses registry.
2025-05-07T15:29:45.696+0900 [DEBUG] [org.gradle.cache.internal.DefaultFileLockManager] Releasing lock on daemon addresses registry.
2025-05-07T15:29:45.696+0900 [DEBUG] [org.gradle.launcher.daemon.server.DaemonStateCoordinator] resetting idle timer
2025-05-07T15:29:45.697+0900 [DEBUG] [org.gradle.launcher.daemon.server.DaemonStateCoordinator] daemon is running. Sleeping until state changes.
2025-05-07T15:29:45.697+0900 [INFO] [org.gradle.launcher.daemon.server.exec.StartBuildOrRespondWithBusy] Daemon is about to start building Build{id=23675844-be6f-413e-a258-8347075cb397, currentDir=C:\UMC\Study4\timer}. Dispatching build started information...
2025-05-07T15:29:45.698+0900 [DEBUG] [org.gradle.launcher.daemon.server.SynchronizedDispatchConnection] thread 55: dispatching org.gradle.launcher.daemon.protocol.BuildStarted@5883c9c9
2025-05-07T15:29:45.700+0900 [DEBUG] [org.gradle.launcher.daemon.server.exec.EstablishBuildEnvironment] Configuring env variables: [USERDOMAIN_ROAMINGPROFILE, LOCALAPPDATA, PROCESSOR_LEVEL, IntelliJ IDEA, RegionCode, USERDOMAIN, LOGONSERVER, FPS_BROWSER_APP_PROFILE_STRING, JAVA_HOME, SESSIONNAME, ALLUSERSPROFILE, PROCESSOR_ARCHITECTURE, PSModulePath, SystemDrive, OneDrive, APPDATA, USERNAME, ProgramFiles(x86), CommonProgramFiles, Path, FPS_BROWSER_USER_PROFILE_STRING, PATHEXT, DriverData, OS, NODE_HOME, COMPUTERNAME, OnlineServices, PROCESSOR_REVISION, platformcode, CommonProgramW6432, ComSpec, ProgramData, ProgramW6432, EFC_7468, TEMP, HOMEPATH, SystemRoot, HOMEDRIVE, USERPROFILE, PROCESSOR_IDENTIFIER, TMP, CommonProgramFiles(x86), ProgramFiles, PUBLIC, windir, NUMBER_OF_PROCESSORS, =::, ZES_ENABLE_SYSMAN]
2025-05-07T15:29:45.707+0900 [DEBUG] [org.gradle.launcher.daemon.server.exec.LogToClient] About to start relaying all logs to the client via the connection.
2025-05-07T15:29:45.708+0900 [INFO] [org.gradle.launcher.daemon.server.exec.LogToClient] The client will now receive all logging from the daemon (pid: 20112). The daemon log file: C:\UMC\Study4\Flo\daemon\8.11.1\daemon-20112.out.log
2025-05-07T15:29:45.721+0900 [INFO] [org.gradle.launcher.daemon.server.exec.LogAndCheckHealth] Starting build in new daemon [memory: 2 GiB]
2025-05-07T15:29:45.728+0900 [DEBUG] [org.gradle.launcher.daemon.server.exec.ExecuteBuild] The daemon has started executing the build.
2025-05-07T15:29:45.728+0900 [DEBUG] [org.gradle.launcher.daemon.server.exec.ExecuteBuild] Executing build with daemon context: DefaultDaemonContext[uid=7e686b57-8553-4d54-9b0d-ceba4ca55d71,javaHome=C:\Users\dawon\.jdks\openjdk-24,javaVersion=24,javaVendor=Oracle Corporation,daemonRegistryDir=C:\UMC\Study4\Flo\daemon,pid=20112,idleTimeout=10800000,priority=NORMAL,applyInstrumentationAgent=true,nativeServicesMode=ENABLED,daemonOpts=-Xmx2048m,-Dfile.encoding=UTF-8,-Duser.country=KR,-Duser.language=ko,-Duser.variant]

BUILD SUCCESSFUL in 58s
2025-05-07T15:30:35.664+0900 [DEBUG] [org.gradle.launcher.daemon.server.exec.ExecuteBuild] The daemon has finished executing the build.
2025-05-07T15:30:35.669+0900 [DEBUG] [org.gradle.launcher.daemon.server.DaemonStateCoordinator] daemon is running. Sleeping until state changes.
2025-05-07T15:30:35.669+0900 [DEBUG] [org.gradle.launcher.daemon.server.DaemonStateCoordinator] Command execution: finished waiting for DaemonCommandExecution[command = Build{id=23675844-be6f-413e-a258-8347075cb397, currentDir=C:\UMC\Study4\timer}, connection = DefaultDaemonConnection: socket connection from /127.0.0.1:53029 to /127.0.0.1:53030]. Result org.gradle.launcher.daemon.server.DaemonStateCoordinator@890319a with state Busy
2025-05-07T15:30:35.669+0900 [DEBUG] [org.gradle.launcher.daemon.server.DaemonStateCoordinator] Command execution: completed DaemonCommandExecution[command = Build{id=23675844-be6f-413e-a258-8347075cb397, currentDir=C:\UMC\Study4\timer}, connection = DefaultDaemonConnection: socket connection from /127.0.0.1:53029 to /127.0.0.1:53030]
2025-05-07T15:30:35.670+0900 [DEBUG] [org.gradle.launcher.daemon.server.DaemonStateCoordinator] resetting idle timer
2025-05-07T15:30:35.670+0900 [INFO] [org.gradle.launcher.daemon.server.DaemonRegistryUpdater] Marking the daemon as idle, address: [28db65f2-bcd2-46f9-a3a0-eb532c73b491 port:53029, addresses:[localhost/127.0.0.1]]
2025-05-07T15:30:35.670+0900 [DEBUG] [org.gradle.launcher.daemon.registry.PersistentDaemonRegistry] Marking busy by address: [28db65f2-bcd2-46f9-a3a0-eb532c73b491 port:53029, addresses:[localhost/127.0.0.1]]
2025-05-07T15:30:35.671+0900 [DEBUG] [org.gradle.cache.internal.DefaultFileLockManager] Waiting to acquire exclusive lock on daemon addresses registry.
2025-05-07T15:30:35.672+0900 [DEBUG] [org.gradle.cache.internal.DefaultFileLockManager] Lock acquired on daemon addresses registry.
2025-05-07T15:30:35.674+0900 [DEBUG] [org.gradle.cache.internal.DefaultFileLockManager] Releasing lock on daemon addresses registry.
2025-05-07T15:30:35.674+0900 [DEBUG] [org.gradle.launcher.daemon.server.DaemonStateCoordinator] daemon is running. Sleeping until state changes.
2025-05-07T15:30:35.674+0900 [DEBUG] [org.gradle.launcher.daemon.server.exec.ReturnResult] Daemon is dispatching the build result: Success[value=org.gradle.launcher.exec.BuildActionResult@d869416]
2025-05-07T15:30:35.674+0900 [DEBUG] [org.gradle.launcher.daemon.server.SynchronizedDispatchConnection] thread 52: dispatching Success[value=org.gradle.launcher.exec.BuildActionResult@d869416]
2025-05-07T15:30:35.675+0900 [DEBUG] [org.gradle.launcher.daemon.server.SynchronizedDispatchConnection] thread 53: received class org.gradle.launcher.daemon.protocol.CloseInput
2025-05-07T15:30:35.675+0900 [DEBUG] [org.gradle.launcher.daemon.server.DefaultDaemonConnection] thread 53: Received IO message from client: org.gradle.launcher.daemon.protocol.CloseInput@11da98c2
2025-05-07T15:30:35.675+0900 [DEBUG] [org.gradle.launcher.daemon.server.SynchronizedDispatchConnection] thread 53: received class org.gradle.launcher.daemon.protocol.Finished
2025-05-07T15:30:35.675+0900 [DEBUG] [org.gradle.launcher.daemon.server.DefaultDaemonConnection] thread 53: Received non-IO message from client: org.gradle.launcher.daemon.protocol.Finished@13d45f95
2025-05-07T15:30:35.676+0900 [DEBUG] [org.gradle.internal.remote.internal.inet.SocketConnection] Discarding EOFException: java.io.EOFException
2025-05-07T15:30:35.676+0900 [DEBUG] [org.gradle.launcher.daemon.server.SynchronizedDispatchConnection] thread 53: received null
2025-05-07T15:30:35.676+0900 [DEBUG] [org.gradle.launcher.daemon.server.DefaultIncomingConnectionHandler] Finishing executing command: Build{id=23675844-be6f-413e-a258-8347075cb397, currentDir=C:\UMC\Study4\timer}
2025-05-07T15:30:35.676+0900 [DEBUG] [org.gradle.launcher.daemon.server.exec.CleanUpVirtualFileSystemAfterBuild] Cleaning virtual file system after build finished
2025-05-07T15:30:35.676+0900 [DEBUG] [org.gradle.launcher.daemon.server.DefaultIncomingConnectionHandler] Received finished message: org.gradle.launcher.daemon.protocol.Finished@13d45f95
2025-05-07T15:30:35.676+0900 [DEBUG] [org.gradle.launcher.daemon.server.DefaultDaemonConnection] thread 53: Received end-of-input from client.
2025-05-07T15:30:35.676+0900 [DEBUG] [org.gradle.launcher.daemon.server.SynchronizedDispatchConnection] thread 52: stopping connection
2025-05-07T15:30:35.677+0900 [DEBUG] [org.gradle.launcher.daemon.server.SynchronizedDispatchConnection] thread 52: stopping connection
2025-05-07T15:30:40.627+0900 [DEBUG] [org.gradle.internal.remote.internal.inet.TcpIncomingConnector] Accepted connection from /127.0.0.1:53092 to /127.0.0.1:53029.
2025-05-07T15:30:40.639+0900 [DEBUG] [org.gradle.launcher.daemon.server.SynchronizedDispatchConnection] thread 263: received class org.gradle.launcher.daemon.protocol.Build
2025-05-07T15:30:40.639+0900 [DEBUG] [org.gradle.launcher.daemon.server.DefaultDaemonConnection] thread 263: Received non-IO message from client: Build{id=4f0bc348-a3ac-4453-88fb-cb3a71305b72, currentDir=C:\UMC\Study4\timer}
2025-05-07T15:30:40.639+0900 [INFO] [org.gradle.launcher.daemon.server.DefaultIncomingConnectionHandler] Received command: Build{id=4f0bc348-a3ac-4453-88fb-cb3a71305b72, currentDir=C:\UMC\Study4\timer}.
2025-05-07T15:30:40.640+0900 [DEBUG] [org.gradle.launcher.daemon.server.DefaultIncomingConnectionHandler] Starting executing command: Build{id=4f0bc348-a3ac-4453-88fb-cb3a71305b72, currentDir=C:\UMC\Study4\timer} with connection: socket connection from /127.0.0.1:53029 to /127.0.0.1:53092.
2025-05-07T15:30:40.640+0900 [DEBUG] [org.gradle.launcher.daemon.server.DaemonStateCoordinator] Command execution: started DaemonCommandExecution[command = Build{id=4f0bc348-a3ac-4453-88fb-cb3a71305b72, currentDir=C:\UMC\Study4\timer}, connection = DefaultDaemonConnection: socket connection from /127.0.0.1:53029 to /127.0.0.1:53092] after 0.08281666666666668 minutes of idle
2025-05-07T15:30:40.640+0900 [INFO] [org.gradle.launcher.daemon.server.DaemonRegistryUpdater] Marking the daemon as busy, address: [28db65f2-bcd2-46f9-a3a0-eb532c73b491 port:53029, addresses:[localhost/127.0.0.1]]
2025-05-07T15:30:40.640+0900 [DEBUG] [org.gradle.launcher.daemon.registry.PersistentDaemonRegistry] Marking busy by address: [28db65f2-bcd2-46f9-a3a0-eb532c73b491 port:53029, addresses:[localhost/127.0.0.1]]
2025-05-07T15:30:40.640+0900 [DEBUG] [org.gradle.cache.internal.DefaultFileLockManager] Waiting to acquire exclusive lock on daemon addresses registry.
2025-05-07T15:30:40.641+0900 [DEBUG] [org.gradle.cache.internal.DefaultFileLockManager] Lock acquired on daemon addresses registry.
2025-05-07T15:30:40.641+0900 [DEBUG] [org.gradle.cache.internal.DefaultFileLockManager] Releasing lock on daemon addresses registry.
2025-05-07T15:30:40.642+0900 [DEBUG] [org.gradle.launcher.daemon.server.DaemonStateCoordinator] resetting idle timer
2025-05-07T15:30:40.642+0900 [DEBUG] [org.gradle.launcher.daemon.server.DaemonStateCoordinator] daemon is running. Sleeping until state changes.
2025-05-07T15:30:40.642+0900 [INFO] [org.gradle.launcher.daemon.server.exec.StartBuildOrRespondWithBusy] Daemon is about to start building Build{id=4f0bc348-a3ac-4453-88fb-cb3a71305b72, currentDir=C:\UMC\Study4\timer}. Dispatching build started information...
2025-05-07T15:30:40.642+0900 [DEBUG] [org.gradle.launcher.daemon.server.SynchronizedDispatchConnection] thread 55: dispatching org.gradle.launcher.daemon.protocol.BuildStarted@10e5261a
2025-05-07T15:30:40.643+0900 [DEBUG] [org.gradle.launcher.daemon.server.exec.EstablishBuildEnvironment] Configuring env variables: [USERDOMAIN_ROAMINGPROFILE, LOCALAPPDATA, PROCESSOR_LEVEL, IntelliJ IDEA, RegionCode, USERDOMAIN, LOGONSERVER, FPS_BROWSER_APP_PROFILE_STRING, JAVA_HOME, SESSIONNAME, ALLUSERSPROFILE, PROCESSOR_ARCHITECTURE, PSModulePath, SystemDrive, OneDrive, APPDATA, USERNAME, ProgramFiles(x86), CommonProgramFiles, Path, FPS_BROWSER_USER_PROFILE_STRING, PATHEXT, DriverData, OS, NODE_HOME, COMPUTERNAME, OnlineServices, PROCESSOR_REVISION, platformcode, CommonProgramW6432, ComSpec, ProgramData, ProgramW6432, EFC_7468, TEMP, HOMEPATH, SystemRoot, HOMEDRIVE, USERPROFILE, PROCESSOR_IDENTIFIER, TMP, CommonProgramFiles(x86), ProgramFiles, PUBLIC, windir, NUMBER_OF_PROCESSORS, =::, ZES_ENABLE_SYSMAN]
2025-05-07T15:30:40.643+0900 [DEBUG] [org.gradle.launcher.daemon.server.exec.LogToClient] About to start relaying all logs to the client via the connection.
2025-05-07T15:30:40.643+0900 [INFO] [org.gradle.launcher.daemon.server.exec.LogToClient] The client will now receive all logging from the daemon (pid: 20112). The daemon log file: C:\UMC\Study4\Flo\daemon\8.11.1\daemon-20112.out.log
2025-05-07T15:30:40.644+0900 [INFO] [org.gradle.launcher.daemon.server.exec.LogAndCheckHealth] Starting 2nd build in daemon [uptime: 55.424 secs, performance: 100%, GC rate: 0.00/s, heap usage: 0% of 2 GiB]
2025-05-07T15:30:40.644+0900 [DEBUG] [org.gradle.launcher.daemon.server.exec.ExecuteBuild] The daemon has started executing the build.
2025-05-07T15:30:40.644+0900 [DEBUG] [org.gradle.launcher.daemon.server.exec.ExecuteBuild] Executing build with daemon context: DefaultDaemonContext[uid=7e686b57-8553-4d54-9b0d-ceba4ca55d71,javaHome=C:\Users\dawon\.jdks\openjdk-24,javaVersion=24,javaVendor=Oracle Corporation,daemonRegistryDir=C:\UMC\Study4\Flo\daemon,pid=20112,idleTimeout=10800000,priority=NORMAL,applyInstrumentationAgent=true,nativeServicesMode=ENABLED,daemonOpts=-Xmx2048m,-Dfile.encoding=UTF-8,-Duser.country=KR,-Duser.language=ko,-Duser.variant]

BUILD SUCCESSFUL in 10s
36 actionable tasks: 4 executed, 32 up-to-date
2025-05-07T15:30:51.447+0900 [DEBUG] [org.gradle.launcher.daemon.server.exec.ExecuteBuild] The daemon has finished executing the build.
2025-05-07T15:30:51.459+0900 [DEBUG] [org.gradle.launcher.daemon.server.DaemonStateCoordinator] daemon is running. Sleeping until state changes.
2025-05-07T15:30:51.459+0900 [DEBUG] [org.gradle.launcher.daemon.server.DaemonStateCoordinator] Command execution: finished waiting for DaemonCommandExecution[command = Build{id=4f0bc348-a3ac-4453-88fb-cb3a71305b72, currentDir=C:\UMC\Study4\timer}, connection = DefaultDaemonConnection: socket connection from /127.0.0.1:53029 to /127.0.0.1:53092]. Result org.gradle.launcher.daemon.server.DaemonStateCoordinator@890319a with state Busy
2025-05-07T15:30:51.459+0900 [DEBUG] [org.gradle.launcher.daemon.server.DaemonStateCoordinator] Command execution: completed DaemonCommandExecution[command = Build{id=4f0bc348-a3ac-4453-88fb-cb3a71305b72, currentDir=C:\UMC\Study4\timer}, connection = DefaultDaemonConnection: socket connection from /127.0.0.1:53029 to /127.0.0.1:53092]
2025-05-07T15:30:51.459+0900 [DEBUG] [org.gradle.launcher.daemon.server.DaemonStateCoordinator] resetting idle timer
2025-05-07T15:30:51.459+0900 [INFO] [org.gradle.launcher.daemon.server.DaemonRegistryUpdater] Marking the daemon as idle, address: [28db65f2-bcd2-46f9-a3a0-eb532c73b491 port:53029, addresses:[localhost/127.0.0.1]]
2025-05-07T15:30:51.460+0900 [DEBUG] [org.gradle.launcher.daemon.registry.PersistentDaemonRegistry] Marking busy by address: [28db65f2-bcd2-46f9-a3a0-eb532c73b491 port:53029, addresses:[localhost/127.0.0.1]]
2025-05-07T15:30:51.460+0900 [DEBUG] [org.gradle.cache.internal.DefaultFileLockManager] Waiting to acquire exclusive lock on daemon addresses registry.
2025-05-07T15:30:51.460+0900 [DEBUG] [org.gradle.cache.internal.DefaultFileLockManager] Lock acquired on daemon addresses registry.
2025-05-07T15:30:51.461+0900 [DEBUG] [org.gradle.cache.internal.DefaultFileLockManager] Releasing lock on daemon addresses registry.
2025-05-07T15:30:51.462+0900 [DEBUG] [org.gradle.launcher.daemon.server.exec.ReturnResult] Daemon is dispatching the build result: Success[value=org.gradle.launcher.exec.BuildActionResult@25b85394]
2025-05-07T15:30:51.462+0900 [DEBUG] [org.gradle.launcher.daemon.server.DaemonStateCoordinator] daemon is running. Sleeping until state changes.
2025-05-07T15:30:51.462+0900 [DEBUG] [org.gradle.launcher.daemon.server.SynchronizedDispatchConnection] thread 52: dispatching Success[value=org.gradle.launcher.exec.BuildActionResult@25b85394]
2025-05-07T15:30:51.462+0900 [DEBUG] [org.gradle.launcher.daemon.server.exec.CleanUpVirtualFileSystemAfterBuild] Cleaning virtual file system after build finished
2025-05-07T15:30:51.462+0900 [DEBUG] [org.gradle.launcher.daemon.server.DefaultIncomingConnectionHandler] Finishing executing command: Build{id=4f0bc348-a3ac-4453-88fb-cb3a71305b72, currentDir=C:\UMC\Study4\timer}
2025-05-07T15:30:51.462+0900 [DEBUG] [org.gradle.launcher.daemon.server.SynchronizedDispatchConnection] thread 263: received class org.gradle.launcher.daemon.protocol.CloseInput
2025-05-07T15:30:51.462+0900 [DEBUG] [org.gradle.launcher.daemon.server.DefaultDaemonConnection] thread 263: Received IO message from client: org.gradle.launcher.daemon.protocol.CloseInput@46388090
2025-05-07T15:30:51.463+0900 [DEBUG] [org.gradle.launcher.daemon.server.SynchronizedDispatchConnection] thread 263: received class org.gradle.launcher.daemon.protocol.Finished
2025-05-07T15:30:51.463+0900 [DEBUG] [org.gradle.launcher.daemon.server.DefaultDaemonConnection] thread 263: Received non-IO message from client: org.gradle.launcher.daemon.protocol.Finished@48ff6627
2025-05-07T15:30:51.463+0900 [DEBUG] [org.gradle.internal.remote.internal.inet.SocketConnection] Discarding EOFException: java.io.EOFException
2025-05-07T15:30:51.463+0900 [DEBUG] [org.gradle.launcher.daemon.server.SynchronizedDispatchConnection] thread 263: received null
2025-05-07T15:30:51.463+0900 [DEBUG] [org.gradle.launcher.daemon.server.DefaultDaemonConnection] thread 263: Received end-of-input from client.
2025-05-07T15:30:51.463+0900 [DEBUG] [org.gradle.launcher.daemon.server.DefaultIncomingConnectionHandler] Received finished message: org.gradle.launcher.daemon.protocol.Finished@48ff6627
2025-05-07T15:30:51.463+0900 [DEBUG] [org.gradle.launcher.daemon.server.SynchronizedDispatchConnection] thread 52: stopping connection
2025-05-07T15:30:51.463+0900 [DEBUG] [org.gradle.launcher.daemon.server.SynchronizedDispatchConnection] thread 52: stopping connection
2025-05-07T15:30:55.569+0900 [DEBUG] [org.gradle.cache.internal.DefaultFileLockManager] Waiting to acquire shared lock on daemon addresses registry.
2025-05-07T15:30:55.569+0900 [DEBUG] [org.gradle.cache.internal.DefaultFileLockManager] Lock acquired on daemon addresses registry.
2025-05-07T15:30:55.570+0900 [DEBUG] [org.gradle.cache.internal.DefaultFileLockManager] Releasing lock on daemon addresses registry.
2025-05-07T15:30:55.571+0900 [DEBUG] [org.gradle.cache.internal.DefaultFileLockManager] Waiting to acquire shared lock on daemon addresses registry.
2025-05-07T15:30:55.571+0900 [DEBUG] [org.gradle.cache.internal.DefaultFileLockManager] Lock acquired on daemon addresses registry.
2025-05-07T15:30:55.572+0900 [DEBUG] [org.gradle.cache.internal.DefaultFileLockManager] Releasing lock on daemon addresses registry.
2025-05-07T15:31:05.568+0900 [DEBUG] [org.gradle.cache.internal.DefaultFileLockManager] Waiting to acquire shared lock on daemon addresses registry.
2025-05-07T15:31:05.569+0900 [DEBUG] [org.gradle.cache.internal.DefaultFileLockManager] Lock acquired on daemon addresses registry.
2025-05-07T15:31:05.569+0900 [DEBUG] [org.gradle.cache.internal.DefaultFileLockManager] Releasing lock on daemon addresses registry.
2025-05-07T15:31:05.571+0900 [DEBUG] [org.gradle.cache.internal.DefaultFileLockManager] Waiting to acquire shared lock on daemon addresses registry.
2025-05-07T15:31:05.571+0900 [DEBUG] [org.gradle.cache.internal.DefaultFileLockManager] Lock acquired on daemon addresses registry.
2025-05-07T15:31:05.571+0900 [DEBUG] [org.gradle.cache.internal.DefaultFileLockManager] Releasing lock on daemon addresses registry.
2025-05-07T15:31:05.572+0900 [DEBUG] [org.gradle.cache.internal.DefaultFileLockManager] Waiting to acquire shared lock on daemon addresses registry.
2025-05-07T15:31:05.572+0900 [DEBUG] [org.gradle.cache.internal.DefaultFileLockManager] Lock acquired on daemon addresses registry.
2025-05-07T15:31:05.572+0900 [DEBUG] [org.gradle.cache.internal.DefaultFileLockManager] Releasing lock on daemon addresses registry.
2025-05-07T15:31:14.789+0900 [DEBUG] [sun.rmi.transport.tcp] RMI Scheduler(0): close connection, socket: Socket[addr=localhost/127.0.0.1,port=17732,localport=53094]
2025-05-07T15:31:14.797+0900 [DEBUG] [sun.rmi.transport.tcp] RMI Scheduler(0): close connection, socket: Socket[addr=localhost/127.0.0.1,port=17732,localport=53098]
2025-05-07T15:31:14.833+0900 [DEBUG] [sun.rmi.transport.tcp] RMI TCP Connection(1)-127.0.0.1: (port 53096) connection closed
2025-05-07T15:31:14.833+0900 [DEBUG] [sun.rmi.transport.tcp] RMI TCP Connection(1)-127.0.0.1: close connection, socket: Socket[addr=/127.0.0.1,port=53097,localport=53096]
2025-05-07T15:31:14.833+0900 [DEBUG] [sun.rmi.transport.tcp] RMI TCP Connection(1)-127.0.0.1: socket close: Socket[addr=/127.0.0.1,port=53097,localport=53096]
2025-05-07T15:31:15.569+0900 [DEBUG] [org.gradle.cache.internal.DefaultFileLockManager] Waiting to acquire shared lock on daemon addresses registry.
2025-05-07T15:31:15.569+0900 [DEBUG] [org.gradle.cache.internal.DefaultFileLockManager] Lock acquired on daemon addresses registry.
2025-05-07T15:31:15.569+0900 [DEBUG] [org.gradle.cache.internal.DefaultFileLockManager] Releasing lock on daemon addresses registry.
2025-05-07T15:31:15.570+0900 [DEBUG] [org.gradle.cache.internal.DefaultFileLockManager] Waiting to acquire shared lock on daemon addresses registry.
2025-05-07T15:31:15.570+0900 [DEBUG] [org.gradle.cache.internal.DefaultFileLockManager] Lock acquired on daemon addresses registry.
2025-05-07T15:31:15.571+0900 [DEBUG] [org.gradle.cache.internal.DefaultFileLockManager] Releasing lock on daemon addresses registry.
2025-05-07T15:31:15.572+0900 [DEBUG] [org.gradle.cache.internal.DefaultFileLockManager] Waiting to acquire shared lock on daemon addresses registry.
2025-05-07T15:31:15.572+0900 [DEBUG] [org.gradle.cache.internal.DefaultFileLockManager] Lock acquired on daemon addresses registry.
2025-05-07T15:31:15.572+0900 [DEBUG] [org.gradle.cache.internal.DefaultFileLockManager] Releasing lock on daemon addresses registry.
2025-05-07T15:31:25.570+0900 [DEBUG] [org.gradle.cache.internal.DefaultFileLockManager] Waiting to acquire shared lock on daemon addresses registry.
2025-05-07T15:31:25.570+0900 [DEBUG] [org.gradle.cache.internal.DefaultFileLockManager] Lock acquired on daemon addresses registry.
2025-05-07T15:31:25.570+0900 [DEBUG] [org.gradle.cache.internal.DefaultFileLockManager] Releasing lock on daemon addresses registry.
2025-05-07T15:31:25.572+0900 [DEBUG] [org.gradle.cache.internal.DefaultFileLockManager] Waiting to acquire shared lock on daemon addresses registry.
2025-05-07T15:31:25.572+0900 [DEBUG] [org.gradle.cache.internal.DefaultFileLockManager] Lock acquired on daemon addresses registry.
2025-05-07T15:31:25.572+0900 [DEBUG] [org.gradle.cache.internal.DefaultFileLockManager] Releasing lock on daemon addresses registry.
2025-05-07T15:31:25.573+0900 [DEBUG] [org.gradle.cache.internal.DefaultFileLockManager] Waiting to acquire shared lock on daemon addresses registry.
2025-05-07T15:31:25.573+0900 [DEBUG] [org.gradle.cache.internal.DefaultFileLockManager] Lock acquired on daemon addresses registry.
2025-05-07T15:31:25.574+0900 [DEBUG] [org.gradle.cache.internal.DefaultFileLockManager] Releasing lock on daemon addresses registry.
2025-05-07T15:31:35.571+0900 [DEBUG] [org.gradle.cache.internal.DefaultFileLockManager] Waiting to acquire shared lock on daemon addresses registry.
2025-05-07T15:31:35.571+0900 [DEBUG] [org.gradle.cache.internal.DefaultFileLockManager] Lock acquired on daemon addresses registry.
2025-05-07T15:31:35.571+0900 [DEBUG] [org.gradle.cache.internal.DefaultFileLockManager] Releasing lock on daemon addresses registry.
2025-05-07T15:31:35.573+0900 [DEBUG] [org.gradle.cache.internal.DefaultFileLockManager] Waiting to acquire shared lock on daemon addresses registry.
2025-05-07T15:31:35.573+0900 [DEBUG] [org.gradle.cache.internal.DefaultFileLockManager] Lock acquired on daemon addresses registry.
2025-05-07T15:31:35.573+0900 [DEBUG] [org.gradle.cache.internal.DefaultFileLockManager] Releasing lock on daemon addresses registry.
2025-05-07T15:31:35.574+0900 [DEBUG] [org.gradle.cache.internal.DefaultFileLockManager] Waiting to acquire shared lock on daemon addresses registry.
2025-05-07T15:31:35.575+0900 [DEBUG] [org.gradle.cache.internal.DefaultFileLockManager] Lock acquired on daemon addresses registry.
2025-05-07T15:31:35.575+0900 [DEBUG] [org.gradle.cache.internal.DefaultFileLockManager] Releasing lock on daemon addresses registry.
2025-05-07T15:31:45.569+0900 [DEBUG] [org.gradle.cache.internal.DefaultFileLockManager] Waiting to acquire shared lock on daemon addresses registry.
2025-05-07T15:31:45.570+0900 [DEBUG] [org.gradle.cache.internal.DefaultFileLockManager] Lock acquired on daemon addresses registry.
2025-05-07T15:31:45.570+0900 [DEBUG] [org.gradle.cache.internal.DefaultFileLockManager] Releasing lock on daemon addresses registry.
2025-05-07T15:31:45.571+0900 [DEBUG] [org.gradle.cache.internal.DefaultFileLockManager] Waiting to acquire shared lock on daemon addresses registry.
2025-05-07T15:31:45.571+0900 [DEBUG] [org.gradle.cache.internal.DefaultFileLockManager] Lock acquired on daemon addresses registry.
2025-05-07T15:31:45.572+0900 [DEBUG] [org.gradle.cache.internal.DefaultFileLockManager] Releasing lock on daemon addresses registry.
2025-05-07T15:31:45.572+0900 [DEBUG] [org.gradle.cache.internal.DefaultFileLockManager] Waiting to acquire shared lock on daemon addresses registry.
2025-05-07T15:31:45.573+0900 [DEBUG] [org.gradle.cache.internal.DefaultFileLockManager] Lock acquired on daemon addresses registry.
2025-05-07T15:31:45.573+0900 [DEBUG] [org.gradle.cache.internal.DefaultFileLockManager] Releasing lock on daemon addresses registry.
2025-05-07T15:31:55.568+0900 [DEBUG] [org.gradle.cache.internal.DefaultFileLockManager] Waiting to acquire shared lock on daemon addresses registry.
2025-05-07T15:31:55.569+0900 [DEBUG] [org.gradle.cache.internal.DefaultFileLockManager] Lock acquired on daemon addresses registry.
2025-05-07T15:31:55.570+0900 [DEBUG] [org.gradle.cache.internal.DefaultFileLockManager] Releasing lock on daemon addresses registry.
2025-05-07T15:31:55.571+0900 [DEBUG] [org.gradle.cache.internal.DefaultFileLockManager] Waiting to acquire shared lock on daemon addresses registry.
2025-05-07T15:31:55.571+0900 [DEBUG] [org.gradle.cache.internal.DefaultFileLockManager] Lock acquired on daemon addresses registry.
2025-05-07T15:31:55.571+0900 [DEBUG] [org.gradle.cache.internal.DefaultFileLockManager] Releasing lock on daemon addresses registry.
2025-05-07T15:31:55.572+0900 [DEBUG] [org.gradle.cache.internal.DefaultFileLockManager] Waiting to acquire shared lock on daemon addresses registry.
2025-05-07T15:31:55.572+0900 [DEBUG] [org.gradle.cache.internal.DefaultFileLockManager] Lock acquired on daemon addresses registry.
2025-05-07T15:31:55.572+0900 [DEBUG] [org.gradle.cache.internal.DefaultFileLockManager] Releasing lock on daemon addresses registry.
2025-05-07T15:32:05.574+0900 [DEBUG] [org.gradle.cache.internal.DefaultFileLockManager] Waiting to acquire shared lock on daemon addresses registry.
2025-05-07T15:32:05.574+0900 [DEBUG] [org.gradle.cache.internal.DefaultFileLockManager] Lock acquired on daemon addresses registry.
2025-05-07T15:32:05.574+0900 [DEBUG] [org.gradle.cache.internal.DefaultFileLockManager] Releasing lock on daemon addresses registry.
2025-05-07T15:32:05.576+0900 [DEBUG] [org.gradle.cache.internal.DefaultFileLockManager] Waiting to acquire shared lock on daemon addresses registry.
2025-05-07T15:32:05.576+0900 [DEBUG] [org.gradle.cache.internal.DefaultFileLockManager] Lock acquired on daemon addresses registry.
2025-05-07T15:32:05.576+0900 [DEBUG] [org.gradle.cache.internal.DefaultFileLockManager] Releasing lock on daemon addresses registry.
2025-05-07T15:32:05.577+0900 [DEBUG] [org.gradle.cache.internal.DefaultFileLockManager] Waiting to acquire shared lock on daemon addresses registry.
2025-05-07T15:32:05.577+0900 [DEBUG] [org.gradle.cache.internal.DefaultFileLockManager] Lock acquired on daemon addresses registry.
2025-05-07T15:32:05.577+0900 [DEBUG] [org.gradle.cache.internal.DefaultFileLockManager] Releasing lock on daemon addresses registry.
2025-05-07T15:32:15.576+0900 [DEBUG] [org.gradle.cache.internal.DefaultFileLockManager] Waiting to acquire shared lock on daemon addresses registry.
2025-05-07T15:32:15.576+0900 [DEBUG] [org.gradle.cache.internal.DefaultFileLockManager] Lock acquired on daemon addresses registry.
2025-05-07T15:32:15.576+0900 [DEBUG] [org.gradle.cache.internal.DefaultFileLockManager] Releasing lock on daemon addresses registry.
2025-05-07T15:32:15.577+0900 [DEBUG] [org.gradle.cache.internal.DefaultFileLockManager] Waiting to acquire shared lock on daemon addresses registry.
2025-05-07T15:32:15.577+0900 [DEBUG] [org.gradle.cache.internal.DefaultFileLockManager] Lock acquired on daemon addresses registry.
2025-05-07T15:32:15.577+0900 [DEBUG] [org.gradle.cache.internal.DefaultFileLockManager] Releasing lock on daemon addresses registry.
2025-05-07T15:32:15.578+0900 [DEBUG] [org.gradle.cache.internal.DefaultFileLockManager] Waiting to acquire shared lock on daemon addresses registry.
2025-05-07T15:32:15.578+0900 [DEBUG] [org.gradle.cache.internal.DefaultFileLockManager] Lock acquired on daemon addresses registry.
2025-05-07T15:32:15.578+0900 [DEBUG] [org.gradle.cache.internal.DefaultFileLockManager] Releasing lock on daemon addresses registry.
2025-05-07T15:32:25.576+0900 [DEBUG] [org.gradle.cache.internal.DefaultFileLockManager] Waiting to acquire shared lock on daemon addresses registry.
2025-05-07T15:32:25.576+0900 [DEBUG] [org.gradle.cache.internal.DefaultFileLockManager] Lock acquired on daemon addresses registry.
2025-05-07T15:32:25.576+0900 [DEBUG] [org.gradle.cache.internal.DefaultFileLockManager] Releasing lock on daemon addresses registry.
2025-05-07T15:32:25.579+0900 [DEBUG] [org.gradle.cache.internal.DefaultFileLockManager] Waiting to acquire shared lock on daemon addresses registry.
2025-05-07T15:32:25.579+0900 [DEBUG] [org.gradle.cache.internal.DefaultFileLockManager] Lock acquired on daemon addresses registry.
2025-05-07T15:32:25.579+0900 [DEBUG] [org.gradle.cache.internal.DefaultFileLockManager] Releasing lock on daemon addresses registry.
2025-05-07T15:32:25.580+0900 [DEBUG] [org.gradle.cache.internal.DefaultFileLockManager] Waiting to acquire shared lock on daemon addresses registry.
2025-05-07T15:32:25.580+0900 [DEBUG] [org.gradle.cache.internal.DefaultFileLockManager] Lock acquired on daemon addresses registry.
2025-05-07T15:32:25.581+0900 [DEBUG] [org.gradle.cache.internal.DefaultFileLockManager] Releasing lock on daemon addresses registry.
2025-05-07T15:32:35.571+0900 [DEBUG] [org.gradle.cache.internal.DefaultFileLockManager] Waiting to acquire shared lock on daemon addresses registry.
2025-05-07T15:32:35.571+0900 [DEBUG] [org.gradle.cache.internal.DefaultFileLockManager] Lock acquired on daemon addresses registry.
2025-05-07T15:32:35.571+0900 [DEBUG] [org.gradle.cache.internal.DefaultFileLockManager] Releasing lock on daemon addresses registry.
2025-05-07T15:32:35.572+0900 [DEBUG] [org.gradle.cache.internal.DefaultFileLockManager] Waiting to acquire shared lock on daemon addresses registry.
2025-05-07T15:32:35.573+0900 [DEBUG] [org.gradle.cache.internal.DefaultFileLockManager] Lock acquired on daemon addresses registry.
2025-05-07T15:32:35.573+0900 [DEBUG] [org.gradle.cache.internal.DefaultFileLockManager] Releasing lock on daemon addresses registry.
2025-05-07T15:32:35.574+0900 [DEBUG] [org.gradle.cache.internal.DefaultFileLockManager] Waiting to acquire shared lock on daemon addresses registry.
2025-05-07T15:32:35.575+0900 [DEBUG] [org.gradle.cache.internal.DefaultFileLockManager] Lock acquired on daemon addresses registry.
2025-05-07T15:32:35.575+0900 [DEBUG] [org.gradle.cache.internal.DefaultFileLockManager] Releasing lock on daemon addresses registry.
2025-05-07T15:32:45.580+0900 [DEBUG] [org.gradle.cache.internal.DefaultFileLockManager] Waiting to acquire shared lock on daemon addresses registry.
2025-05-07T15:32:45.580+0900 [DEBUG] [org.gradle.cache.internal.DefaultFileLockManager] Lock acquired on daemon addresses registry.
2025-05-07T15:32:45.581+0900 [DEBUG] [org.gradle.cache.internal.DefaultFileLockManager] Releasing lock on daemon addresses registry.
2025-05-07T15:32:45.583+0900 [DEBUG] [org.gradle.cache.internal.DefaultFileLockManager] Waiting to acquire shared lock on daemon addresses registry.
2025-05-07T15:32:45.584+0900 [DEBUG] [org.gradle.cache.internal.DefaultFileLockManager] Lock acquired on daemon addresses registry.
2025-05-07T15:32:45.584+0900 [DEBUG] [org.gradle.cache.internal.DefaultFileLockManager] Releasing lock on daemon addresses registry.
2025-05-07T15:32:45.585+0900 [DEBUG] [org.gradle.cache.internal.DefaultFileLockManager] Waiting to acquire shared lock on daemon addresses registry.
2025-05-07T15:32:45.585+0900 [DEBUG] [org.gradle.cache.internal.DefaultFileLockManager] Lock acquired on daemon addresses registry.
2025-05-07T15:32:45.585+0900 [DEBUG] [org.gradle.cache.internal.DefaultFileLockManager] Releasing lock on daemon addresses registry.
2025-05-07T15:32:55.579+0900 [DEBUG] [org.gradle.cache.internal.DefaultFileLockManager] Waiting to acquire shared lock on daemon addresses registry.
2025-05-07T15:32:55.579+0900 [DEBUG] [org.gradle.cache.internal.DefaultFileLockManager] Lock acquired on daemon addresses registry.
2025-05-07T15:32:55.579+0900 [DEBUG] [org.gradle.cache.internal.DefaultFileLockManager] Releasing lock on daemon addresses registry.
2025-05-07T15:32:55.580+0900 [DEBUG] [org.gradle.cache.internal.DefaultFileLockManager] Waiting to acquire shared lock on daemon addresses registry.
2025-05-07T15:32:55.580+0900 [DEBUG] [org.gradle.cache.internal.DefaultFileLockManager] Lock acquired on daemon addresses registry.
2025-05-07T15:32:55.580+0900 [DEBUG] [org.gradle.cache.internal.DefaultFileLockManager] Releasing lock on daemon addresses registry.
2025-05-07T15:32:55.581+0900 [DEBUG] [org.gradle.cache.internal.DefaultFileLockManager] Waiting to acquire shared lock on daemon addresses registry.
2025-05-07T15:32:55.581+0900 [DEBUG] [org.gradle.cache.internal.DefaultFileLockManager] Lock acquired on daemon addresses registry.
2025-05-07T15:32:55.582+0900 [DEBUG] [org.gradle.cache.internal.DefaultFileLockManager] Releasing lock on daemon addresses registry.
2025-05-07T15:33:05.570+0900 [DEBUG] [org.gradle.cache.internal.DefaultFileLockManager] Waiting to acquire shared lock on daemon addresses registry.
2025-05-07T15:33:05.570+0900 [DEBUG] [org.gradle.cache.internal.DefaultFileLockManager] Lock acquired on daemon addresses registry.
2025-05-07T15:33:05.570+0900 [DEBUG] [org.gradle.cache.internal.DefaultFileLockManager] Releasing lock on daemon addresses registry.
2025-05-07T15:33:05.572+0900 [DEBUG] [org.gradle.cache.internal.DefaultFileLockManager] Waiting to acquire shared lock on daemon addresses registry.
2025-05-07T15:33:05.572+0900 [DEBUG] [org.gradle.cache.internal.DefaultFileLockManager] Lock acquired on daemon addresses registry.
2025-05-07T15:33:05.572+0900 [DEBUG] [org.gradle.cache.internal.DefaultFileLockManager] Releasing lock on daemon addresses registry.
2025-05-07T15:33:05.573+0900 [DEBUG] [org.gradle.cache.internal.DefaultFileLockManager] Waiting to acquire shared lock on daemon addresses registry.
2025-05-07T15:33:05.573+0900 [DEBUG] [org.gradle.cache.internal.DefaultFileLockManager] Lock acquired on daemon addresses registry.
2025-05-07T15:33:05.573+0900 [DEBUG] [org.gradle.cache.internal.DefaultFileLockManager] Releasing lock on daemon addresses registry.
2025-05-07T15:33:15.571+0900 [DEBUG] [org.gradle.cache.internal.DefaultFileLockManager] Waiting to acquire shared lock on daemon addresses registry.
2025-05-07T15:33:15.572+0900 [DEBUG] [org.gradle.cache.internal.DefaultFileLockManager] Lock acquired on daemon addresses registry.
2025-05-07T15:33:15.572+0900 [DEBUG] [org.gradle.cache.internal.DefaultFileLockManager] Releasing lock on daemon addresses registry.
2025-05-07T15:33:15.573+0900 [DEBUG] [org.gradle.cache.internal.DefaultFileLockManager] Waiting to acquire shared lock on daemon addresses registry.
2025-05-07T15:33:15.573+0900 [DEBUG] [org.gradle.cache.internal.DefaultFileLockManager] Lock acquired on daemon addresses registry.
2025-05-07T15:33:15.573+0900 [DEBUG] [org.gradle.cache.internal.DefaultFileLockManager] Releasing lock on daemon addresses registry.
2025-05-07T15:33:15.574+0900 [DEBUG] [org.gradle.cache.internal.DefaultFileLockManager] Waiting to acquire shared lock on daemon addresses registry.
2025-05-07T15:33:15.574+0900 [DEBUG] [org.gradle.cache.internal.DefaultFileLockManager] Lock acquired on daemon addresses registry.
2025-05-07T15:33:15.574+0900 [DEBUG] [org.gradle.cache.internal.DefaultFileLockManager] Releasing lock on daemon addresses registry.
2025-05-07T15:33:25.570+0900 [DEBUG] [org.gradle.cache.internal.DefaultFileLockManager] Waiting to acquire shared lock on daemon addresses registry.
2025-05-07T15:33:25.571+0900 [DEBUG] [org.gradle.cache.internal.DefaultFileLockManager] Lock acquired on daemon addresses registry.
2025-05-07T15:33:25.571+0900 [DEBUG] [org.gradle.cache.internal.DefaultFileLockManager] Releasing lock on daemon addresses registry.
2025-05-07T15:33:25.574+0900 [DEBUG] [org.gradle.cache.internal.DefaultFileLockManager] Waiting to acquire shared lock on daemon addresses registry.
2025-05-07T15:33:25.574+0900 [DEBUG] [org.gradle.cache.internal.DefaultFileLockManager] Lock acquired on daemon addresses registry.
2025-05-07T15:33:25.574+0900 [DEBUG] [org.gradle.cache.internal.DefaultFileLockManager] Releasing lock on daemon addresses registry.
2025-05-07T15:33:25.576+0900 [DEBUG] [org.gradle.cache.internal.DefaultFileLockManager] Waiting to acquire shared lock on daemon addresses registry.
2025-05-07T15:33:25.576+0900 [DEBUG] [org.gradle.cache.internal.DefaultFileLockManager] Lock acquired on daemon addresses registry.
2025-05-07T15:33:25.576+0900 [DEBUG] [org.gradle.cache.internal.DefaultFileLockManager] Releasing lock on daemon addresses registry.
2025-05-07T15:33:35.584+0900 [DEBUG] [org.gradle.cache.internal.DefaultFileLockManager] Waiting to acquire shared lock on daemon addresses registry.
2025-05-07T15:33:35.584+0900 [DEBUG] [org.gradle.cache.internal.DefaultFileLockManager] Lock acquired on daemon addresses registry.
2025-05-07T15:33:35.585+0900 [DEBUG] [org.gradle.cache.internal.DefaultFileLockManager] Releasing lock on daemon addresses registry.
2025-05-07T15:33:35.587+0900 [DEBUG] [org.gradle.cache.internal.DefaultFileLockManager] Waiting to acquire shared lock on daemon addresses registry.
2025-05-07T15:33:35.588+0900 [DEBUG] [org.gradle.cache.internal.DefaultFileLockManager] Lock acquired on daemon addresses registry.
2025-05-07T15:33:35.589+0900 [DEBUG] [org.gradle.cache.internal.DefaultFileLockManager] Releasing lock on daemon addresses registry.
2025-05-07T15:33:35.591+0900 [DEBUG] [org.gradle.cache.internal.DefaultFileLockManager] Waiting to acquire shared lock on daemon addresses registry.
2025-05-07T15:33:35.591+0900 [DEBUG] [org.gradle.cache.internal.DefaultFileLockManager] Lock acquired on daemon addresses registry.
2025-05-07T15:33:35.592+0900 [DEBUG] [org.gradle.cache.internal.DefaultFileLockManager] Releasing lock on daemon addresses registry.
2025-05-07T15:33:45.571+0900 [DEBUG] [org.gradle.cache.internal.DefaultFileLockManager] Waiting to acquire shared lock on daemon addresses registry.
2025-05-07T15:33:45.571+0900 [DEBUG] [org.gradle.cache.internal.DefaultFileLockManager] Lock acquired on daemon addresses registry.
2025-05-07T15:33:45.571+0900 [DEBUG] [org.gradle.cache.internal.DefaultFileLockManager] Releasing lock on daemon addresses registry.
2025-05-07T15:33:45.572+0900 [DEBUG] [org.gradle.cache.internal.DefaultFileLockManager] Waiting to acquire shared lock on daemon addresses registry.
2025-05-07T15:33:45.572+0900 [DEBUG] [org.gradle.cache.internal.DefaultFileLockManager] Lock acquired on daemon addresses registry.
2025-05-07T15:33:45.572+0900 [DEBUG] [org.gradle.cache.internal.DefaultFileLockManager] Releasing lock on daemon addresses registry.
2025-05-07T15:33:45.573+0900 [DEBUG] [org.gradle.cache.internal.DefaultFileLockManager] Waiting to acquire shared lock on daemon addresses registry.
2025-05-07T15:33:45.573+0900 [DEBUG] [org.gradle.cache.internal.DefaultFileLockManager] Lock acquired on daemon addresses registry.
2025-05-07T15:33:45.573+0900 [DEBUG] [org.gradle.cache.internal.DefaultFileLockManager] Releasing lock on daemon addresses registry.
2025-05-07T15:33:50.633+0900 [DEBUG] [org.gradle.internal.remote.internal.inet.TcpIncomingConnector] Accepted connection from /127.0.0.1:53238 to /127.0.0.1:53029.
2025-05-07T15:33:50.637+0900 [DEBUG] [org.gradle.launcher.daemon.server.SynchronizedDispatchConnection] thread 504: received class org.gradle.launcher.daemon.protocol.StopWhenIdle
2025-05-07T15:33:50.637+0900 [DEBUG] [org.gradle.launcher.daemon.server.DefaultDaemonConnection] thread 504: Received non-IO message from client: StopWhenIdle[id=4a30eaa6-304e-416d-b82c-a19b2247c984]
2025-05-07T15:33:50.638+0900 [INFO] [org.gradle.launcher.daemon.server.DefaultIncomingConnectionHandler] Received command: StopWhenIdle[id=4a30eaa6-304e-416d-b82c-a19b2247c984].
2025-05-07T15:33:50.638+0900 [DEBUG] [org.gradle.launcher.daemon.server.DefaultIncomingConnectionHandler] Starting executing command: StopWhenIdle[id=4a30eaa6-304e-416d-b82c-a19b2247c984] with connection: socket connection from /127.0.0.1:53029 to /127.0.0.1:53238.
2025-05-07T15:33:50.638+0900 [DEBUG] [org.gradle.launcher.daemon.server.DaemonRegistryUpdater] Storing daemon stop event: stop command received
2025-05-07T15:33:50.639+0900 [DEBUG] [org.gradle.internal.remote.internal.inet.TcpIncomingConnector] Accepted connection from /127.0.0.1:53239 to /127.0.0.1:53029.
2025-05-07T15:33:50.640+0900 [DEBUG] [org.gradle.launcher.daemon.registry.PersistentDaemonRegistry] Storing daemon stop event with timestamp 1746599630639
2025-05-07T15:33:50.642+0900 [DEBUG] [org.gradle.cache.internal.DefaultFileLockManager] Waiting to acquire exclusive lock on daemon addresses registry.
2025-05-07T15:33:50.643+0900 [DEBUG] [org.gradle.cache.internal.DefaultFileLockManager] The file lock for daemon addresses registry is held by a different Gradle process (pid: 21352, lockId: -6793953509345953785). Pinged owner at port 57195
2025-05-07T15:33:50.644+0900 [DEBUG] [org.gradle.launcher.daemon.server.SynchronizedDispatchConnection] thread 506: received class org.gradle.launcher.daemon.protocol.StopWhenIdle
2025-05-07T15:33:50.644+0900 [DEBUG] [org.gradle.launcher.daemon.server.DefaultDaemonConnection] thread 506: Received non-IO message from client: StopWhenIdle[id=bce344ce-cf03-4636-9008-6d26cdf91a29]
2025-05-07T15:33:50.644+0900 [INFO] [org.gradle.launcher.daemon.server.DefaultIncomingConnectionHandler] Received command: StopWhenIdle[id=bce344ce-cf03-4636-9008-6d26cdf91a29].
2025-05-07T15:33:50.644+0900 [DEBUG] [org.gradle.launcher.daemon.server.DefaultIncomingConnectionHandler] Starting executing command: StopWhenIdle[id=bce344ce-cf03-4636-9008-6d26cdf91a29] with connection: socket connection from /127.0.0.1:53029 to /127.0.0.1:53239.
2025-05-07T15:33:50.666+0900 [DEBUG] [org.gradle.cache.internal.LockOnDemandCrossProcessCacheAccess] Lock on journal cache (C:\UMC\Study4\Flo\caches\journal-1) requested by another process - releasing lock.
2025-05-07T15:33:50.666+0900 [DEBUG] [org.gradle.cache.internal.LockOnDemandCrossProcessCacheAccess] Releasing file lock for journal cache (C:\UMC\Study4\Flo\caches\journal-1)
2025-05-07T15:33:50.666+0900 [DEBUG] [org.gradle.cache.internal.btree.BTreePersistentIndexedCache] Closing cache file-access.bin (C:\UMC\Study4\Flo\caches\journal-1\file-access.bin)
2025-05-07T15:33:50.666+0900 [DEBUG] [org.gradle.cache.internal.DefaultFileLockManager] Releasing lock on journal cache (C:\UMC\Study4\Flo\caches\journal-1).
2025-05-07T15:33:50.667+0900 [DEBUG] [org.gradle.cache.internal.locklistener.FileLockCommunicator] Confirming lock release to Gradle process at port 57195 for lock with id -1825730671879795910.
2025-05-07T15:33:50.667+0900 [DEBUG] [org.gradle.cache.internal.locklistener.FileLockCommunicator] Confirming lock release to Gradle process at port 57195 for lock with id -1825730671879795910.
2025-05-07T15:33:50.669+0900 [DEBUG] [org.gradle.cache.internal.DefaultFileLockManager] Lock acquired on daemon addresses registry.
2025-05-07T15:33:50.671+0900 [DEBUG] [org.gradle.cache.internal.DefaultFileLockManager] Releasing lock on daemon addresses registry.
2025-05-07T15:33:50.672+0900 [LIFECYCLE] [org.gradle.launcher.daemon.server.DaemonStateCoordinator] Daemon will be stopped at the end of the build stop command received
2025-05-07T15:33:50.672+0900 [DEBUG] [org.gradle.launcher.daemon.server.DaemonStateCoordinator] Marking daemon stopped due to stop command received. The daemon is not running a build
2025-05-07T15:33:50.672+0900 [DEBUG] [org.gradle.launcher.daemon.server.DaemonStateCoordinator] daemon has stopped.
2025-05-07T15:33:50.672+0900 [DEBUG] [org.gradle.launcher.daemon.server.SynchronizedDispatchConnection] thread 503: dispatching Success[value=null]
2025-05-07T15:33:50.672+0900 [DEBUG] [org.gradle.launcher.daemon.server.DaemonRegistryUpdater] Storing daemon stop event: stop command received
2025-05-07T15:33:50.672+0900 [DEBUG] [org.gradle.launcher.daemon.registry.PersistentDaemonRegistry] Storing daemon stop event with timestamp 1746599630672
2025-05-07T15:33:50.672+0900 [DEBUG] [org.gradle.launcher.daemon.server.DefaultIncomingConnectionHandler] Finishing executing command: StopWhenIdle[id=4a30eaa6-304e-416d-b82c-a19b2247c984]
2025-05-07T15:33:50.673+0900 [DEBUG] [org.gradle.launcher.daemon.server.SynchronizedDispatchConnection] thread 504: received class org.gradle.launcher.daemon.protocol.Finished
2025-05-07T15:33:50.673+0900 [DEBUG] [org.gradle.launcher.daemon.server.DefaultDaemonConnection] thread 504: Received non-IO message from client: org.gradle.launcher.daemon.protocol.Finished@36a4d448
2025-05-07T15:33:50.673+0900 [DEBUG] [org.gradle.launcher.daemon.server.Daemon] stop() called on daemon
2025-05-07T15:33:50.673+0900 [DEBUG] [org.gradle.internal.remote.internal.inet.SocketConnection] Discarding EOFException: java.io.EOFException
2025-05-07T15:33:50.673+0900 [DEBUG] [org.gradle.launcher.daemon.server.SynchronizedDispatchConnection] thread 504: received null
2025-05-07T15:33:50.673+0900 [DEBUG] [org.gradle.launcher.daemon.server.DefaultDaemonConnection] thread 504: Received end-of-input from client.
2025-05-07T15:33:50.673+0900 [INFO] [org.gradle.launcher.daemon.server.Daemon] Stop requested. Daemon is removing its presence from the registry...
2025-05-07T15:33:50.673+0900 [DEBUG] [org.gradle.launcher.daemon.server.DefaultIncomingConnectionHandler] Received finished message: org.gradle.launcher.daemon.protocol.Finished@36a4d448
2025-05-07T15:33:50.673+0900 [DEBUG] [org.gradle.launcher.daemon.server.SynchronizedDispatchConnection] thread 503: stopping connection
2025-05-07T15:33:50.673+0900 [DEBUG] [org.gradle.launcher.daemon.server.DaemonRegistryUpdater] Removing our presence to clients, eg. removing this address from the registry: [28db65f2-bcd2-46f9-a3a0-eb532c73b491 port:53029, addresses:[localhost/127.0.0.1]]
2025-05-07T15:33:50.674+0900 [DEBUG] [org.gradle.launcher.daemon.server.SynchronizedDispatchConnection] thread 503: stopping connection
2025-05-07T15:33:50.678+0900 [DEBUG] [org.gradle.cache.internal.DefaultFileLockManager] Waiting to acquire exclusive lock on daemon addresses registry.
2025-05-07T15:33:50.678+0900 [DEBUG] [org.gradle.cache.internal.DefaultFileLockManager] Lock acquired on daemon addresses registry.
2025-05-07T15:33:50.680+0900 [DEBUG] [org.gradle.cache.internal.DefaultFileLockManager] Releasing lock on daemon addresses registry.
2025-05-07T15:33:50.680+0900 [DEBUG] [org.gradle.launcher.daemon.server.SynchronizedDispatchConnection] thread 505: dispatching Success[value=null]
2025-05-07T15:33:50.680+0900 [DEBUG] [org.gradle.launcher.daemon.registry.PersistentDaemonRegistry] Removing daemon address: [28db65f2-bcd2-46f9-a3a0-eb532c73b491 port:53029, addresses:[localhost/127.0.0.1]]
2025-05-07T15:33:50.681+0900 [DEBUG] [org.gradle.launcher.daemon.server.DefaultIncomingConnectionHandler] Finishing executing command: StopWhenIdle[id=bce344ce-cf03-4636-9008-6d26cdf91a29]
2025-05-07T15:33:50.681+0900 [DEBUG] [org.gradle.launcher.daemon.server.SynchronizedDispatchConnection] thread 506: received class org.gradle.launcher.daemon.protocol.Finished
2025-05-07T15:33:50.681+0900 [DEBUG] [org.gradle.launcher.daemon.server.DefaultDaemonConnection] thread 506: Received non-IO message from client: org.gradle.launcher.daemon.protocol.Finished@31260280
2025-05-07T15:33:50.681+0900 [DEBUG] [org.gradle.launcher.daemon.server.DefaultIncomingConnectionHandler] Received finished message: org.gradle.launcher.daemon.protocol.Finished@31260280
2025-05-07T15:33:50.681+0900 [DEBUG] [org.gradle.launcher.daemon.server.SynchronizedDispatchConnection] thread 505: stopping connection
2025-05-07T15:33:50.681+0900 [DEBUG] [org.gradle.internal.remote.internal.inet.SocketConnection] Discarding EOFException: java.io.EOFException
2025-05-07T15:33:50.681+0900 [DEBUG] [org.gradle.launcher.daemon.server.SynchronizedDispatchConnection] thread 506: received null
2025-05-07T15:33:50.681+0900 [DEBUG] [org.gradle.launcher.daemon.server.DefaultDaemonConnection] thread 506: Received end-of-input from client.
2025-05-07T15:33:50.682+0900 [DEBUG] [org.gradle.launcher.daemon.server.SynchronizedDispatchConnection] thread 505: stopping connection
2025-05-07T15:33:50.683+0900 [DEBUG] [org.gradle.cache.internal.DefaultFileLockManager] Waiting to acquire exclusive lock on daemon addresses registry.
2025-05-07T15:33:50.683+0900 [DEBUG] [org.gradle.cache.internal.DefaultFileLockManager] Lock acquired on daemon addresses registry.
2025-05-07T15:33:50.686+0900 [DEBUG] [org.gradle.cache.internal.DefaultFileLockManager] Releasing lock on daemon addresses registry.
2025-05-07T15:33:50.686+0900 [DEBUG] [org.gradle.launcher.daemon.server.DaemonRegistryUpdater] Address removed from registry.
2025-05-07T15:33:50.693+0900 [DEBUG] [org.gradle.cache.internal.LockOnDemandCrossProcessCacheAccess] Releasing file lock for jars (C:\UMC\Study4\Flo\caches\jars-9)
2025-05-07T15:33:50.693+0900 [DEBUG] [org.gradle.cache.internal.DefaultFileLockManager] Releasing lock on jars (C:\UMC\Study4\Flo\caches\jars-9).
2025-05-07T15:33:50.694+0900 [DEBUG] [org.gradle.cache.internal.DefaultCacheCleanupExecutor] jars (C:\UMC\Study4\Flo\caches\jars-9) has last been fully cleaned up 0 hours ago
2025-05-07T15:33:50.694+0900 [DEBUG] [org.gradle.cache.internal.DefaultCacheCleanupExecutor] Skipping cleanup for jars (C:\UMC\Study4\Flo\caches\jars-9) as it is not yet due
2025-05-07T15:33:50.694+0900 [DEBUG] [org.gradle.cache.internal.LockOnDemandCrossProcessCacheAccess] Releasing file lock for file content cache (C:\UMC\Study4\Flo\caches\8.11.1\fileContent)
2025-05-07T15:33:50.694+0900 [DEBUG] [org.gradle.cache.internal.btree.BTreePersistentIndexedCache] Closing cache annotation-processors.bin (C:\UMC\Study4\Flo\caches\8.11.1\fileContent\annotation-processors.bin)
2025-05-07T15:33:50.695+0900 [DEBUG] [org.gradle.cache.internal.DefaultFileLockManager] Releasing lock on file content cache (C:\UMC\Study4\Flo\caches\8.11.1\fileContent).
2025-05-07T15:33:50.695+0900 [DEBUG] [org.gradle.internal.watch.vfs.impl.WatchingVirtualFileSystem] Closing VFS, dropping state
2025-05-07T15:33:50.696+0900 [DEBUG] [org.gradle.cache.internal.LockOnDemandCrossProcessCacheAccess] Releasing file lock for Generated Gradle JARs cache (C:\UMC\Study4\Flo\caches\8.11.1\generated-gradle-jars)
2025-05-07T15:33:50.696+0900 [DEBUG] [org.gradle.internal.watch.registry.impl.DefaultFileWatcherRegistry] Finished listening to file system change events
2025-05-07T15:33:50.696+0900 [DEBUG] [org.gradle.cache.internal.DefaultFileLockManager] Releasing lock on Generated Gradle JARs cache (C:\UMC\Study4\Flo\caches\8.11.1\generated-gradle-jars).
2025-05-07T15:33:50.697+0900 [DEBUG] [org.gradle.cache.internal.LockOnDemandCrossProcessCacheAccess] Releasing file lock for artifact cache (C:\UMC\Study4\Flo\caches\modules-2)
2025-05-07T15:33:50.697+0900 [DEBUG] [org.gradle.cache.internal.btree.BTreePersistentIndexedCache] Closing cache module-artifact.bin (C:\UMC\Study4\Flo\caches\modules-2\metadata-2.107\module-artifact.bin)
2025-05-07T15:33:50.697+0900 [DEBUG] [org.gradle.cache.internal.btree.BTreePersistentIndexedCache] Closing cache module-metadata.bin (C:\UMC\Study4\Flo\caches\modules-2\metadata-2.107\module-metadata.bin)
2025-05-07T15:33:50.697+0900 [DEBUG] [org.gradle.cache.internal.btree.BTreePersistentIndexedCache] Closing cache resource-at-url.bin (C:\UMC\Study4\Flo\caches\modules-2\metadata-2.107\resource-at-url.bin)
2025-05-07T15:33:50.697+0900 [DEBUG] [org.gradle.cache.internal.btree.BTreePersistentIndexedCache] Closing cache module-artifacts.bin (C:\UMC\Study4\Flo\caches\modules-2\metadata-2.107\module-artifacts.bin)
2025-05-07T15:33:50.698+0900 [DEBUG] [org.gradle.cache.internal.DefaultFileLockManager] Releasing lock on artifact cache (C:\UMC\Study4\Flo\caches\modules-2).
2025-05-07T15:33:50.698+0900 [DEBUG] [org.gradle.cache.internal.DefaultCacheCleanupExecutor] artifact cache (C:\UMC\Study4\Flo\caches\modules-2) has last been fully cleaned up 64 hours ago
2025-05-07T15:33:50.698+0900 [DEBUG] [org.gradle.internal.operations.DefaultBuildOperationRunner] Build operation 'Clean up artifact cache (C:\UMC\Study4\Flo\caches\modules-2)' started
2025-05-07T15:33:50.699+0900 [INFO] [org.gradle.cache.internal.AbstractCacheCleanup] artifact cache (C:\UMC\Study4\Flo\caches\modules-2) cleanup deleted 0 files/directories.
2025-05-07T15:33:50.700+0900 [INFO] [org.gradle.cache.internal.AbstractCacheCleanup] artifact cache (C:\UMC\Study4\Flo\caches\modules-2) [subdir: C:\UMC\Study4\Flo\caches\modules-2\resources-2.1] cleanup deleted 0 files/directories.
2025-05-07T15:33:50.701+0900 [INFO] [org.gradle.cache.internal.LeastRecentlyUsedCacheCleanup] artifact cache (C:\UMC\Study4\Flo\caches\modules-2) [subdir: C:\UMC\Study4\Flo\caches\modules-2\resources-2.1] removing files not accessed on or after Mon Apr 07 15:33:50 GMT+09:00 2025.
2025-05-07T15:33:50.701+0900 [INFO] [org.gradle.cache.internal.AbstractCacheCleanup] artifact cache (C:\UMC\Study4\Flo\caches\modules-2) [subdir: C:\UMC\Study4\Flo\caches\modules-2\resources-2.1] cleanup deleted 0 files/directories.
2025-05-07T15:33:50.701+0900 [INFO] [org.gradle.cache.internal.AbstractCacheCleanup] artifact cache (C:\UMC\Study4\Flo\caches\modules-2) [subdir: C:\UMC\Study4\Flo\caches\modules-2\files-2.1] cleanup deleted 0 files/directories.
2025-05-07T15:33:50.701+0900 [INFO] [org.gradle.cache.internal.LeastRecentlyUsedCacheCleanup] artifact cache (C:\UMC\Study4\Flo\caches\modules-2) [subdir: C:\UMC\Study4\Flo\caches\modules-2\files-2.1] removing files not accessed on or after Mon Apr 07 15:33:50 GMT+09:00 2025.
2025-05-07T15:33:50.703+0900 [DEBUG] [org.gradle.cache.internal.LockOnDemandCrossProcessCacheAccess] Acquiring file lock for journal cache (C:\UMC\Study4\Flo\caches\journal-1)
2025-05-07T15:33:50.704+0900 [DEBUG] [org.gradle.cache.internal.DefaultFileLockManager] Waiting to acquire exclusive lock on journal cache (C:\UMC\Study4\Flo\caches\journal-1).
2025-05-07T15:33:50.705+0900 [DEBUG] [org.gradle.cache.internal.DefaultFileLockManager] The file lock for journal cache (C:\UMC\Study4\Flo\caches\journal-1) is held by a different Gradle process (pid: 21352, lockId: -7656752994010822670). Pinged owner at port 57195
2025-05-07T15:33:50.705+0900 [DEBUG] [org.gradle.cache.internal.locklistener.DefaultFileLockContentionHandler] Gradle process at port 57195 confirmed unlock request for lock with id -7656752994010822670.
2025-05-07T15:33:50.705+0900 [DEBUG] [org.gradle.cache.internal.locklistener.DefaultFileLockContentionHandler] Gradle process at port 57195 confirmed unlock request for lock with id -7656752994010822670.
2025-05-07T15:33:50.918+0900 [DEBUG] [org.gradle.cache.internal.locklistener.DefaultFileLockContentionHandler] Gradle process at port 57195 confirmed lock release for lock with id -7656752994010822670.
2025-05-07T15:33:50.918+0900 [DEBUG] [org.gradle.cache.internal.locklistener.DefaultFileLockContentionHandler] Triggering lock release signal for lock with id -7656752994010822670.
2025-05-07T15:33:50.918+0900 [DEBUG] [org.gradle.cache.internal.locklistener.DefaultFileLockContentionHandler] Gradle process at port 57195 confirmed lock release for lock with id -7656752994010822670.
2025-05-07T15:33:50.918+0900 [DEBUG] [org.gradle.cache.internal.locklistener.DefaultFileLockContentionHandler] Triggering lock release signal for lock with id -7656752994010822670.
2025-05-07T15:33:50.918+0900 [DEBUG] [org.gradle.cache.internal.DefaultFileLockManager] Lock acquired on journal cache (C:\UMC\Study4\Flo\caches\journal-1).
2025-05-07T15:33:50.918+0900 [INFO] [org.gradle.cache.internal.InMemoryDecoratedCache] Invalidating in-memory cache of C:\UMC\Study4\Flo\caches\journal-1\file-access.bin
2025-05-07T15:33:50.921+0900 [DEBUG] [org.gradle.cache.internal.btree.BTreePersistentIndexedCache] Opening cache file-access.bin (C:\UMC\Study4\Flo\caches\journal-1\file-access.bin)
2025-05-07T15:33:51.144+0900 [INFO] [org.gradle.cache.internal.AbstractCacheCleanup] artifact cache (C:\UMC\Study4\Flo\caches\modules-2) [subdir: C:\UMC\Study4\Flo\caches\modules-2\files-2.1] cleanup deleted 0 files/directories.
2025-05-07T15:33:51.145+0900 [INFO] [org.gradle.cache.internal.AbstractCacheCleanup] artifact cache (C:\UMC\Study4\Flo\caches\modules-2) [subdir: C:\UMC\Study4\Flo\caches\modules-2\metadata-2.107] cleanup deleted 0 files/directories.
2025-05-07T15:33:51.145+0900 [INFO] [org.gradle.cache.internal.AbstractCacheCleanup] artifact cache (C:\UMC\Study4\Flo\caches\modules-2) cleanup deleted 0 files/directories.
2025-05-07T15:33:51.145+0900 [DEBUG] [org.gradle.internal.operations.DefaultBuildOperationRunner] Completing Build operation 'Clean up artifact cache (C:\UMC\Study4\Flo\caches\modules-2)'
2025-05-07T15:33:51.145+0900 [DEBUG] [org.gradle.internal.operations.DefaultBuildOperationRunner] Build operation 'Clean up artifact cache (C:\UMC\Study4\Flo\caches\modules-2)' completed
2025-05-07T15:33:51.146+0900 [INFO] [org.gradle.cache.internal.DefaultCacheCleanupExecutor] artifact cache (C:\UMC\Study4\Flo\caches\modules-2) cleaned up in 0.447 secs.
2025-05-07T15:33:51.146+0900 [DEBUG] [org.gradle.cache.internal.DefaultCacheCleanupExecutor] groovy-dsl (C:\UMC\Study4\Flo\caches\8.11.1\groovy-dsl) has last been fully cleaned up 0 hours ago
2025-05-07T15:33:51.146+0900 [DEBUG] [org.gradle.cache.internal.DefaultCacheCleanupExecutor] Skipping cleanup for groovy-dsl (C:\UMC\Study4\Flo\caches\8.11.1\groovy-dsl) as it is not yet due
2025-05-07T15:33:51.146+0900 [DEBUG] [org.gradle.cache.internal.DefaultCacheCoordinator] Cache groovy-dsl (C:\UMC\Study4\Flo\caches\8.11.1\groovy-dsl) was closed 0 times.
2025-05-07T15:33:51.146+0900 [DEBUG] [org.gradle.cache.internal.DefaultCacheCleanupExecutor] Artifact transforms cache (C:\UMC\Study4\Flo\caches\8.11.1\transforms) has last been fully cleaned up 0 hours ago
2025-05-07T15:33:51.146+0900 [DEBUG] [org.gradle.cache.internal.DefaultCacheCleanupExecutor] Skipping cleanup for Artifact transforms cache (C:\UMC\Study4\Flo\caches\8.11.1\transforms) as it is not yet due
2025-05-07T15:33:51.146+0900 [DEBUG] [org.gradle.cache.internal.DefaultCacheCoordinator] Cache Artifact transforms cache (C:\UMC\Study4\Flo\caches\8.11.1\transforms) was closed 0 times.
2025-05-07T15:33:51.146+0900 [DEBUG] [org.gradle.cache.internal.DefaultCacheCleanupExecutor] kotlin-dsl (C:\UMC\Study4\Flo\caches\8.11.1\kotlin-dsl) has last been fully cleaned up 0 hours ago
2025-05-07T15:33:51.146+0900 [DEBUG] [org.gradle.cache.internal.DefaultCacheCleanupExecutor] Skipping cleanup for kotlin-dsl (C:\UMC\Study4\Flo\caches\8.11.1\kotlin-dsl) as it is not yet due
2025-05-07T15:33:51.146+0900 [DEBUG] [org.gradle.cache.internal.DefaultCacheCoordinator] Cache kotlin-dsl (C:\UMC\Study4\Flo\caches\8.11.1\kotlin-dsl) was closed 0 times.
2025-05-07T15:33:51.147+0900 [DEBUG] [org.gradle.cache.internal.LockOnDemandCrossProcessCacheAccess] Releasing file lock for journal cache (C:\UMC\Study4\Flo\caches\journal-1)
2025-05-07T15:33:51.147+0900 [DEBUG] [org.gradle.cache.internal.btree.BTreePersistentIndexedCache] Closing cache file-access.bin (C:\UMC\Study4\Flo\caches\journal-1\file-access.bin)
2025-05-07T15:33:51.147+0900 [DEBUG] [org.gradle.cache.internal.DefaultFileLockManager] Releasing lock on journal cache (C:\UMC\Study4\Flo\caches\journal-1).
2025-05-07T15:33:51.147+0900 [DEBUG] [org.gradle.cache.internal.DefaultCacheCoordinator] Cache journal cache (C:\UMC\Study4\Flo\caches\journal-1) was closed 2 times.
2025-05-07T15:33:51.147+0900 [DEBUG] [org.gradle.cache.internal.LockOnDemandCrossProcessCacheAccess] Releasing file lock for file hash cache (C:\UMC\Study4\Flo\caches\8.11.1\fileHashes)
2025-05-07T15:33:51.147+0900 [DEBUG] [org.gradle.cache.internal.btree.BTreePersistentIndexedCache] Closing cache fileHashes.bin (C:\UMC\Study4\Flo\caches\8.11.1\fileHashes\fileHashes.bin)
2025-05-07T15:33:51.147+0900 [DEBUG] [org.gradle.cache.internal.btree.BTreePersistentIndexedCache] Closing cache resourceHashesCache.bin (C:\UMC\Study4\Flo\caches\8.11.1\fileHashes\resourceHashesCache.bin)
2025-05-07T15:33:51.148+0900 [DEBUG] [org.gradle.cache.internal.DefaultFileLockManager] Releasing lock on file hash cache (C:\UMC\Study4\Flo\caches\8.11.1\fileHashes).
2025-05-07T15:33:51.148+0900 [DEBUG] [org.gradle.cache.internal.LockOnDemandCrossProcessCacheAccess] Releasing file lock for Java compile cache (C:\UMC\Study4\Flo\caches\8.11.1\javaCompile)
2025-05-07T15:33:51.148+0900 [DEBUG] [org.gradle.cache.internal.btree.BTreePersistentIndexedCache] Closing cache jarAnalysis.bin (C:\UMC\Study4\Flo\caches\8.11.1\javaCompile\jarAnalysis.bin)
2025-05-07T15:33:51.149+0900 [DEBUG] [org.gradle.cache.internal.btree.BTreePersistentIndexedCache] Closing cache classAnalysis.bin (C:\UMC\Study4\Flo\caches\8.11.1\javaCompile\classAnalysis.bin)
2025-05-07T15:33:51.149+0900 [DEBUG] [org.gradle.cache.internal.DefaultFileLockManager] Releasing lock on Java compile cache (C:\UMC\Study4\Flo\caches\8.11.1\javaCompile).
2025-05-07T15:33:51.150+0900 [DEBUG] [org.gradle.internal.operations.DefaultBuildOperationRunner] Build operation 'Deleting unused version-specific caches in C:\UMC\Study4\Flo\caches' started
2025-05-07T15:33:51.150+0900 [DEBUG] [org.gradle.internal.operations.DefaultBuildOperationRunner] Completing Build operation 'Deleting unused version-specific caches in C:\UMC\Study4\Flo\caches'
2025-05-07T15:33:51.150+0900 [DEBUG] [org.gradle.internal.operations.DefaultBuildOperationRunner] Build operation 'Deleting unused version-specific caches in C:\UMC\Study4\Flo\caches' completed
2025-05-07T15:33:51.151+0900 [DEBUG] [org.gradle.launcher.daemon.server.Daemon] stop() called on daemon
2025-05-07T15:33:51.151+0900 [INFO] [org.gradle.launcher.daemon.server.Daemon] Stop requested. Daemon is removing its presence from the registry...
2025-05-07T15:33:51.151+0900 [DEBUG] [org.gradle.launcher.daemon.server.DaemonRegistryUpdater] Removing our presence to clients, eg. removing this address from the registry: [28db65f2-bcd2-46f9-a3a0-eb532c73b491 port:53029, addresses:[localhost/127.0.0.1]]
2025-05-07T15:33:51.151+0900 [DEBUG] [org.gradle.launcher.daemon.registry.PersistentDaemonRegistry] Removing daemon address: [28db65f2-bcd2-46f9-a3a0-eb532c73b491 port:53029, addresses:[localhost/127.0.0.1]]
2025-05-07T15:33:51.152+0900 [DEBUG] [org.gradle.cache.internal.DefaultFileLockManager] Waiting to acquire exclusive lock on daemon addresses registry.
2025-05-07T15:33:51.152+0900 [DEBUG] [org.gradle.cache.internal.DefaultFileLockManager] Lock acquired on daemon addresses registry.
2025-05-07T15:33:51.153+0900 [DEBUG] [org.gradle.cache.internal.DefaultFileLockManager] Releasing lock on daemon addresses registry.
2025-05-07T15:33:51.153+0900 [DEBUG] [org.gradle.launcher.daemon.server.DaemonRegistryUpdater] Address removed from registry.
2025-05-07T15:33:51.154+0900 [DEBUG] [org.gradle.cache.internal.locklistener.DefaultFileLockContentionHandler] File lock listener thread completed.
2025-05-07T15:33:51.155+0900 [DEBUG] [java.lang.Runtime] Runtime.exit() called with status: 0
java.lang.Throwable: Runtime.exit(0)
	at java.base/java.lang.Shutdown.logRuntimeExit(Shutdown.java:179)
	at java.base/java.lang.Shutdown.exit(Shutdown.java:160)
	at java.base/java.lang.Runtime.exit(Runtime.java:177)
	at java.base/java.lang.System.exit(System.java:1518)
	at org.gradle.launcher.bootstrap.ProcessCompleter.complete(ProcessCompleter.java:21)
	at org.gradle.launcher.bootstrap.EntryPoint.run(EntryPoint.java:61)
	at java.base/jdk.internal.reflect.DirectMethodHandleAccessor.invoke(DirectMethodHandleAccessor.java:104)
	at java.base/java.lang.reflect.Method.invoke(Method.java:565)
	at org.gradle.launcher.bootstrap.ProcessBootstrap.runNoExit(ProcessBootstrap.java:72)
	at org.gradle.launcher.bootstrap.ProcessBootstrap.run(ProcessBootstrap.java:39)
	at org.gradle.launcher.daemon.bootstrap.GradleDaemon.main(GradleDaemon.java:22)
2025-05-07T15:33:51.156+0900 [DEBUG] [org.gradle.launcher.daemon.registry.PersistentDaemonRegistry] Removing daemon address: [28db65f2-bcd2-46f9-a3a0-eb532c73b491 port:53029, addresses:[localhost/127.0.0.1]]
Daemon vm is shutting down... The daemon has exited normally or was terminated in response to a user interrupt.
2025-05-07T15:33:51.156+0900 [DEBUG] [org.gradle.launcher.daemon.server.Daemon] VM shutdown hook was unable to remove the daemon address from the registry. It will be cleaned up later.
java.lang.IllegalStateException: Cannot start managing file contention because this handler has been closed.
	at org.gradle.cache.internal.locklistener.DefaultFileLockContentionHandler.assertNotStopped(DefaultFileLockContentionHandler.java:217)
	at org.gradle.cache.internal.locklistener.DefaultFileLockContentionHandler.getCommunicator(DefaultFileLockContentionHandler.java:260)
	at org.gradle.cache.internal.locklistener.DefaultFileLockContentionHandler.reservePort(DefaultFileLockContentionHandler.java:254)
	at org.gradle.cache.internal.DefaultFileLockManager.lock(DefaultFileLockManager.java:124)
	at org.gradle.cache.internal.DefaultFileLockManager.lock(DefaultFileLockManager.java:106)
	at org.gradle.cache.internal.DefaultFileLockManager.lock(DefaultFileLockManager.java:101)
	at org.gradle.cache.internal.OnDemandFileAccess.updateFile(OnDemandFileAccess.java:51)
	at org.gradle.cache.internal.FileBackedObjectHolder.update(FileBackedObjectHolder.java:77)
	at org.gradle.cache.internal.FileIntegrityViolationSuppressingObjectHolderDecorator.lambda$update$0(FileIntegrityViolationSuppressingObjectHolderDecorator.java:48)
	at org.gradle.cache.internal.FileIntegrityViolationSuppressingObjectHolderDecorator.doUpdate(FileIntegrityViolationSuppressingObjectHolderDecorator.java:58)
	at org.gradle.cache.internal.FileIntegrityViolationSuppressingObjectHolderDecorator.update(FileIntegrityViolationSuppressingObjectHolderDecorator.java:48)
	at org.gradle.launcher.daemon.registry.PersistentDaemonRegistry.remove(PersistentDaemonRegistry.java:133)
	at org.gradle.launcher.daemon.server.Daemon$1.run(Daemon.java:133)
	at java.base/java.lang.Thread.run(Thread.java:1447)
