2025-05-09T14:26:33.000+0900 [DEBUG] [org.gradle.launcher.daemon.bootstrap.DaemonMain] Assuming the daemon was started with following jvm opts: [-Xmx2048m, -Dfile.encoding=UTF-8, -Duser.country=KR, -Duser.language=ko, -Duser.variant]
2025-05-09T14:26:33.371+0900 [DEBUG] [org.gradle.internal.nativeintegration.services.NativeServices] Native-platform posix files integration is not available. Continuing with fallback.
2025-05-09T14:26:33.448+0900 [INFO] [org.gradle.launcher.daemon.server.Daemon] start() called on daemon - DefaultDaemonContext[uid=6734d494-1f35-4df7-8c82-347da8628f94,javaHome=C:\Users\dawon\.jdks\openjdk-24,javaVersion=24,javaVendor=Oracle Corporation,daemonRegistryDir=C:\UMC\Study4\Flo\daemon,pid=13224,idleTimeout=10800000,priority=NORMAL,applyInstrumentationAgent=true,nativeServicesMode=ENABLED,daemonOpts=-Xmx2048m,-Dfile.encoding=UTF-8,-Duser.country=KR,-Duser.language=ko,-Duser.variant]
2025-05-09T14:26:33.632+0900 [DEBUG] [org.gradle.internal.remote.internal.inet.InetAddresses] Adding IP addresses for network interface WAN Miniport (IP)-WFP Native MAC Layer LightWeight Filter-0000
2025-05-09T14:26:33.632+0900 [DEBUG] [org.gradle.internal.remote.internal.inet.InetAddresses] Is this a loopback interface? false
2025-05-09T14:26:33.633+0900 [DEBUG] [org.gradle.internal.remote.internal.inet.InetAddresses] Adding IP addresses for network interface WAN Miniport (IP)-QoS Packet Scheduler-0000
2025-05-09T14:26:33.633+0900 [DEBUG] [org.gradle.internal.remote.internal.inet.InetAddresses] Is this a loopback interface? false
2025-05-09T14:26:33.634+0900 [DEBUG] [org.gradle.internal.remote.internal.inet.InetAddresses] Adding IP addresses for network interface WAN Miniport (IPv6)-WFP Native MAC Layer LightWeight Filter-0000
2025-05-09T14:26:33.634+0900 [DEBUG] [org.gradle.internal.remote.internal.inet.InetAddresses] Is this a loopback interface? false
2025-05-09T14:26:33.634+0900 [DEBUG] [org.gradle.internal.remote.internal.inet.InetAddresses] Adding IP addresses for network interface WAN Miniport (IPv6)-QoS Packet Scheduler-0000
2025-05-09T14:26:33.635+0900 [DEBUG] [org.gradle.internal.remote.internal.inet.InetAddresses] Is this a loopback interface? false
2025-05-09T14:26:33.635+0900 [DEBUG] [org.gradle.internal.remote.internal.inet.InetAddresses] Adding IP addresses for network interface WAN Miniport (Network Monitor)-WFP Native MAC Layer LightWeight Filter-0000
2025-05-09T14:26:33.636+0900 [DEBUG] [org.gradle.internal.remote.internal.inet.InetAddresses] Is this a loopback interface? false
2025-05-09T14:26:33.636+0900 [DEBUG] [org.gradle.internal.remote.internal.inet.InetAddresses] Adding IP addresses for network interface WAN Miniport (Network Monitor)-QoS Packet Scheduler-0000
2025-05-09T14:26:33.637+0900 [DEBUG] [org.gradle.internal.remote.internal.inet.InetAddresses] Is this a loopback interface? false
2025-05-09T14:26:33.637+0900 [DEBUG] [org.gradle.internal.remote.internal.inet.InetAddresses] Adding IP addresses for network interface Microsoft Kernel Debug Network Adapter
2025-05-09T14:26:33.637+0900 [DEBUG] [org.gradle.internal.remote.internal.inet.InetAddresses] Is this a loopback interface? false
2025-05-09T14:26:33.638+0900 [DEBUG] [org.gradle.internal.remote.internal.inet.InetAddresses] Adding IP addresses for network interface Realtek USB GbE Family Controller
2025-05-09T14:26:33.638+0900 [DEBUG] [org.gradle.internal.remote.internal.inet.InetAddresses] Is this a loopback interface? false
2025-05-09T14:26:33.638+0900 [DEBUG] [org.gradle.internal.remote.internal.inet.InetAddresses] Adding IP addresses for network interface Bluetooth Device (Personal Area Network)
2025-05-09T14:26:33.639+0900 [DEBUG] [org.gradle.internal.remote.internal.inet.InetAddresses] Is this a loopback interface? false
2025-05-09T14:26:33.639+0900 [DEBUG] [org.gradle.internal.remote.internal.inet.InetAddresses] Adding remote address /fe80:0:0:0:8f31:1d58:a759:54fb%ethernet_32770
2025-05-09T14:26:33.639+0900 [DEBUG] [org.gradle.internal.remote.internal.inet.InetAddresses] Adding IP addresses for network interface WAN Miniport (IP)
2025-05-09T14:26:33.640+0900 [DEBUG] [org.gradle.internal.remote.internal.inet.InetAddresses] Is this a loopback interface? false
2025-05-09T14:26:33.640+0900 [DEBUG] [org.gradle.internal.remote.internal.inet.InetAddresses] Adding IP addresses for network interface WAN Miniport (IPv6)
2025-05-09T14:26:33.641+0900 [DEBUG] [org.gradle.internal.remote.internal.inet.InetAddresses] Is this a loopback interface? false
2025-05-09T14:26:33.641+0900 [DEBUG] [org.gradle.internal.remote.internal.inet.InetAddresses] Adding IP addresses for network interface WAN Miniport (Network Monitor)
2025-05-09T14:26:33.641+0900 [DEBUG] [org.gradle.internal.remote.internal.inet.InetAddresses] Is this a loopback interface? false
2025-05-09T14:26:33.642+0900 [DEBUG] [org.gradle.internal.remote.internal.inet.InetAddresses] Adding IP addresses for network interface WAN Miniport (PPPOE)
2025-05-09T14:26:33.642+0900 [DEBUG] [org.gradle.internal.remote.internal.inet.InetAddresses] Is this a loopback interface? false
2025-05-09T14:26:33.642+0900 [DEBUG] [org.gradle.internal.remote.internal.inet.InetAddresses] Adding IP addresses for network interface Software Loopback Interface 1
2025-05-09T14:26:33.643+0900 [DEBUG] [org.gradle.internal.remote.internal.inet.InetAddresses] Is this a loopback interface? true
2025-05-09T14:26:33.643+0900 [DEBUG] [org.gradle.internal.remote.internal.inet.InetAddresses] Adding loopback address /0:0:0:0:0:0:0:1
2025-05-09T14:26:33.644+0900 [DEBUG] [org.gradle.internal.remote.internal.inet.InetAddresses] Adding loopback address /127.0.0.1
2025-05-09T14:26:33.645+0900 [DEBUG] [org.gradle.internal.remote.internal.inet.InetAddresses] Adding IP addresses for network interface Realtek RTL8852BE WiFi 6 802.11ax PCIe Adapter-WFP Native MAC Layer LightWeight Filter-0000
2025-05-09T14:26:33.645+0900 [DEBUG] [org.gradle.internal.remote.internal.inet.InetAddresses] Is this a loopback interface? false
2025-05-09T14:26:33.645+0900 [DEBUG] [org.gradle.internal.remote.internal.inet.InetAddresses] Adding IP addresses for network interface Realtek RTL8852BE WiFi 6 802.11ax PCIe Adapter-Virtual WiFi Filter Driver-0000
2025-05-09T14:26:33.646+0900 [DEBUG] [org.gradle.internal.remote.internal.inet.InetAddresses] Is this a loopback interface? false
2025-05-09T14:26:33.646+0900 [DEBUG] [org.gradle.internal.remote.internal.inet.InetAddresses] Adding IP addresses for network interface Realtek RTL8852BE WiFi 6 802.11ax PCIe Adapter-Native WiFi Filter Driver-0000
2025-05-09T14:26:33.647+0900 [DEBUG] [org.gradle.internal.remote.internal.inet.InetAddresses] Is this a loopback interface? false
2025-05-09T14:26:33.647+0900 [DEBUG] [org.gradle.internal.remote.internal.inet.InetAddresses] Adding IP addresses for network interface Realtek RTL8852BE WiFi 6 802.11ax PCIe Adapter-QoS Packet Scheduler-0000
2025-05-09T14:26:33.648+0900 [DEBUG] [org.gradle.internal.remote.internal.inet.InetAddresses] Is this a loopback interface? false
2025-05-09T14:26:33.648+0900 [DEBUG] [org.gradle.internal.remote.internal.inet.InetAddresses] Adding IP addresses for network interface Realtek RTL8852BE WiFi 6 802.11ax PCIe Adapter-WFP 802.3 MAC Layer LightWeight Filter-0000
2025-05-09T14:26:33.648+0900 [DEBUG] [org.gradle.internal.remote.internal.inet.InetAddresses] Is this a loopback interface? false
2025-05-09T14:26:33.649+0900 [DEBUG] [org.gradle.internal.remote.internal.inet.InetAddresses] Adding IP addresses for network interface Microsoft Wi-Fi Direct Virtual Adapter-WFP Native MAC Layer LightWeight Filter-0000
2025-05-09T14:26:33.649+0900 [DEBUG] [org.gradle.internal.remote.internal.inet.InetAddresses] Is this a loopback interface? false
2025-05-09T14:26:33.649+0900 [DEBUG] [org.gradle.internal.remote.internal.inet.InetAddresses] Adding IP addresses for network interface Microsoft Wi-Fi Direct Virtual Adapter-Native WiFi Filter Driver-0000
2025-05-09T14:26:33.650+0900 [DEBUG] [org.gradle.internal.remote.internal.inet.InetAddresses] Is this a loopback interface? false
2025-05-09T14:26:33.650+0900 [DEBUG] [org.gradle.internal.remote.internal.inet.InetAddresses] Adding IP addresses for network interface Microsoft Wi-Fi Direct Virtual Adapter-QoS Packet Scheduler-0000
2025-05-09T14:26:33.651+0900 [DEBUG] [org.gradle.internal.remote.internal.inet.InetAddresses] Is this a loopback interface? false
2025-05-09T14:26:33.652+0900 [DEBUG] [org.gradle.internal.remote.internal.inet.InetAddresses] Adding IP addresses for network interface Microsoft Wi-Fi Direct Virtual Adapter-WFP 802.3 MAC Layer LightWeight Filter-0000
2025-05-09T14:26:33.652+0900 [DEBUG] [org.gradle.internal.remote.internal.inet.InetAddresses] Is this a loopback interface? false
2025-05-09T14:26:33.652+0900 [DEBUG] [org.gradle.internal.remote.internal.inet.InetAddresses] Adding IP addresses for network interface Microsoft Wi-Fi Direct Virtual Adapter #2-WFP Native MAC Layer LightWeight Filter-0000
2025-05-09T14:26:33.653+0900 [DEBUG] [org.gradle.internal.remote.internal.inet.InetAddresses] Is this a loopback interface? false
2025-05-09T14:26:33.653+0900 [DEBUG] [org.gradle.internal.remote.internal.inet.InetAddresses] Adding IP addresses for network interface Microsoft Wi-Fi Direct Virtual Adapter #2-Native WiFi Filter Driver-0000
2025-05-09T14:26:33.653+0900 [DEBUG] [org.gradle.internal.remote.internal.inet.InetAddresses] Is this a loopback interface? false
2025-05-09T14:26:33.653+0900 [DEBUG] [org.gradle.internal.remote.internal.inet.InetAddresses] Adding IP addresses for network interface Microsoft Wi-Fi Direct Virtual Adapter #2-QoS Packet Scheduler-0000
2025-05-09T14:26:33.654+0900 [DEBUG] [org.gradle.internal.remote.internal.inet.InetAddresses] Is this a loopback interface? false
2025-05-09T14:26:33.654+0900 [DEBUG] [org.gradle.internal.remote.internal.inet.InetAddresses] Adding IP addresses for network interface Microsoft Wi-Fi Direct Virtual Adapter #2-WFP 802.3 MAC Layer LightWeight Filter-0000
2025-05-09T14:26:33.654+0900 [DEBUG] [org.gradle.internal.remote.internal.inet.InetAddresses] Is this a loopback interface? false
2025-05-09T14:26:33.654+0900 [DEBUG] [org.gradle.internal.remote.internal.inet.InetAddresses] Adding IP addresses for network interface Realtek RTL8852BE WiFi 6 802.11ax PCIe Adapter
2025-05-09T14:26:33.655+0900 [DEBUG] [org.gradle.internal.remote.internal.inet.InetAddresses] Is this a loopback interface? false
2025-05-09T14:26:33.655+0900 [DEBUG] [org.gradle.internal.remote.internal.inet.InetAddresses] Adding remote address /fe80:0:0:0:fdb1:b391:72ce:69f%wireless_32768
2025-05-09T14:26:33.656+0900 [DEBUG] [org.gradle.internal.remote.internal.inet.InetAddresses] Adding remote address /223.194.139.163
2025-05-09T14:26:33.656+0900 [DEBUG] [org.gradle.internal.remote.internal.inet.InetAddresses] Adding IP addresses for network interface Microsoft Wi-Fi Direct Virtual Adapter
2025-05-09T14:26:33.657+0900 [DEBUG] [org.gradle.internal.remote.internal.inet.InetAddresses] Is this a loopback interface? false
2025-05-09T14:26:33.657+0900 [DEBUG] [org.gradle.internal.remote.internal.inet.InetAddresses] Adding remote address /fe80:0:0:0:2e7e:3899:e9f0:d76a%wireless_32769
2025-05-09T14:26:33.657+0900 [DEBUG] [org.gradle.internal.remote.internal.inet.InetAddresses] Adding IP addresses for network interface Microsoft Wi-Fi Direct Virtual Adapter #2
2025-05-09T14:26:33.658+0900 [DEBUG] [org.gradle.internal.remote.internal.inet.InetAddresses] Is this a loopback interface? false
2025-05-09T14:26:33.658+0900 [DEBUG] [org.gradle.internal.remote.internal.inet.InetAddresses] Adding remote address /fe80:0:0:0:6c28:10e3:27ab:5f42%wireless_32770
2025-05-09T14:26:33.658+0900 [DEBUG] [org.gradle.internal.remote.internal.inet.InetAddresses] Adding IP addresses for network interface Microsoft Teredo Tunneling Adapter
2025-05-09T14:26:33.659+0900 [DEBUG] [org.gradle.internal.remote.internal.inet.InetAddresses] Is this a loopback interface? false
2025-05-09T14:26:33.659+0900 [DEBUG] [org.gradle.internal.remote.internal.inet.InetAddresses] Adding IP addresses for network interface Microsoft IP-HTTPS Platform Adapter
2025-05-09T14:26:33.659+0900 [DEBUG] [org.gradle.internal.remote.internal.inet.InetAddresses] Is this a loopback interface? false
2025-05-09T14:26:33.660+0900 [DEBUG] [org.gradle.internal.remote.internal.inet.InetAddresses] Adding IP addresses for network interface Microsoft 6to4 Adapter
2025-05-09T14:26:33.660+0900 [DEBUG] [org.gradle.internal.remote.internal.inet.InetAddresses] Is this a loopback interface? false
2025-05-09T14:26:33.660+0900 [DEBUG] [org.gradle.internal.remote.internal.inet.InetAddresses] Adding IP addresses for network interface WAN Miniport (SSTP)
2025-05-09T14:26:33.660+0900 [DEBUG] [org.gradle.internal.remote.internal.inet.InetAddresses] Is this a loopback interface? false
2025-05-09T14:26:33.661+0900 [DEBUG] [org.gradle.internal.remote.internal.inet.InetAddresses] Adding IP addresses for network interface WAN Miniport (IKEv2)
2025-05-09T14:26:33.661+0900 [DEBUG] [org.gradle.internal.remote.internal.inet.InetAddresses] Is this a loopback interface? false
2025-05-09T14:26:33.661+0900 [DEBUG] [org.gradle.internal.remote.internal.inet.InetAddresses] Adding IP addresses for network interface WAN Miniport (L2TP)
2025-05-09T14:26:33.661+0900 [DEBUG] [org.gradle.internal.remote.internal.inet.InetAddresses] Is this a loopback interface? false
2025-05-09T14:26:33.662+0900 [DEBUG] [org.gradle.internal.remote.internal.inet.InetAddresses] Adding IP addresses for network interface WAN Miniport (PPTP)
2025-05-09T14:26:33.662+0900 [DEBUG] [org.gradle.internal.remote.internal.inet.InetAddresses] Is this a loopback interface? false
2025-05-09T14:26:33.666+0900 [DEBUG] [org.gradle.internal.remote.internal.inet.TcpIncomingConnector] Listening on [773f33e1-b07a-4e25-bf2e-a17163fa04ee port:61482, addresses:[localhost/127.0.0.1]].
2025-05-09T14:26:33.695+0900 [DEBUG] [org.gradle.launcher.daemon.server.Daemon] Daemon starting at: Fri May 09 14:26:33 GMT+09:00 2025, with address: [773f33e1-b07a-4e25-bf2e-a17163fa04ee port:61482, addresses:[localhost/127.0.0.1]]
2025-05-09T14:26:33.696+0900 [INFO] [org.gradle.launcher.daemon.server.DaemonRegistryUpdater] Advertising the daemon address to the clients: [773f33e1-b07a-4e25-bf2e-a17163fa04ee port:61482, addresses:[localhost/127.0.0.1]]
2025-05-09T14:26:33.696+0900 [DEBUG] [org.gradle.launcher.daemon.server.DaemonRegistryUpdater] Advertised daemon context: DefaultDaemonContext[uid=6734d494-1f35-4df7-8c82-347da8628f94,javaHome=C:\Users\dawon\.jdks\openjdk-24,javaVersion=24,javaVendor=Oracle Corporation,daemonRegistryDir=C:\UMC\Study4\Flo\daemon,pid=13224,idleTimeout=10800000,priority=NORMAL,applyInstrumentationAgent=true,nativeServicesMode=ENABLED,daemonOpts=-Xmx2048m,-Dfile.encoding=UTF-8,-Duser.country=KR,-Duser.language=ko,-Duser.variant]
2025-05-09T14:26:33.697+0900 [DEBUG] [org.gradle.launcher.daemon.registry.PersistentDaemonRegistry] Storing daemon address: [773f33e1-b07a-4e25-bf2e-a17163fa04ee port:61482, addresses:[localhost/127.0.0.1]], context: DefaultDaemonContext[uid=6734d494-1f35-4df7-8c82-347da8628f94,javaHome=C:\Users\dawon\.jdks\openjdk-24,javaVersion=24,javaVendor=Oracle Corporation,daemonRegistryDir=C:\UMC\Study4\Flo\daemon,pid=13224,idleTimeout=10800000,priority=NORMAL,applyInstrumentationAgent=true,nativeServicesMode=ENABLED,daemonOpts=-Xmx2048m,-Dfile.encoding=UTF-8,-Duser.country=KR,-Duser.language=ko,-Duser.variant]
2025-05-09T14:26:33.721+0900 [DEBUG] [org.gradle.cache.internal.DefaultFileLockManager] Waiting to acquire exclusive lock on daemon addresses registry.
2025-05-09T14:26:33.726+0900 [DEBUG] [org.gradle.cache.internal.DefaultFileLockManager] Lock acquired on daemon addresses registry.
2025-05-09T14:26:33.733+0900 [DEBUG] [org.gradle.cache.internal.DefaultFileLockManager] Releasing lock on daemon addresses registry.
2025-05-09T14:26:33.734+0900 [LIFECYCLE] [org.gradle.launcher.daemon.server.Daemon] Daemon server started.
2025-05-09T14:26:33.735+0900 [DEBUG] [org.gradle.launcher.daemon.bootstrap.DaemonStartupCommunication] Completed writing the daemon greeting. Closing streams...
2025-05-09T14:26:33.743+0900 [DEBUG] [org.gradle.internal.remote.internal.inet.TcpIncomingConnector] Accepted connection from /127.0.0.1:61483 to /127.0.0.1:61482.
2025-05-09T14:26:33.749+0900 [DEBUG] [org.gradle.launcher.daemon.server.Daemon] stopOnExpiration() called on daemon
2025-05-09T14:26:33.750+0900 [DEBUG] [org.gradle.launcher.daemon.server.Daemon] awaitExpiration() called on daemon
2025-05-09T14:26:33.750+0900 [DEBUG] [org.gradle.launcher.daemon.server.DaemonStateCoordinator] daemon is running. Sleeping until state changes.
2025-05-09T14:26:33.849+0900 [DEBUG] [org.gradle.launcher.daemon.server.SynchronizedDispatchConnection] thread 53: received class org.gradle.launcher.daemon.protocol.Build
2025-05-09T14:26:33.850+0900 [DEBUG] [org.gradle.launcher.daemon.server.DefaultDaemonConnection] thread 53: Received non-IO message from client: Build{id=b537690e-55db-4058-925b-bc49c4b6e6fd, currentDir=C:\Users\dawon\AndroidStudioProjects\LogIn}
2025-05-09T14:26:33.850+0900 [INFO] [org.gradle.launcher.daemon.server.DefaultIncomingConnectionHandler] Received command: Build{id=b537690e-55db-4058-925b-bc49c4b6e6fd, currentDir=C:\Users\dawon\AndroidStudioProjects\LogIn}.
2025-05-09T14:26:33.850+0900 [DEBUG] [org.gradle.launcher.daemon.server.DefaultIncomingConnectionHandler] Starting executing command: Build{id=b537690e-55db-4058-925b-bc49c4b6e6fd, currentDir=C:\Users\dawon\AndroidStudioProjects\LogIn} with connection: socket connection from /127.0.0.1:61482 to /127.0.0.1:61483.
2025-05-09T14:26:33.854+0900 [DEBUG] [org.gradle.launcher.daemon.server.DaemonStateCoordinator] Command execution: started DaemonCommandExecution[command = Build{id=b537690e-55db-4058-925b-bc49c4b6e6fd, currentDir=C:\Users\dawon\AndroidStudioProjects\LogIn}, connection = DefaultDaemonConnection: socket connection from /127.0.0.1:61482 to /127.0.0.1:61483] after 0.0039833333333333335 minutes of idle
2025-05-09T14:26:33.854+0900 [INFO] [org.gradle.launcher.daemon.server.DaemonRegistryUpdater] Marking the daemon as busy, address: [773f33e1-b07a-4e25-bf2e-a17163fa04ee port:61482, addresses:[localhost/127.0.0.1]]
2025-05-09T14:26:33.854+0900 [DEBUG] [org.gradle.launcher.daemon.registry.PersistentDaemonRegistry] Marking busy by address: [773f33e1-b07a-4e25-bf2e-a17163fa04ee port:61482, addresses:[localhost/127.0.0.1]]
2025-05-09T14:26:33.856+0900 [DEBUG] [org.gradle.cache.internal.DefaultFileLockManager] Waiting to acquire exclusive lock on daemon addresses registry.
2025-05-09T14:26:33.857+0900 [DEBUG] [org.gradle.cache.internal.DefaultFileLockManager] Lock acquired on daemon addresses registry.
2025-05-09T14:26:33.859+0900 [DEBUG] [org.gradle.cache.internal.DefaultFileLockManager] Releasing lock on daemon addresses registry.
2025-05-09T14:26:33.859+0900 [DEBUG] [org.gradle.launcher.daemon.server.DaemonStateCoordinator] resetting idle timer
2025-05-09T14:26:33.860+0900 [DEBUG] [org.gradle.launcher.daemon.server.DaemonStateCoordinator] daemon is running. Sleeping until state changes.
2025-05-09T14:26:33.861+0900 [INFO] [org.gradle.launcher.daemon.server.exec.StartBuildOrRespondWithBusy] Daemon is about to start building Build{id=b537690e-55db-4058-925b-bc49c4b6e6fd, currentDir=C:\Users\dawon\AndroidStudioProjects\LogIn}. Dispatching build started information...
2025-05-09T14:26:33.861+0900 [DEBUG] [org.gradle.launcher.daemon.server.SynchronizedDispatchConnection] thread 55: dispatching org.gradle.launcher.daemon.protocol.BuildStarted@609f8ed3
2025-05-09T14:26:33.864+0900 [DEBUG] [org.gradle.launcher.daemon.server.exec.EstablishBuildEnvironment] Configuring env variables: [USERDOMAIN_ROAMINGPROFILE, LOCALAPPDATA, PROCESSOR_LEVEL, IntelliJ IDEA, RegionCode, USERDOMAIN, LOGONSERVER, FPS_BROWSER_APP_PROFILE_STRING, JAVA_HOME, SESSIONNAME, ALLUSERSPROFILE, PROCESSOR_ARCHITECTURE, PSModulePath, SystemDrive, OneDrive, APPDATA, USERNAME, ProgramFiles(x86), CommonProgramFiles, Path, FPS_BROWSER_USER_PROFILE_STRING, PATHEXT, DriverData, OS, NODE_HOME, COMPUTERNAME, OnlineServices, PROCESSOR_REVISION, platformcode, CommonProgramW6432, ComSpec, ProgramData, EFC_11788, ProgramW6432, TEMP, HOMEPATH, SystemRoot, HOMEDRIVE, USERPROFILE, PROCESSOR_IDENTIFIER, TMP, CommonProgramFiles(x86), ProgramFiles, PUBLIC, windir, NUMBER_OF_PROCESSORS, =::, ZES_ENABLE_SYSMAN]
2025-05-09T14:26:33.870+0900 [DEBUG] [org.gradle.launcher.daemon.server.exec.LogToClient] About to start relaying all logs to the client via the connection.
2025-05-09T14:26:33.870+0900 [INFO] [org.gradle.launcher.daemon.server.exec.LogToClient] The client will now receive all logging from the daemon (pid: 13224). The daemon log file: C:\UMC\Study4\Flo\daemon\8.11.1\daemon-13224.out.log
2025-05-09T14:26:33.886+0900 [INFO] [org.gradle.launcher.daemon.server.exec.LogAndCheckHealth] Starting build in new daemon [memory: 2 GiB]
2025-05-09T14:26:33.889+0900 [DEBUG] [org.gradle.launcher.daemon.server.exec.ExecuteBuild] The daemon has started executing the build.
2025-05-09T14:26:33.890+0900 [DEBUG] [org.gradle.launcher.daemon.server.exec.ExecuteBuild] Executing build with daemon context: DefaultDaemonContext[uid=6734d494-1f35-4df7-8c82-347da8628f94,javaHome=C:\Users\dawon\.jdks\openjdk-24,javaVersion=24,javaVendor=Oracle Corporation,daemonRegistryDir=C:\UMC\Study4\Flo\daemon,pid=13224,idleTimeout=10800000,priority=NORMAL,applyInstrumentationAgent=true,nativeServicesMode=ENABLED,daemonOpts=-Xmx2048m,-Dfile.encoding=UTF-8,-Duser.country=KR,-Duser.language=ko,-Duser.variant]

BUILD SUCCESSFUL in 38s
2025-05-09T14:27:07.152+0900 [DEBUG] [org.gradle.launcher.daemon.server.exec.ExecuteBuild] The daemon has finished executing the build.
2025-05-09T14:27:07.162+0900 [DEBUG] [org.gradle.launcher.daemon.server.DaemonStateCoordinator] daemon is running. Sleeping until state changes.
2025-05-09T14:27:07.162+0900 [DEBUG] [org.gradle.launcher.daemon.server.DaemonStateCoordinator] Command execution: finished waiting for DaemonCommandExecution[command = Build{id=b537690e-55db-4058-925b-bc49c4b6e6fd, currentDir=C:\Users\dawon\AndroidStudioProjects\LogIn}, connection = DefaultDaemonConnection: socket connection from /127.0.0.1:61482 to /127.0.0.1:61483]. Result org.gradle.launcher.daemon.server.DaemonStateCoordinator@49b092b with state Busy
2025-05-09T14:27:07.163+0900 [DEBUG] [org.gradle.launcher.daemon.server.DaemonStateCoordinator] Command execution: completed DaemonCommandExecution[command = Build{id=b537690e-55db-4058-925b-bc49c4b6e6fd, currentDir=C:\Users\dawon\AndroidStudioProjects\LogIn}, connection = DefaultDaemonConnection: socket connection from /127.0.0.1:61482 to /127.0.0.1:61483]
2025-05-09T14:27:07.163+0900 [DEBUG] [org.gradle.launcher.daemon.server.DaemonStateCoordinator] resetting idle timer
2025-05-09T14:27:07.163+0900 [INFO] [org.gradle.launcher.daemon.server.DaemonRegistryUpdater] Marking the daemon as idle, address: [773f33e1-b07a-4e25-bf2e-a17163fa04ee port:61482, addresses:[localhost/127.0.0.1]]
2025-05-09T14:27:07.163+0900 [DEBUG] [org.gradle.launcher.daemon.registry.PersistentDaemonRegistry] Marking busy by address: [773f33e1-b07a-4e25-bf2e-a17163fa04ee port:61482, addresses:[localhost/127.0.0.1]]
2025-05-09T14:27:07.164+0900 [DEBUG] [org.gradle.cache.internal.DefaultFileLockManager] Waiting to acquire exclusive lock on daemon addresses registry.
2025-05-09T14:27:07.165+0900 [DEBUG] [org.gradle.cache.internal.DefaultFileLockManager] Lock acquired on daemon addresses registry.
2025-05-09T14:27:07.167+0900 [DEBUG] [org.gradle.cache.internal.DefaultFileLockManager] Releasing lock on daemon addresses registry.
2025-05-09T14:27:07.167+0900 [DEBUG] [org.gradle.launcher.daemon.server.DaemonStateCoordinator] daemon is running. Sleeping until state changes.
2025-05-09T14:27:07.167+0900 [DEBUG] [org.gradle.launcher.daemon.server.exec.ReturnResult] Daemon is dispatching the build result: Success[value=org.gradle.launcher.exec.BuildActionResult@1ab9e2ba]
2025-05-09T14:27:07.168+0900 [DEBUG] [org.gradle.launcher.daemon.server.SynchronizedDispatchConnection] thread 52: dispatching Success[value=org.gradle.launcher.exec.BuildActionResult@1ab9e2ba]
2025-05-09T14:27:07.168+0900 [DEBUG] [org.gradle.launcher.daemon.server.SynchronizedDispatchConnection] thread 53: received class org.gradle.launcher.daemon.protocol.CloseInput
2025-05-09T14:27:07.168+0900 [DEBUG] [org.gradle.launcher.daemon.server.DefaultDaemonConnection] thread 53: Received IO message from client: org.gradle.launcher.daemon.protocol.CloseInput@271bbf7a
2025-05-09T14:27:07.169+0900 [DEBUG] [org.gradle.launcher.daemon.server.SynchronizedDispatchConnection] thread 53: received class org.gradle.launcher.daemon.protocol.Finished
2025-05-09T14:27:07.169+0900 [DEBUG] [org.gradle.launcher.daemon.server.DefaultDaemonConnection] thread 53: Received non-IO message from client: org.gradle.launcher.daemon.protocol.Finished@6205f08d
2025-05-09T14:27:07.169+0900 [DEBUG] [org.gradle.internal.remote.internal.inet.SocketConnection] Discarding EOFException: java.io.EOFException
2025-05-09T14:27:07.169+0900 [DEBUG] [org.gradle.launcher.daemon.server.SynchronizedDispatchConnection] thread 53: received null
2025-05-09T14:27:07.169+0900 [DEBUG] [org.gradle.launcher.daemon.server.DefaultDaemonConnection] thread 53: Received end-of-input from client.
2025-05-09T14:27:07.170+0900 [DEBUG] [org.gradle.launcher.daemon.server.exec.CleanUpVirtualFileSystemAfterBuild] Cleaning virtual file system after build finished
2025-05-09T14:27:07.170+0900 [DEBUG] [org.gradle.launcher.daemon.server.DefaultIncomingConnectionHandler] Finishing executing command: Build{id=b537690e-55db-4058-925b-bc49c4b6e6fd, currentDir=C:\Users\dawon\AndroidStudioProjects\LogIn}
2025-05-09T14:27:07.170+0900 [WARN] [org.gradle.launcher.daemon.server.DefaultIncomingConnectionHandler] Timed out waiting for finished message from client socket connection from /127.0.0.1:61482 to /127.0.0.1:61483. Discarding connection.
2025-05-09T14:27:07.170+0900 [DEBUG] [org.gradle.launcher.daemon.server.SynchronizedDispatchConnection] thread 52: stopping connection
2025-05-09T14:27:07.172+0900 [DEBUG] [org.gradle.launcher.daemon.server.SynchronizedDispatchConnection] thread 52: stopping connection
2025-05-09T14:27:13.757+0900 [DEBUG] [org.gradle.cache.internal.DefaultFileLockManager] Waiting to acquire shared lock on daemon addresses registry.
2025-05-09T14:27:13.758+0900 [DEBUG] [org.gradle.cache.internal.DefaultFileLockManager] Lock acquired on daemon addresses registry.
2025-05-09T14:27:13.784+0900 [DEBUG] [org.gradle.cache.internal.DefaultFileLockManager] Releasing lock on daemon addresses registry.
2025-05-09T14:27:13.786+0900 [DEBUG] [org.gradle.cache.internal.DefaultFileLockManager] Waiting to acquire shared lock on daemon addresses registry.
2025-05-09T14:27:13.787+0900 [DEBUG] [org.gradle.cache.internal.DefaultFileLockManager] Lock acquired on daemon addresses registry.
2025-05-09T14:27:13.787+0900 [DEBUG] [org.gradle.cache.internal.DefaultFileLockManager] Releasing lock on daemon addresses registry.
2025-05-09T14:27:23.754+0900 [DEBUG] [org.gradle.cache.internal.DefaultFileLockManager] Waiting to acquire shared lock on daemon addresses registry.
2025-05-09T14:27:23.755+0900 [DEBUG] [org.gradle.cache.internal.DefaultFileLockManager] Lock acquired on daemon addresses registry.
2025-05-09T14:27:23.756+0900 [DEBUG] [org.gradle.cache.internal.DefaultFileLockManager] Releasing lock on daemon addresses registry.
2025-05-09T14:27:23.759+0900 [DEBUG] [org.gradle.cache.internal.DefaultFileLockManager] Waiting to acquire shared lock on daemon addresses registry.
2025-05-09T14:27:23.760+0900 [DEBUG] [org.gradle.cache.internal.DefaultFileLockManager] Lock acquired on daemon addresses registry.
2025-05-09T14:27:23.762+0900 [DEBUG] [org.gradle.cache.internal.DefaultFileLockManager] Releasing lock on daemon addresses registry.
2025-05-09T14:27:23.763+0900 [DEBUG] [org.gradle.cache.internal.DefaultFileLockManager] Waiting to acquire shared lock on daemon addresses registry.
2025-05-09T14:27:23.764+0900 [DEBUG] [org.gradle.cache.internal.DefaultFileLockManager] Lock acquired on daemon addresses registry.
2025-05-09T14:27:23.765+0900 [DEBUG] [org.gradle.cache.internal.DefaultFileLockManager] Releasing lock on daemon addresses registry.
2025-05-09T14:27:33.754+0900 [DEBUG] [org.gradle.cache.internal.DefaultFileLockManager] Waiting to acquire shared lock on daemon addresses registry.
2025-05-09T14:27:33.754+0900 [DEBUG] [org.gradle.cache.internal.DefaultFileLockManager] Lock acquired on daemon addresses registry.
2025-05-09T14:27:33.755+0900 [DEBUG] [org.gradle.cache.internal.DefaultFileLockManager] Releasing lock on daemon addresses registry.
2025-05-09T14:27:33.758+0900 [DEBUG] [org.gradle.cache.internal.DefaultFileLockManager] Waiting to acquire shared lock on daemon addresses registry.
2025-05-09T14:27:33.758+0900 [DEBUG] [org.gradle.cache.internal.DefaultFileLockManager] Lock acquired on daemon addresses registry.
2025-05-09T14:27:33.761+0900 [DEBUG] [org.gradle.cache.internal.DefaultFileLockManager] Releasing lock on daemon addresses registry.
2025-05-09T14:27:33.763+0900 [DEBUG] [org.gradle.cache.internal.DefaultFileLockManager] Waiting to acquire shared lock on daemon addresses registry.
2025-05-09T14:27:33.763+0900 [DEBUG] [org.gradle.cache.internal.DefaultFileLockManager] Lock acquired on daemon addresses registry.
2025-05-09T14:27:33.765+0900 [DEBUG] [org.gradle.cache.internal.DefaultFileLockManager] Releasing lock on daemon addresses registry.
2025-05-09T14:27:43.755+0900 [DEBUG] [org.gradle.cache.internal.DefaultFileLockManager] Waiting to acquire shared lock on daemon addresses registry.
2025-05-09T14:27:43.756+0900 [DEBUG] [org.gradle.cache.internal.DefaultFileLockManager] Lock acquired on daemon addresses registry.
2025-05-09T14:27:43.756+0900 [DEBUG] [org.gradle.cache.internal.DefaultFileLockManager] Releasing lock on daemon addresses registry.
2025-05-09T14:27:43.759+0900 [DEBUG] [org.gradle.cache.internal.DefaultFileLockManager] Waiting to acquire shared lock on daemon addresses registry.
2025-05-09T14:27:43.759+0900 [DEBUG] [org.gradle.cache.internal.DefaultFileLockManager] Lock acquired on daemon addresses registry.
2025-05-09T14:27:43.760+0900 [DEBUG] [org.gradle.cache.internal.DefaultFileLockManager] Releasing lock on daemon addresses registry.
2025-05-09T14:27:43.761+0900 [DEBUG] [org.gradle.cache.internal.DefaultFileLockManager] Waiting to acquire shared lock on daemon addresses registry.
2025-05-09T14:27:43.762+0900 [DEBUG] [org.gradle.cache.internal.DefaultFileLockManager] Lock acquired on daemon addresses registry.
2025-05-09T14:27:43.763+0900 [DEBUG] [org.gradle.cache.internal.DefaultFileLockManager] Releasing lock on daemon addresses registry.
2025-05-09T14:27:53.754+0900 [DEBUG] [org.gradle.cache.internal.DefaultFileLockManager] Waiting to acquire shared lock on daemon addresses registry.
2025-05-09T14:27:53.756+0900 [DEBUG] [org.gradle.cache.internal.DefaultFileLockManager] Lock acquired on daemon addresses registry.
2025-05-09T14:27:53.756+0900 [DEBUG] [org.gradle.cache.internal.DefaultFileLockManager] Releasing lock on daemon addresses registry.
2025-05-09T14:27:53.759+0900 [DEBUG] [org.gradle.cache.internal.DefaultFileLockManager] Waiting to acquire shared lock on daemon addresses registry.
2025-05-09T14:27:53.759+0900 [DEBUG] [org.gradle.cache.internal.DefaultFileLockManager] Lock acquired on daemon addresses registry.
2025-05-09T14:27:53.760+0900 [DEBUG] [org.gradle.cache.internal.DefaultFileLockManager] Releasing lock on daemon addresses registry.
2025-05-09T14:27:53.763+0900 [DEBUG] [org.gradle.cache.internal.DefaultFileLockManager] Waiting to acquire shared lock on daemon addresses registry.
2025-05-09T14:27:53.763+0900 [DEBUG] [org.gradle.cache.internal.DefaultFileLockManager] Lock acquired on daemon addresses registry.
2025-05-09T14:27:53.763+0900 [DEBUG] [org.gradle.cache.internal.DefaultFileLockManager] Releasing lock on daemon addresses registry.
2025-05-09T14:28:03.753+0900 [DEBUG] [org.gradle.cache.internal.DefaultFileLockManager] Waiting to acquire shared lock on daemon addresses registry.
2025-05-09T14:28:03.754+0900 [DEBUG] [org.gradle.cache.internal.DefaultFileLockManager] Lock acquired on daemon addresses registry.
2025-05-09T14:28:03.755+0900 [DEBUG] [org.gradle.cache.internal.DefaultFileLockManager] Releasing lock on daemon addresses registry.
2025-05-09T14:28:03.758+0900 [DEBUG] [org.gradle.cache.internal.DefaultFileLockManager] Waiting to acquire shared lock on daemon addresses registry.
2025-05-09T14:28:03.758+0900 [DEBUG] [org.gradle.cache.internal.DefaultFileLockManager] Lock acquired on daemon addresses registry.
2025-05-09T14:28:03.759+0900 [DEBUG] [org.gradle.cache.internal.DefaultFileLockManager] Releasing lock on daemon addresses registry.
2025-05-09T14:28:03.761+0900 [DEBUG] [org.gradle.cache.internal.DefaultFileLockManager] Waiting to acquire shared lock on daemon addresses registry.
2025-05-09T14:28:03.762+0900 [DEBUG] [org.gradle.cache.internal.DefaultFileLockManager] Lock acquired on daemon addresses registry.
2025-05-09T14:28:03.763+0900 [DEBUG] [org.gradle.cache.internal.DefaultFileLockManager] Releasing lock on daemon addresses registry.
2025-05-09T14:28:13.754+0900 [DEBUG] [org.gradle.cache.internal.DefaultFileLockManager] Waiting to acquire shared lock on daemon addresses registry.
2025-05-09T14:28:13.755+0900 [DEBUG] [org.gradle.cache.internal.DefaultFileLockManager] Lock acquired on daemon addresses registry.
2025-05-09T14:28:13.756+0900 [DEBUG] [org.gradle.cache.internal.DefaultFileLockManager] Releasing lock on daemon addresses registry.
2025-05-09T14:28:13.758+0900 [DEBUG] [org.gradle.cache.internal.DefaultFileLockManager] Waiting to acquire shared lock on daemon addresses registry.
2025-05-09T14:28:13.758+0900 [DEBUG] [org.gradle.cache.internal.DefaultFileLockManager] Lock acquired on daemon addresses registry.
2025-05-09T14:28:13.758+0900 [DEBUG] [org.gradle.cache.internal.DefaultFileLockManager] Releasing lock on daemon addresses registry.
2025-05-09T14:28:13.760+0900 [DEBUG] [org.gradle.cache.internal.DefaultFileLockManager] Waiting to acquire shared lock on daemon addresses registry.
2025-05-09T14:28:13.761+0900 [DEBUG] [org.gradle.cache.internal.DefaultFileLockManager] Lock acquired on daemon addresses registry.
2025-05-09T14:28:13.776+0900 [DEBUG] [org.gradle.cache.internal.DefaultFileLockManager] Releasing lock on daemon addresses registry.
2025-05-09T14:28:23.754+0900 [DEBUG] [org.gradle.cache.internal.DefaultFileLockManager] Waiting to acquire shared lock on daemon addresses registry.
2025-05-09T14:28:23.755+0900 [DEBUG] [org.gradle.cache.internal.DefaultFileLockManager] Lock acquired on daemon addresses registry.
2025-05-09T14:28:23.755+0900 [DEBUG] [org.gradle.cache.internal.DefaultFileLockManager] Releasing lock on daemon addresses registry.
2025-05-09T14:28:23.758+0900 [DEBUG] [org.gradle.cache.internal.DefaultFileLockManager] Waiting to acquire shared lock on daemon addresses registry.
2025-05-09T14:28:23.758+0900 [DEBUG] [org.gradle.cache.internal.DefaultFileLockManager] Lock acquired on daemon addresses registry.
2025-05-09T14:28:23.759+0900 [DEBUG] [org.gradle.cache.internal.DefaultFileLockManager] Releasing lock on daemon addresses registry.
2025-05-09T14:28:23.760+0900 [DEBUG] [org.gradle.cache.internal.DefaultFileLockManager] Waiting to acquire shared lock on daemon addresses registry.
2025-05-09T14:28:23.761+0900 [DEBUG] [org.gradle.cache.internal.DefaultFileLockManager] Lock acquired on daemon addresses registry.
2025-05-09T14:28:23.761+0900 [DEBUG] [org.gradle.cache.internal.DefaultFileLockManager] Releasing lock on daemon addresses registry.
2025-05-09T14:28:33.757+0900 [DEBUG] [org.gradle.cache.internal.DefaultFileLockManager] Waiting to acquire shared lock on daemon addresses registry.
2025-05-09T14:28:33.758+0900 [DEBUG] [org.gradle.cache.internal.DefaultFileLockManager] Lock acquired on daemon addresses registry.
2025-05-09T14:28:33.759+0900 [DEBUG] [org.gradle.cache.internal.DefaultFileLockManager] Releasing lock on daemon addresses registry.
2025-05-09T14:28:33.763+0900 [DEBUG] [org.gradle.cache.internal.DefaultFileLockManager] Waiting to acquire shared lock on daemon addresses registry.
2025-05-09T14:28:33.763+0900 [DEBUG] [org.gradle.cache.internal.DefaultFileLockManager] Lock acquired on daemon addresses registry.
2025-05-09T14:28:33.763+0900 [DEBUG] [org.gradle.cache.internal.DefaultFileLockManager] Releasing lock on daemon addresses registry.
2025-05-09T14:28:33.765+0900 [DEBUG] [org.gradle.cache.internal.DefaultFileLockManager] Waiting to acquire shared lock on daemon addresses registry.
2025-05-09T14:28:33.765+0900 [DEBUG] [org.gradle.cache.internal.DefaultFileLockManager] Lock acquired on daemon addresses registry.
2025-05-09T14:28:33.765+0900 [DEBUG] [org.gradle.cache.internal.DefaultFileLockManager] Releasing lock on daemon addresses registry.
2025-05-09T14:28:43.754+0900 [DEBUG] [org.gradle.cache.internal.DefaultFileLockManager] Waiting to acquire shared lock on daemon addresses registry.
2025-05-09T14:28:43.754+0900 [DEBUG] [org.gradle.cache.internal.DefaultFileLockManager] Lock acquired on daemon addresses registry.
2025-05-09T14:28:43.755+0900 [DEBUG] [org.gradle.cache.internal.DefaultFileLockManager] Releasing lock on daemon addresses registry.
2025-05-09T14:28:43.756+0900 [DEBUG] [org.gradle.cache.internal.DefaultFileLockManager] Waiting to acquire shared lock on daemon addresses registry.
2025-05-09T14:28:43.756+0900 [DEBUG] [org.gradle.cache.internal.DefaultFileLockManager] Lock acquired on daemon addresses registry.
2025-05-09T14:28:43.756+0900 [DEBUG] [org.gradle.cache.internal.DefaultFileLockManager] Releasing lock on daemon addresses registry.
2025-05-09T14:28:43.757+0900 [DEBUG] [org.gradle.cache.internal.DefaultFileLockManager] Waiting to acquire shared lock on daemon addresses registry.
2025-05-09T14:28:43.757+0900 [DEBUG] [org.gradle.cache.internal.DefaultFileLockManager] Lock acquired on daemon addresses registry.
2025-05-09T14:28:43.757+0900 [DEBUG] [org.gradle.cache.internal.DefaultFileLockManager] Releasing lock on daemon addresses registry.
2025-05-09T14:28:53.756+0900 [DEBUG] [org.gradle.cache.internal.DefaultFileLockManager] Waiting to acquire shared lock on daemon addresses registry.
2025-05-09T14:28:53.757+0900 [DEBUG] [org.gradle.cache.internal.DefaultFileLockManager] Lock acquired on daemon addresses registry.
2025-05-09T14:28:53.758+0900 [DEBUG] [org.gradle.cache.internal.DefaultFileLockManager] Releasing lock on daemon addresses registry.
2025-05-09T14:28:53.760+0900 [DEBUG] [org.gradle.cache.internal.DefaultFileLockManager] Waiting to acquire shared lock on daemon addresses registry.
2025-05-09T14:28:53.760+0900 [DEBUG] [org.gradle.cache.internal.DefaultFileLockManager] Lock acquired on daemon addresses registry.
2025-05-09T14:28:53.761+0900 [DEBUG] [org.gradle.cache.internal.DefaultFileLockManager] Releasing lock on daemon addresses registry.
2025-05-09T14:28:53.762+0900 [DEBUG] [org.gradle.cache.internal.DefaultFileLockManager] Waiting to acquire shared lock on daemon addresses registry.
2025-05-09T14:28:53.762+0900 [DEBUG] [org.gradle.cache.internal.DefaultFileLockManager] Lock acquired on daemon addresses registry.
2025-05-09T14:28:53.762+0900 [DEBUG] [org.gradle.cache.internal.DefaultFileLockManager] Releasing lock on daemon addresses registry.
2025-05-09T14:29:03.753+0900 [DEBUG] [org.gradle.cache.internal.DefaultFileLockManager] Waiting to acquire shared lock on daemon addresses registry.
2025-05-09T14:29:03.754+0900 [DEBUG] [org.gradle.cache.internal.DefaultFileLockManager] Lock acquired on daemon addresses registry.
2025-05-09T14:29:03.754+0900 [DEBUG] [org.gradle.cache.internal.DefaultFileLockManager] Releasing lock on daemon addresses registry.
2025-05-09T14:29:03.755+0900 [DEBUG] [org.gradle.cache.internal.DefaultFileLockManager] Waiting to acquire shared lock on daemon addresses registry.
2025-05-09T14:29:03.755+0900 [DEBUG] [org.gradle.cache.internal.DefaultFileLockManager] Lock acquired on daemon addresses registry.
2025-05-09T14:29:03.755+0900 [DEBUG] [org.gradle.cache.internal.DefaultFileLockManager] Releasing lock on daemon addresses registry.
2025-05-09T14:29:03.756+0900 [DEBUG] [org.gradle.cache.internal.DefaultFileLockManager] Waiting to acquire shared lock on daemon addresses registry.
2025-05-09T14:29:03.757+0900 [DEBUG] [org.gradle.cache.internal.DefaultFileLockManager] Lock acquired on daemon addresses registry.
2025-05-09T14:29:03.757+0900 [DEBUG] [org.gradle.cache.internal.DefaultFileLockManager] Releasing lock on daemon addresses registry.
2025-05-09T14:29:13.753+0900 [DEBUG] [org.gradle.cache.internal.DefaultFileLockManager] Waiting to acquire shared lock on daemon addresses registry.
2025-05-09T14:29:13.753+0900 [DEBUG] [org.gradle.cache.internal.DefaultFileLockManager] Lock acquired on daemon addresses registry.
2025-05-09T14:29:13.754+0900 [DEBUG] [org.gradle.cache.internal.DefaultFileLockManager] Releasing lock on daemon addresses registry.
2025-05-09T14:29:13.757+0900 [DEBUG] [org.gradle.cache.internal.DefaultFileLockManager] Waiting to acquire shared lock on daemon addresses registry.
2025-05-09T14:29:13.757+0900 [DEBUG] [org.gradle.cache.internal.DefaultFileLockManager] Lock acquired on daemon addresses registry.
2025-05-09T14:29:13.758+0900 [DEBUG] [org.gradle.cache.internal.DefaultFileLockManager] Releasing lock on daemon addresses registry.
2025-05-09T14:29:13.762+0900 [DEBUG] [org.gradle.cache.internal.DefaultFileLockManager] Waiting to acquire shared lock on daemon addresses registry.
2025-05-09T14:29:13.763+0900 [DEBUG] [org.gradle.cache.internal.DefaultFileLockManager] Lock acquired on daemon addresses registry.
2025-05-09T14:29:13.764+0900 [DEBUG] [org.gradle.cache.internal.DefaultFileLockManager] Releasing lock on daemon addresses registry.
2025-05-09T14:29:23.755+0900 [DEBUG] [org.gradle.cache.internal.DefaultFileLockManager] Waiting to acquire shared lock on daemon addresses registry.
2025-05-09T14:29:23.756+0900 [DEBUG] [org.gradle.cache.internal.DefaultFileLockManager] Lock acquired on daemon addresses registry.
2025-05-09T14:29:23.756+0900 [DEBUG] [org.gradle.cache.internal.DefaultFileLockManager] Releasing lock on daemon addresses registry.
2025-05-09T14:29:23.760+0900 [DEBUG] [org.gradle.cache.internal.DefaultFileLockManager] Waiting to acquire shared lock on daemon addresses registry.
2025-05-09T14:29:23.761+0900 [DEBUG] [org.gradle.cache.internal.DefaultFileLockManager] Lock acquired on daemon addresses registry.
2025-05-09T14:29:23.762+0900 [DEBUG] [org.gradle.cache.internal.DefaultFileLockManager] Releasing lock on daemon addresses registry.
2025-05-09T14:29:23.763+0900 [DEBUG] [org.gradle.cache.internal.DefaultFileLockManager] Waiting to acquire shared lock on daemon addresses registry.
2025-05-09T14:29:23.764+0900 [DEBUG] [org.gradle.cache.internal.DefaultFileLockManager] Lock acquired on daemon addresses registry.
2025-05-09T14:29:23.764+0900 [DEBUG] [org.gradle.cache.internal.DefaultFileLockManager] Releasing lock on daemon addresses registry.
2025-05-09T14:29:33.756+0900 [DEBUG] [org.gradle.cache.internal.DefaultFileLockManager] Waiting to acquire shared lock on daemon addresses registry.
2025-05-09T14:29:33.756+0900 [DEBUG] [org.gradle.cache.internal.DefaultFileLockManager] Lock acquired on daemon addresses registry.
2025-05-09T14:29:33.757+0900 [DEBUG] [org.gradle.cache.internal.DefaultFileLockManager] Releasing lock on daemon addresses registry.
2025-05-09T14:29:33.759+0900 [DEBUG] [org.gradle.cache.internal.DefaultFileLockManager] Waiting to acquire shared lock on daemon addresses registry.
2025-05-09T14:29:33.759+0900 [DEBUG] [org.gradle.cache.internal.DefaultFileLockManager] Lock acquired on daemon addresses registry.
2025-05-09T14:29:33.760+0900 [DEBUG] [org.gradle.cache.internal.DefaultFileLockManager] Releasing lock on daemon addresses registry.
2025-05-09T14:29:33.761+0900 [DEBUG] [org.gradle.cache.internal.DefaultFileLockManager] Waiting to acquire shared lock on daemon addresses registry.
2025-05-09T14:29:33.761+0900 [DEBUG] [org.gradle.cache.internal.DefaultFileLockManager] Lock acquired on daemon addresses registry.
2025-05-09T14:29:33.762+0900 [DEBUG] [org.gradle.cache.internal.DefaultFileLockManager] Releasing lock on daemon addresses registry.
2025-05-09T14:29:43.753+0900 [DEBUG] [org.gradle.cache.internal.DefaultFileLockManager] Waiting to acquire shared lock on daemon addresses registry.
2025-05-09T14:29:43.753+0900 [DEBUG] [org.gradle.cache.internal.DefaultFileLockManager] Lock acquired on daemon addresses registry.
2025-05-09T14:29:43.754+0900 [DEBUG] [org.gradle.cache.internal.DefaultFileLockManager] Releasing lock on daemon addresses registry.
2025-05-09T14:29:43.756+0900 [DEBUG] [org.gradle.cache.internal.DefaultFileLockManager] Waiting to acquire shared lock on daemon addresses registry.
2025-05-09T14:29:43.756+0900 [DEBUG] [org.gradle.cache.internal.DefaultFileLockManager] Lock acquired on daemon addresses registry.
2025-05-09T14:29:43.756+0900 [DEBUG] [org.gradle.cache.internal.DefaultFileLockManager] Releasing lock on daemon addresses registry.
2025-05-09T14:29:43.757+0900 [DEBUG] [org.gradle.cache.internal.DefaultFileLockManager] Waiting to acquire shared lock on daemon addresses registry.
2025-05-09T14:29:43.757+0900 [DEBUG] [org.gradle.cache.internal.DefaultFileLockManager] Lock acquired on daemon addresses registry.
2025-05-09T14:29:43.757+0900 [DEBUG] [org.gradle.cache.internal.DefaultFileLockManager] Releasing lock on daemon addresses registry.
2025-05-09T14:29:46.648+0900 [DEBUG] [org.gradle.internal.remote.internal.inet.TcpIncomingConnector] Accepted connection from /127.0.0.1:61538 to /127.0.0.1:61482.
2025-05-09T14:29:46.652+0900 [DEBUG] [org.gradle.launcher.daemon.server.SynchronizedDispatchConnection] thread 260: received class org.gradle.launcher.daemon.protocol.Build
2025-05-09T14:29:46.653+0900 [DEBUG] [org.gradle.launcher.daemon.server.DefaultDaemonConnection] thread 260: Received non-IO message from client: Build{id=487efe4c-9876-429b-8aab-76a7d52a2924, currentDir=C:\Users\dawon\AndroidStudioProjects\LogIn}
2025-05-09T14:29:46.653+0900 [INFO] [org.gradle.launcher.daemon.server.DefaultIncomingConnectionHandler] Received command: Build{id=487efe4c-9876-429b-8aab-76a7d52a2924, currentDir=C:\Users\dawon\AndroidStudioProjects\LogIn}.
2025-05-09T14:29:46.653+0900 [DEBUG] [org.gradle.launcher.daemon.server.DefaultIncomingConnectionHandler] Starting executing command: Build{id=487efe4c-9876-429b-8aab-76a7d52a2924, currentDir=C:\Users\dawon\AndroidStudioProjects\LogIn} with connection: socket connection from /127.0.0.1:61482 to /127.0.0.1:61538.
2025-05-09T14:29:46.653+0900 [DEBUG] [org.gradle.launcher.daemon.server.DaemonStateCoordinator] Command execution: started DaemonCommandExecution[command = Build{id=487efe4c-9876-429b-8aab-76a7d52a2924, currentDir=C:\Users\dawon\AndroidStudioProjects\LogIn}, connection = DefaultDaemonConnection: socket connection from /127.0.0.1:61482 to /127.0.0.1:61538] after 2.65815 minutes of idle
2025-05-09T14:29:46.653+0900 [INFO] [org.gradle.launcher.daemon.server.DaemonRegistryUpdater] Marking the daemon as busy, address: [773f33e1-b07a-4e25-bf2e-a17163fa04ee port:61482, addresses:[localhost/127.0.0.1]]
2025-05-09T14:29:46.653+0900 [DEBUG] [org.gradle.launcher.daemon.registry.PersistentDaemonRegistry] Marking busy by address: [773f33e1-b07a-4e25-bf2e-a17163fa04ee port:61482, addresses:[localhost/127.0.0.1]]
2025-05-09T14:29:46.654+0900 [DEBUG] [org.gradle.cache.internal.DefaultFileLockManager] Waiting to acquire exclusive lock on daemon addresses registry.
2025-05-09T14:29:46.654+0900 [DEBUG] [org.gradle.cache.internal.DefaultFileLockManager] Lock acquired on daemon addresses registry.
2025-05-09T14:29:46.655+0900 [DEBUG] [org.gradle.cache.internal.DefaultFileLockManager] Releasing lock on daemon addresses registry.
2025-05-09T14:29:46.655+0900 [DEBUG] [org.gradle.launcher.daemon.server.DaemonStateCoordinator] resetting idle timer
2025-05-09T14:29:46.655+0900 [DEBUG] [org.gradle.launcher.daemon.server.DaemonStateCoordinator] daemon is running. Sleeping until state changes.
2025-05-09T14:29:46.656+0900 [INFO] [org.gradle.launcher.daemon.server.exec.StartBuildOrRespondWithBusy] Daemon is about to start building Build{id=487efe4c-9876-429b-8aab-76a7d52a2924, currentDir=C:\Users\dawon\AndroidStudioProjects\LogIn}. Dispatching build started information...
2025-05-09T14:29:46.656+0900 [DEBUG] [org.gradle.launcher.daemon.server.SynchronizedDispatchConnection] thread 262: dispatching org.gradle.launcher.daemon.protocol.BuildStarted@4566bb9e
2025-05-09T14:29:46.656+0900 [DEBUG] [org.gradle.launcher.daemon.server.exec.EstablishBuildEnvironment] Configuring env variables: [USERDOMAIN_ROAMINGPROFILE, LOCALAPPDATA, PROCESSOR_LEVEL, IntelliJ IDEA, RegionCode, USERDOMAIN, LOGONSERVER, FPS_BROWSER_APP_PROFILE_STRING, JAVA_HOME, SESSIONNAME, ALLUSERSPROFILE, PROCESSOR_ARCHITECTURE, PSModulePath, SystemDrive, OneDrive, APPDATA, USERNAME, ProgramFiles(x86), CommonProgramFiles, Path, FPS_BROWSER_USER_PROFILE_STRING, PATHEXT, DriverData, OS, NODE_HOME, COMPUTERNAME, OnlineServices, PROCESSOR_REVISION, platformcode, CommonProgramW6432, ComSpec, ProgramData, EFC_11788, ProgramW6432, TEMP, HOMEPATH, SystemRoot, HOMEDRIVE, USERPROFILE, PROCESSOR_IDENTIFIER, TMP, CommonProgramFiles(x86), ProgramFiles, PUBLIC, windir, NUMBER_OF_PROCESSORS, =::, ZES_ENABLE_SYSMAN]
2025-05-09T14:29:46.657+0900 [DEBUG] [org.gradle.launcher.daemon.server.exec.LogToClient] About to start relaying all logs to the client via the connection.
2025-05-09T14:29:46.657+0900 [INFO] [org.gradle.launcher.daemon.server.exec.LogToClient] The client will now receive all logging from the daemon (pid: 13224). The daemon log file: C:\UMC\Study4\Flo\daemon\8.11.1\daemon-13224.out.log
2025-05-09T14:29:46.658+0900 [INFO] [org.gradle.launcher.daemon.server.exec.LogAndCheckHealth] Starting 2nd build in daemon [uptime: 3 mins 13.553 secs, performance: 99%, GC rate: 0.00/s, heap usage: 0% of 2 GiB]
2025-05-09T14:29:46.658+0900 [DEBUG] [org.gradle.launcher.daemon.server.exec.ExecuteBuild] The daemon has started executing the build.
2025-05-09T14:29:46.658+0900 [DEBUG] [org.gradle.launcher.daemon.server.exec.ExecuteBuild] Executing build with daemon context: DefaultDaemonContext[uid=6734d494-1f35-4df7-8c82-347da8628f94,javaHome=C:\Users\dawon\.jdks\openjdk-24,javaVersion=24,javaVendor=Oracle Corporation,daemonRegistryDir=C:\UMC\Study4\Flo\daemon,pid=13224,idleTimeout=10800000,priority=NORMAL,applyInstrumentationAgent=true,nativeServicesMode=ENABLED,daemonOpts=-Xmx2048m,-Dfile.encoding=UTF-8,-Duser.country=KR,-Duser.language=ko,-Duser.variant]

BUILD SUCCESSFUL in 1s
2025-05-09T14:29:47.829+0900 [DEBUG] [org.gradle.launcher.daemon.server.exec.ExecuteBuild] The daemon has finished executing the build.
2025-05-09T14:29:47.832+0900 [DEBUG] [org.gradle.launcher.daemon.server.DaemonStateCoordinator] daemon is running. Sleeping until state changes.
2025-05-09T14:29:47.832+0900 [DEBUG] [org.gradle.launcher.daemon.server.DaemonStateCoordinator] Command execution: finished waiting for DaemonCommandExecution[command = Build{id=487efe4c-9876-429b-8aab-76a7d52a2924, currentDir=C:\Users\dawon\AndroidStudioProjects\LogIn}, connection = DefaultDaemonConnection: socket connection from /127.0.0.1:61482 to /127.0.0.1:61538]. Result org.gradle.launcher.daemon.server.DaemonStateCoordinator@49b092b with state Busy
2025-05-09T14:29:47.832+0900 [DEBUG] [org.gradle.launcher.daemon.server.DaemonStateCoordinator] Command execution: completed DaemonCommandExecution[command = Build{id=487efe4c-9876-429b-8aab-76a7d52a2924, currentDir=C:\Users\dawon\AndroidStudioProjects\LogIn}, connection = DefaultDaemonConnection: socket connection from /127.0.0.1:61482 to /127.0.0.1:61538]
2025-05-09T14:29:47.832+0900 [DEBUG] [org.gradle.launcher.daemon.server.DaemonStateCoordinator] resetting idle timer
2025-05-09T14:29:47.832+0900 [INFO] [org.gradle.launcher.daemon.server.DaemonRegistryUpdater] Marking the daemon as idle, address: [773f33e1-b07a-4e25-bf2e-a17163fa04ee port:61482, addresses:[localhost/127.0.0.1]]
2025-05-09T14:29:47.832+0900 [DEBUG] [org.gradle.launcher.daemon.registry.PersistentDaemonRegistry] Marking busy by address: [773f33e1-b07a-4e25-bf2e-a17163fa04ee port:61482, addresses:[localhost/127.0.0.1]]
2025-05-09T14:29:47.834+0900 [DEBUG] [org.gradle.cache.internal.DefaultFileLockManager] Waiting to acquire exclusive lock on daemon addresses registry.
2025-05-09T14:29:47.835+0900 [DEBUG] [org.gradle.cache.internal.DefaultFileLockManager] Lock acquired on daemon addresses registry.
2025-05-09T14:29:47.837+0900 [DEBUG] [org.gradle.cache.internal.DefaultFileLockManager] Releasing lock on daemon addresses registry.
2025-05-09T14:29:47.837+0900 [DEBUG] [org.gradle.launcher.daemon.server.DaemonStateCoordinator] daemon is running. Sleeping until state changes.
2025-05-09T14:29:47.837+0900 [DEBUG] [org.gradle.launcher.daemon.server.exec.ReturnResult] Daemon is dispatching the build result: Success[value=org.gradle.launcher.exec.BuildActionResult@2b315b0c]
2025-05-09T14:29:47.837+0900 [DEBUG] [org.gradle.launcher.daemon.server.SynchronizedDispatchConnection] thread 259: dispatching Success[value=org.gradle.launcher.exec.BuildActionResult@2b315b0c]
2025-05-09T14:29:47.838+0900 [DEBUG] [org.gradle.launcher.daemon.server.SynchronizedDispatchConnection] thread 260: received class org.gradle.launcher.daemon.protocol.CloseInput
2025-05-09T14:29:47.838+0900 [DEBUG] [org.gradle.launcher.daemon.server.DefaultDaemonConnection] thread 260: Received IO message from client: org.gradle.launcher.daemon.protocol.CloseInput@38263f0f
2025-05-09T14:29:47.838+0900 [DEBUG] [org.gradle.launcher.daemon.server.SynchronizedDispatchConnection] thread 260: received class org.gradle.launcher.daemon.protocol.Finished
2025-05-09T14:29:47.838+0900 [DEBUG] [org.gradle.launcher.daemon.server.DefaultDaemonConnection] thread 260: Received non-IO message from client: org.gradle.launcher.daemon.protocol.Finished@36e1c67b
2025-05-09T14:29:47.838+0900 [DEBUG] [org.gradle.internal.remote.internal.inet.SocketConnection] Discarding EOFException: java.io.EOFException
2025-05-09T14:29:47.838+0900 [DEBUG] [org.gradle.launcher.daemon.server.SynchronizedDispatchConnection] thread 260: received null
2025-05-09T14:29:47.839+0900 [DEBUG] [org.gradle.launcher.daemon.server.DefaultDaemonConnection] thread 260: Received end-of-input from client.
2025-05-09T14:29:47.839+0900 [DEBUG] [org.gradle.launcher.daemon.server.DefaultIncomingConnectionHandler] Finishing executing command: Build{id=487efe4c-9876-429b-8aab-76a7d52a2924, currentDir=C:\Users\dawon\AndroidStudioProjects\LogIn}
2025-05-09T14:29:47.839+0900 [WARN] [org.gradle.launcher.daemon.server.DefaultIncomingConnectionHandler] Timed out waiting for finished message from client socket connection from /127.0.0.1:61482 to /127.0.0.1:61538. Discarding connection.
2025-05-09T14:29:47.839+0900 [DEBUG] [org.gradle.launcher.daemon.server.exec.CleanUpVirtualFileSystemAfterBuild] Cleaning virtual file system after build finished
2025-05-09T14:29:47.839+0900 [DEBUG] [org.gradle.launcher.daemon.server.SynchronizedDispatchConnection] thread 259: stopping connection
2025-05-09T14:29:47.840+0900 [DEBUG] [org.gradle.launcher.daemon.server.SynchronizedDispatchConnection] thread 259: stopping connection
2025-05-09T14:29:53.758+0900 [DEBUG] [org.gradle.cache.internal.DefaultFileLockManager] Waiting to acquire shared lock on daemon addresses registry.
2025-05-09T14:29:53.758+0900 [DEBUG] [org.gradle.cache.internal.DefaultFileLockManager] Lock acquired on daemon addresses registry.
2025-05-09T14:29:53.758+0900 [DEBUG] [org.gradle.cache.internal.DefaultFileLockManager] Releasing lock on daemon addresses registry.
2025-05-09T14:29:53.762+0900 [DEBUG] [org.gradle.cache.internal.DefaultFileLockManager] Waiting to acquire shared lock on daemon addresses registry.
2025-05-09T14:29:53.762+0900 [DEBUG] [org.gradle.cache.internal.DefaultFileLockManager] Lock acquired on daemon addresses registry.
2025-05-09T14:29:53.762+0900 [DEBUG] [org.gradle.cache.internal.DefaultFileLockManager] Releasing lock on daemon addresses registry.
2025-05-09T14:30:03.755+0900 [DEBUG] [org.gradle.cache.internal.DefaultFileLockManager] Waiting to acquire shared lock on daemon addresses registry.
2025-05-09T14:30:03.755+0900 [DEBUG] [org.gradle.cache.internal.DefaultFileLockManager] Lock acquired on daemon addresses registry.
2025-05-09T14:30:03.755+0900 [DEBUG] [org.gradle.cache.internal.DefaultFileLockManager] Releasing lock on daemon addresses registry.
2025-05-09T14:30:03.756+0900 [DEBUG] [org.gradle.cache.internal.DefaultFileLockManager] Waiting to acquire shared lock on daemon addresses registry.
2025-05-09T14:30:03.757+0900 [DEBUG] [org.gradle.cache.internal.DefaultFileLockManager] Lock acquired on daemon addresses registry.
2025-05-09T14:30:03.757+0900 [DEBUG] [org.gradle.cache.internal.DefaultFileLockManager] Releasing lock on daemon addresses registry.
2025-05-09T14:30:03.762+0900 [DEBUG] [org.gradle.cache.internal.DefaultFileLockManager] Waiting to acquire shared lock on daemon addresses registry.
2025-05-09T14:30:03.762+0900 [DEBUG] [org.gradle.cache.internal.DefaultFileLockManager] Lock acquired on daemon addresses registry.
2025-05-09T14:30:03.762+0900 [DEBUG] [org.gradle.cache.internal.DefaultFileLockManager] Releasing lock on daemon addresses registry.
2025-05-09T14:30:13.753+0900 [DEBUG] [org.gradle.cache.internal.DefaultFileLockManager] Waiting to acquire shared lock on daemon addresses registry.
2025-05-09T14:30:13.754+0900 [DEBUG] [org.gradle.cache.internal.DefaultFileLockManager] Lock acquired on daemon addresses registry.
2025-05-09T14:30:13.755+0900 [DEBUG] [org.gradle.cache.internal.DefaultFileLockManager] Releasing lock on daemon addresses registry.
2025-05-09T14:30:13.757+0900 [DEBUG] [org.gradle.cache.internal.DefaultFileLockManager] Waiting to acquire shared lock on daemon addresses registry.
2025-05-09T14:30:13.757+0900 [DEBUG] [org.gradle.cache.internal.DefaultFileLockManager] Lock acquired on daemon addresses registry.
2025-05-09T14:30:13.758+0900 [DEBUG] [org.gradle.cache.internal.DefaultFileLockManager] Releasing lock on daemon addresses registry.
2025-05-09T14:30:13.766+0900 [DEBUG] [org.gradle.cache.internal.DefaultFileLockManager] Waiting to acquire shared lock on daemon addresses registry.
2025-05-09T14:30:13.766+0900 [DEBUG] [org.gradle.cache.internal.DefaultFileLockManager] Lock acquired on daemon addresses registry.
2025-05-09T14:30:13.767+0900 [DEBUG] [org.gradle.cache.internal.DefaultFileLockManager] Releasing lock on daemon addresses registry.
2025-05-09T14:30:23.752+0900 [DEBUG] [org.gradle.cache.internal.DefaultFileLockManager] Waiting to acquire shared lock on daemon addresses registry.
2025-05-09T14:30:23.752+0900 [DEBUG] [org.gradle.cache.internal.DefaultFileLockManager] Lock acquired on daemon addresses registry.
2025-05-09T14:30:23.753+0900 [DEBUG] [org.gradle.cache.internal.DefaultFileLockManager] Releasing lock on daemon addresses registry.
2025-05-09T14:30:23.754+0900 [DEBUG] [org.gradle.cache.internal.DefaultFileLockManager] Waiting to acquire shared lock on daemon addresses registry.
2025-05-09T14:30:23.754+0900 [DEBUG] [org.gradle.cache.internal.DefaultFileLockManager] Lock acquired on daemon addresses registry.
2025-05-09T14:30:23.754+0900 [DEBUG] [org.gradle.cache.internal.DefaultFileLockManager] Releasing lock on daemon addresses registry.
2025-05-09T14:30:23.755+0900 [DEBUG] [org.gradle.cache.internal.DefaultFileLockManager] Waiting to acquire shared lock on daemon addresses registry.
2025-05-09T14:30:23.755+0900 [DEBUG] [org.gradle.cache.internal.DefaultFileLockManager] Lock acquired on daemon addresses registry.
2025-05-09T14:30:23.756+0900 [DEBUG] [org.gradle.cache.internal.DefaultFileLockManager] Releasing lock on daemon addresses registry.
2025-05-09T14:30:33.754+0900 [DEBUG] [org.gradle.cache.internal.DefaultFileLockManager] Waiting to acquire shared lock on daemon addresses registry.
2025-05-09T14:30:33.755+0900 [DEBUG] [org.gradle.cache.internal.DefaultFileLockManager] Lock acquired on daemon addresses registry.
2025-05-09T14:30:33.756+0900 [DEBUG] [org.gradle.cache.internal.DefaultFileLockManager] Releasing lock on daemon addresses registry.
2025-05-09T14:30:33.760+0900 [DEBUG] [org.gradle.cache.internal.DefaultFileLockManager] Waiting to acquire shared lock on daemon addresses registry.
2025-05-09T14:30:33.760+0900 [DEBUG] [org.gradle.cache.internal.DefaultFileLockManager] Lock acquired on daemon addresses registry.
2025-05-09T14:30:33.761+0900 [DEBUG] [org.gradle.cache.internal.DefaultFileLockManager] Releasing lock on daemon addresses registry.
2025-05-09T14:30:33.762+0900 [DEBUG] [org.gradle.cache.internal.DefaultFileLockManager] Waiting to acquire shared lock on daemon addresses registry.
2025-05-09T14:30:33.763+0900 [DEBUG] [org.gradle.cache.internal.DefaultFileLockManager] Lock acquired on daemon addresses registry.
2025-05-09T14:30:33.764+0900 [DEBUG] [org.gradle.cache.internal.DefaultFileLockManager] Releasing lock on daemon addresses registry.
2025-05-09T14:30:43.751+0900 [DEBUG] [org.gradle.cache.internal.DefaultFileLockManager] Waiting to acquire shared lock on daemon addresses registry.
2025-05-09T14:30:43.757+0900 [DEBUG] [org.gradle.cache.internal.DefaultFileLockManager] Lock acquired on daemon addresses registry.
2025-05-09T14:30:43.757+0900 [DEBUG] [org.gradle.cache.internal.DefaultFileLockManager] Releasing lock on daemon addresses registry.
2025-05-09T14:30:43.759+0900 [DEBUG] [org.gradle.cache.internal.DefaultFileLockManager] Waiting to acquire shared lock on daemon addresses registry.
2025-05-09T14:30:43.759+0900 [DEBUG] [org.gradle.cache.internal.DefaultFileLockManager] Lock acquired on daemon addresses registry.
2025-05-09T14:30:43.759+0900 [DEBUG] [org.gradle.cache.internal.DefaultFileLockManager] Releasing lock on daemon addresses registry.
2025-05-09T14:30:43.760+0900 [DEBUG] [org.gradle.cache.internal.DefaultFileLockManager] Waiting to acquire shared lock on daemon addresses registry.
2025-05-09T14:30:43.760+0900 [DEBUG] [org.gradle.cache.internal.DefaultFileLockManager] Lock acquired on daemon addresses registry.
2025-05-09T14:30:43.760+0900 [DEBUG] [org.gradle.cache.internal.DefaultFileLockManager] Releasing lock on daemon addresses registry.
2025-05-09T14:30:52.293+0900 [DEBUG] [org.gradle.internal.remote.internal.inet.TcpIncomingConnector] Accepted connection from /127.0.0.1:61592 to /127.0.0.1:61482.
2025-05-09T14:30:52.298+0900 [DEBUG] [org.gradle.launcher.daemon.server.SynchronizedDispatchConnection] thread 373: received class org.gradle.launcher.daemon.protocol.StopWhenIdle
2025-05-09T14:30:52.298+0900 [DEBUG] [org.gradle.launcher.daemon.server.DefaultDaemonConnection] thread 373: Received non-IO message from client: StopWhenIdle[id=7cdef4ef-8900-4dcd-b7f9-bdd7ff80c496]
2025-05-09T14:30:52.298+0900 [INFO] [org.gradle.launcher.daemon.server.DefaultIncomingConnectionHandler] Received command: StopWhenIdle[id=7cdef4ef-8900-4dcd-b7f9-bdd7ff80c496].
2025-05-09T14:30:52.298+0900 [DEBUG] [org.gradle.launcher.daemon.server.DefaultIncomingConnectionHandler] Starting executing command: StopWhenIdle[id=7cdef4ef-8900-4dcd-b7f9-bdd7ff80c496] with connection: socket connection from /127.0.0.1:61482 to /127.0.0.1:61592.
2025-05-09T14:30:52.299+0900 [DEBUG] [org.gradle.launcher.daemon.server.DaemonRegistryUpdater] Storing daemon stop event: stop command received
2025-05-09T14:30:52.300+0900 [DEBUG] [org.gradle.launcher.daemon.registry.PersistentDaemonRegistry] Storing daemon stop event with timestamp 1746768652299
2025-05-09T14:30:52.343+0900 [DEBUG] [org.gradle.cache.internal.DefaultFileLockManager] Waiting to acquire exclusive lock on daemon addresses registry.
2025-05-09T14:30:52.343+0900 [DEBUG] [org.gradle.cache.internal.DefaultFileLockManager] Lock acquired on daemon addresses registry.
2025-05-09T14:30:52.351+0900 [DEBUG] [org.gradle.cache.internal.DefaultFileLockManager] Releasing lock on daemon addresses registry.
2025-05-09T14:30:52.351+0900 [LIFECYCLE] [org.gradle.launcher.daemon.server.DaemonStateCoordinator] Daemon will be stopped at the end of the build stop command received
2025-05-09T14:30:52.352+0900 [DEBUG] [org.gradle.launcher.daemon.server.DaemonStateCoordinator] Marking daemon stopped due to stop command received. The daemon is not running a build
2025-05-09T14:30:52.352+0900 [DEBUG] [org.gradle.launcher.daemon.server.DaemonStateCoordinator] daemon has stopped.
2025-05-09T14:30:52.352+0900 [DEBUG] [org.gradle.launcher.daemon.server.SynchronizedDispatchConnection] thread 372: dispatching Success[value=null]
2025-05-09T14:30:52.352+0900 [DEBUG] [org.gradle.launcher.daemon.server.Daemon] stop() called on daemon
2025-05-09T14:30:52.353+0900 [DEBUG] [org.gradle.launcher.daemon.server.SynchronizedDispatchConnection] thread 373: received class org.gradle.launcher.daemon.protocol.Finished
2025-05-09T14:30:52.353+0900 [DEBUG] [org.gradle.launcher.daemon.server.DefaultDaemonConnection] thread 373: Received non-IO message from client: org.gradle.launcher.daemon.protocol.Finished@737659a3
2025-05-09T14:30:52.353+0900 [DEBUG] [org.gradle.internal.remote.internal.inet.SocketConnection] Discarding EOFException: java.io.EOFException
2025-05-09T14:30:52.353+0900 [DEBUG] [org.gradle.launcher.daemon.server.SynchronizedDispatchConnection] thread 373: received null
2025-05-09T14:30:52.353+0900 [DEBUG] [org.gradle.launcher.daemon.server.DefaultDaemonConnection] thread 373: Received end-of-input from client.
2025-05-09T14:30:52.353+0900 [INFO] [org.gradle.launcher.daemon.server.Daemon] Stop requested. Daemon is removing its presence from the registry...
2025-05-09T14:30:52.353+0900 [DEBUG] [org.gradle.launcher.daemon.server.DaemonRegistryUpdater] Removing our presence to clients, eg. removing this address from the registry: [773f33e1-b07a-4e25-bf2e-a17163fa04ee port:61482, addresses:[localhost/127.0.0.1]]
2025-05-09T14:30:52.353+0900 [DEBUG] [org.gradle.launcher.daemon.registry.PersistentDaemonRegistry] Removing daemon address: [773f33e1-b07a-4e25-bf2e-a17163fa04ee port:61482, addresses:[localhost/127.0.0.1]]
2025-05-09T14:30:52.354+0900 [DEBUG] [org.gradle.launcher.daemon.server.DefaultIncomingConnectionHandler] Finishing executing command: StopWhenIdle[id=7cdef4ef-8900-4dcd-b7f9-bdd7ff80c496]
2025-05-09T14:30:52.354+0900 [WARN] [org.gradle.launcher.daemon.server.DefaultIncomingConnectionHandler] Timed out waiting for finished message from client socket connection from /127.0.0.1:61482 to /127.0.0.1:61592. Discarding connection.
2025-05-09T14:30:52.354+0900 [DEBUG] [org.gradle.launcher.daemon.server.SynchronizedDispatchConnection] thread 372: stopping connection
2025-05-09T14:30:52.355+0900 [DEBUG] [org.gradle.launcher.daemon.server.SynchronizedDispatchConnection] thread 372: stopping connection
2025-05-09T14:30:52.355+0900 [DEBUG] [org.gradle.cache.internal.DefaultFileLockManager] Waiting to acquire exclusive lock on daemon addresses registry.
2025-05-09T14:30:52.356+0900 [DEBUG] [org.gradle.cache.internal.DefaultFileLockManager] Lock acquired on daemon addresses registry.
2025-05-09T14:30:52.357+0900 [DEBUG] [org.gradle.cache.internal.DefaultFileLockManager] Releasing lock on daemon addresses registry.
2025-05-09T14:30:52.358+0900 [DEBUG] [org.gradle.launcher.daemon.server.DaemonRegistryUpdater] Address removed from registry.
2025-05-09T14:30:52.374+0900 [DEBUG] [org.gradle.cache.internal.LockOnDemandCrossProcessCacheAccess] Releasing file lock for jars (C:\UMC\Study4\Flo\caches\jars-9)
2025-05-09T14:30:52.374+0900 [DEBUG] [org.gradle.cache.internal.DefaultFileLockManager] Releasing lock on jars (C:\UMC\Study4\Flo\caches\jars-9).
2025-05-09T14:30:52.375+0900 [DEBUG] [org.gradle.cache.internal.DefaultCacheCleanupExecutor] jars (C:\UMC\Study4\Flo\caches\jars-9) has last been fully cleaned up 46 hours ago
2025-05-09T14:30:52.375+0900 [DEBUG] [org.gradle.internal.operations.DefaultBuildOperationRunner] Build operation 'Clean up jars (C:\UMC\Study4\Flo\caches\jars-9)' started
2025-05-09T14:30:52.378+0900 [INFO] [org.gradle.cache.internal.AbstractCacheCleanup] jars (C:\UMC\Study4\Flo\caches\jars-9) cleanup deleted 0 files/directories.
2025-05-09T14:30:52.378+0900 [INFO] [org.gradle.cache.internal.LeastRecentlyUsedCacheCleanup] jars (C:\UMC\Study4\Flo\caches\jars-9) removing files not accessed on or after Fri May 02 14:30:52 GMT+09:00 2025.
2025-05-09T14:30:52.380+0900 [INFO] [org.gradle.cache.internal.AbstractCacheCleanup] jars (C:\UMC\Study4\Flo\caches\jars-9) cleanup deleted 0 files/directories.
2025-05-09T14:30:52.380+0900 [DEBUG] [org.gradle.internal.operations.DefaultBuildOperationRunner] Completing Build operation 'Clean up jars (C:\UMC\Study4\Flo\caches\jars-9)'
2025-05-09T14:30:52.380+0900 [DEBUG] [org.gradle.internal.operations.DefaultBuildOperationRunner] Build operation 'Clean up jars (C:\UMC\Study4\Flo\caches\jars-9)' completed
2025-05-09T14:30:52.381+0900 [INFO] [org.gradle.cache.internal.DefaultCacheCleanupExecutor] jars (C:\UMC\Study4\Flo\caches\jars-9) cleaned up in 0.005 secs.
2025-05-09T14:30:52.381+0900 [DEBUG] [org.gradle.cache.internal.LockOnDemandCrossProcessCacheAccess] Releasing file lock for file content cache (C:\UMC\Study4\Flo\caches\8.11.1\fileContent)
2025-05-09T14:30:52.381+0900 [DEBUG] [org.gradle.cache.internal.DefaultFileLockManager] Releasing lock on file content cache (C:\UMC\Study4\Flo\caches\8.11.1\fileContent).
2025-05-09T14:30:52.382+0900 [DEBUG] [org.gradle.internal.watch.vfs.impl.WatchingVirtualFileSystem] Closing VFS, dropping state
2025-05-09T14:30:52.389+0900 [DEBUG] [org.gradle.internal.watch.registry.impl.DefaultFileWatcherRegistry] Finished listening to file system change events
2025-05-09T14:30:52.389+0900 [DEBUG] [org.gradle.cache.internal.LockOnDemandCrossProcessCacheAccess] Releasing file lock for Generated Gradle JARs cache (C:\UMC\Study4\Flo\caches\8.11.1\generated-gradle-jars)
2025-05-09T14:30:52.389+0900 [DEBUG] [org.gradle.cache.internal.DefaultFileLockManager] Releasing lock on Generated Gradle JARs cache (C:\UMC\Study4\Flo\caches\8.11.1\generated-gradle-jars).
2025-05-09T14:30:52.390+0900 [DEBUG] [org.gradle.cache.internal.LockOnDemandCrossProcessCacheAccess] Releasing file lock for artifact cache (C:\UMC\Study4\Flo\caches\modules-2)
2025-05-09T14:30:52.390+0900 [DEBUG] [org.gradle.cache.internal.btree.BTreePersistentIndexedCache] Closing cache module-artifact.bin (C:\UMC\Study4\Flo\caches\modules-2\metadata-2.107\module-artifact.bin)
2025-05-09T14:30:52.390+0900 [DEBUG] [org.gradle.cache.internal.btree.BTreePersistentIndexedCache] Closing cache module-metadata.bin (C:\UMC\Study4\Flo\caches\modules-2\metadata-2.107\module-metadata.bin)
2025-05-09T14:30:52.390+0900 [DEBUG] [org.gradle.cache.internal.btree.BTreePersistentIndexedCache] Closing cache resource-at-url.bin (C:\UMC\Study4\Flo\caches\modules-2\metadata-2.107\resource-at-url.bin)
2025-05-09T14:30:52.390+0900 [DEBUG] [org.gradle.cache.internal.btree.BTreePersistentIndexedCache] Closing cache module-artifacts.bin (C:\UMC\Study4\Flo\caches\modules-2\metadata-2.107\module-artifacts.bin)
2025-05-09T14:30:52.391+0900 [DEBUG] [org.gradle.cache.internal.DefaultFileLockManager] Releasing lock on artifact cache (C:\UMC\Study4\Flo\caches\modules-2).
2025-05-09T14:30:52.391+0900 [DEBUG] [org.gradle.cache.internal.DefaultCacheCleanupExecutor] artifact cache (C:\UMC\Study4\Flo\caches\modules-2) has last been fully cleaned up 46 hours ago
2025-05-09T14:30:52.392+0900 [DEBUG] [org.gradle.internal.operations.DefaultBuildOperationRunner] Build operation 'Clean up artifact cache (C:\UMC\Study4\Flo\caches\modules-2)' started
2025-05-09T14:30:52.393+0900 [INFO] [org.gradle.cache.internal.AbstractCacheCleanup] artifact cache (C:\UMC\Study4\Flo\caches\modules-2) cleanup deleted 0 files/directories.
2025-05-09T14:30:52.395+0900 [INFO] [org.gradle.cache.internal.AbstractCacheCleanup] artifact cache (C:\UMC\Study4\Flo\caches\modules-2) [subdir: C:\UMC\Study4\Flo\caches\modules-2\resources-2.1] cleanup deleted 0 files/directories.
2025-05-09T14:30:52.395+0900 [INFO] [org.gradle.cache.internal.LeastRecentlyUsedCacheCleanup] artifact cache (C:\UMC\Study4\Flo\caches\modules-2) [subdir: C:\UMC\Study4\Flo\caches\modules-2\resources-2.1] removing files not accessed on or after Wed Apr 09 14:30:52 GMT+09:00 2025.
2025-05-09T14:30:52.395+0900 [INFO] [org.gradle.cache.internal.AbstractCacheCleanup] artifact cache (C:\UMC\Study4\Flo\caches\modules-2) [subdir: C:\UMC\Study4\Flo\caches\modules-2\resources-2.1] cleanup deleted 0 files/directories.
2025-05-09T14:30:52.397+0900 [INFO] [org.gradle.cache.internal.AbstractCacheCleanup] artifact cache (C:\UMC\Study4\Flo\caches\modules-2) [subdir: C:\UMC\Study4\Flo\caches\modules-2\files-2.1] cleanup deleted 0 files/directories.
2025-05-09T14:30:52.397+0900 [INFO] [org.gradle.cache.internal.LeastRecentlyUsedCacheCleanup] artifact cache (C:\UMC\Study4\Flo\caches\modules-2) [subdir: C:\UMC\Study4\Flo\caches\modules-2\files-2.1] removing files not accessed on or after Wed Apr 09 14:30:52 GMT+09:00 2025.
2025-05-09T14:30:52.409+0900 [DEBUG] [org.gradle.cache.internal.LockOnDemandCrossProcessCacheAccess] Lock on journal cache (C:\UMC\Study4\Flo\caches\journal-1) requested by another process - lock is in use and will be released when operation completed.
2025-05-09T14:30:52.531+0900 [INFO] [org.gradle.cache.internal.AbstractCacheCleanup] artifact cache (C:\UMC\Study4\Flo\caches\modules-2) [subdir: C:\UMC\Study4\Flo\caches\modules-2\files-2.1] cleanup deleted 0 files/directories.
2025-05-09T14:30:52.532+0900 [INFO] [org.gradle.cache.internal.AbstractCacheCleanup] artifact cache (C:\UMC\Study4\Flo\caches\modules-2) [subdir: C:\UMC\Study4\Flo\caches\modules-2\metadata-2.107] cleanup deleted 0 files/directories.
2025-05-09T14:30:52.532+0900 [INFO] [org.gradle.cache.internal.AbstractCacheCleanup] artifact cache (C:\UMC\Study4\Flo\caches\modules-2) cleanup deleted 0 files/directories.
2025-05-09T14:30:52.533+0900 [DEBUG] [org.gradle.internal.operations.DefaultBuildOperationRunner] Completing Build operation 'Clean up artifact cache (C:\UMC\Study4\Flo\caches\modules-2)'
2025-05-09T14:30:52.533+0900 [DEBUG] [org.gradle.internal.operations.DefaultBuildOperationRunner] Build operation 'Clean up artifact cache (C:\UMC\Study4\Flo\caches\modules-2)' completed
2025-05-09T14:30:52.533+0900 [INFO] [org.gradle.cache.internal.DefaultCacheCleanupExecutor] artifact cache (C:\UMC\Study4\Flo\caches\modules-2) cleaned up in 0.141 secs.
2025-05-09T14:30:52.534+0900 [DEBUG] [org.gradle.cache.internal.DefaultCacheCleanupExecutor] groovy-dsl (C:\UMC\Study4\Flo\caches\8.11.1\groovy-dsl) has last been fully cleaned up 46 hours ago
2025-05-09T14:30:52.534+0900 [DEBUG] [org.gradle.internal.operations.DefaultBuildOperationRunner] Build operation 'Clean up groovy-dsl (C:\UMC\Study4\Flo\caches\8.11.1\groovy-dsl)' started
2025-05-09T14:30:52.534+0900 [INFO] [org.gradle.cache.internal.LeastRecentlyUsedCacheCleanup] groovy-dsl (C:\UMC\Study4\Flo\caches\8.11.1\groovy-dsl) removing files not accessed on or after Fri May 02 14:30:52 GMT+09:00 2025.
2025-05-09T14:30:52.534+0900 [INFO] [org.gradle.cache.internal.AbstractCacheCleanup] groovy-dsl (C:\UMC\Study4\Flo\caches\8.11.1\groovy-dsl) cleanup deleted 0 files/directories.
2025-05-09T14:30:52.534+0900 [DEBUG] [org.gradle.internal.operations.DefaultBuildOperationRunner] Completing Build operation 'Clean up groovy-dsl (C:\UMC\Study4\Flo\caches\8.11.1\groovy-dsl)'
2025-05-09T14:30:52.534+0900 [DEBUG] [org.gradle.internal.operations.DefaultBuildOperationRunner] Build operation 'Clean up groovy-dsl (C:\UMC\Study4\Flo\caches\8.11.1\groovy-dsl)' completed
2025-05-09T14:30:52.535+0900 [INFO] [org.gradle.cache.internal.DefaultCacheCleanupExecutor] groovy-dsl (C:\UMC\Study4\Flo\caches\8.11.1\groovy-dsl) cleaned up in 0.0 secs.
2025-05-09T14:30:52.535+0900 [DEBUG] [org.gradle.cache.internal.DefaultCacheCoordinator] Cache groovy-dsl (C:\UMC\Study4\Flo\caches\8.11.1\groovy-dsl) was closed 0 times.
2025-05-09T14:30:52.535+0900 [DEBUG] [org.gradle.cache.internal.DefaultCacheCleanupExecutor] Artifact transforms cache (C:\UMC\Study4\Flo\caches\8.11.1\transforms) has last been fully cleaned up 46 hours ago
2025-05-09T14:30:52.535+0900 [DEBUG] [org.gradle.internal.operations.DefaultBuildOperationRunner] Build operation 'Clean up Artifact transforms cache (C:\UMC\Study4\Flo\caches\8.11.1\transforms)' started
2025-05-09T14:30:52.536+0900 [INFO] [org.gradle.cache.internal.LeastRecentlyUsedCacheCleanup] Artifact transforms cache (C:\UMC\Study4\Flo\caches\8.11.1\transforms) removing files not accessed on or after Fri May 02 14:30:52 GMT+09:00 2025.
2025-05-09T14:30:52.580+0900 [INFO] [org.gradle.cache.internal.AbstractCacheCleanup] Artifact transforms cache (C:\UMC\Study4\Flo\caches\8.11.1\transforms) cleanup deleted 0 files/directories.
2025-05-09T14:30:52.581+0900 [DEBUG] [org.gradle.internal.operations.DefaultBuildOperationRunner] Completing Build operation 'Clean up Artifact transforms cache (C:\UMC\Study4\Flo\caches\8.11.1\transforms)'
2025-05-09T14:30:52.581+0900 [DEBUG] [org.gradle.internal.operations.DefaultBuildOperationRunner] Build operation 'Clean up Artifact transforms cache (C:\UMC\Study4\Flo\caches\8.11.1\transforms)' completed
2025-05-09T14:30:52.581+0900 [INFO] [org.gradle.cache.internal.DefaultCacheCleanupExecutor] Artifact transforms cache (C:\UMC\Study4\Flo\caches\8.11.1\transforms) cleaned up in 0.045 secs.
2025-05-09T14:30:52.581+0900 [DEBUG] [org.gradle.cache.internal.DefaultCacheCoordinator] Cache Artifact transforms cache (C:\UMC\Study4\Flo\caches\8.11.1\transforms) was closed 0 times.
2025-05-09T14:30:52.582+0900 [DEBUG] [org.gradle.cache.internal.DefaultCacheCleanupExecutor] kotlin-dsl (C:\UMC\Study4\Flo\caches\8.11.1\kotlin-dsl) has last been fully cleaned up 46 hours ago
2025-05-09T14:30:52.582+0900 [DEBUG] [org.gradle.internal.operations.DefaultBuildOperationRunner] Build operation 'Clean up kotlin-dsl (C:\UMC\Study4\Flo\caches\8.11.1\kotlin-dsl)' started
2025-05-09T14:30:52.582+0900 [INFO] [org.gradle.cache.internal.LeastRecentlyUsedCacheCleanup] kotlin-dsl (C:\UMC\Study4\Flo\caches\8.11.1\kotlin-dsl) removing files not accessed on or after Fri May 02 14:30:52 GMT+09:00 2025.
2025-05-09T14:30:52.584+0900 [INFO] [org.gradle.cache.internal.AbstractCacheCleanup] kotlin-dsl (C:\UMC\Study4\Flo\caches\8.11.1\kotlin-dsl) cleanup deleted 0 files/directories.
2025-05-09T14:30:52.584+0900 [DEBUG] [org.gradle.internal.operations.DefaultBuildOperationRunner] Completing Build operation 'Clean up kotlin-dsl (C:\UMC\Study4\Flo\caches\8.11.1\kotlin-dsl)'
2025-05-09T14:30:52.584+0900 [DEBUG] [org.gradle.internal.operations.DefaultBuildOperationRunner] Build operation 'Clean up kotlin-dsl (C:\UMC\Study4\Flo\caches\8.11.1\kotlin-dsl)' completed
2025-05-09T14:30:52.585+0900 [INFO] [org.gradle.cache.internal.DefaultCacheCleanupExecutor] kotlin-dsl (C:\UMC\Study4\Flo\caches\8.11.1\kotlin-dsl) cleaned up in 0.002 secs.
2025-05-09T14:30:52.585+0900 [DEBUG] [org.gradle.cache.internal.DefaultCacheCoordinator] Cache kotlin-dsl (C:\UMC\Study4\Flo\caches\8.11.1\kotlin-dsl) was closed 0 times.
2025-05-09T14:30:52.585+0900 [DEBUG] [org.gradle.cache.internal.LockOnDemandCrossProcessCacheAccess] Releasing file lock for journal cache (C:\UMC\Study4\Flo\caches\journal-1)
2025-05-09T14:30:52.585+0900 [DEBUG] [org.gradle.cache.internal.btree.BTreePersistentIndexedCache] Closing cache file-access.bin (C:\UMC\Study4\Flo\caches\journal-1\file-access.bin)
2025-05-09T14:30:52.585+0900 [DEBUG] [org.gradle.cache.internal.DefaultFileLockManager] Releasing lock on journal cache (C:\UMC\Study4\Flo\caches\journal-1).
2025-05-09T14:30:52.586+0900 [DEBUG] [org.gradle.cache.internal.locklistener.FileLockCommunicator] Confirming lock release to Gradle process at port 60301 for lock with id 3176423793727638885.
2025-05-09T14:30:52.586+0900 [DEBUG] [org.gradle.cache.internal.locklistener.FileLockCommunicator] Confirming lock release to Gradle process at port 60301 for lock with id 3176423793727638885.
2025-05-09T14:30:52.587+0900 [DEBUG] [org.gradle.cache.internal.LockOnDemandCrossProcessCacheAccess] Releasing file lock for file hash cache (C:\UMC\Study4\Flo\caches\8.11.1\fileHashes)
2025-05-09T14:30:52.587+0900 [DEBUG] [org.gradle.cache.internal.btree.BTreePersistentIndexedCache] Closing cache fileHashes.bin (C:\UMC\Study4\Flo\caches\8.11.1\fileHashes\fileHashes.bin)
2025-05-09T14:30:52.587+0900 [DEBUG] [org.gradle.cache.internal.btree.BTreePersistentIndexedCache] Closing cache resourceHashesCache.bin (C:\UMC\Study4\Flo\caches\8.11.1\fileHashes\resourceHashesCache.bin)
2025-05-09T14:30:52.588+0900 [DEBUG] [org.gradle.cache.internal.DefaultFileLockManager] Releasing lock on file hash cache (C:\UMC\Study4\Flo\caches\8.11.1\fileHashes).
2025-05-09T14:30:52.589+0900 [DEBUG] [org.gradle.internal.operations.DefaultBuildOperationRunner] Build operation 'Deleting unused version-specific caches in C:\UMC\Study4\Flo\caches' started
2025-05-09T14:30:52.591+0900 [DEBUG] [org.gradle.cache.internal.VersionSpecificCacheCleanupAction] Processed version-specific caches at C:\UMC\Study4\Flo\caches for cleanup in 0.001 secs
2025-05-09T14:30:52.591+0900 [DEBUG] [org.gradle.internal.operations.DefaultBuildOperationRunner] Completing Build operation 'Deleting unused version-specific caches in C:\UMC\Study4\Flo\caches'
2025-05-09T14:30:52.591+0900 [DEBUG] [org.gradle.internal.operations.DefaultBuildOperationRunner] Build operation 'Deleting unused version-specific caches in C:\UMC\Study4\Flo\caches' completed
2025-05-09T14:30:52.593+0900 [DEBUG] [org.gradle.internal.operations.DefaultBuildOperationRunner] Build operation 'Deleting unused Gradle distributions in C:\UMC\Study4\Flo\wrapper\dists' started
2025-05-09T14:30:52.595+0900 [DEBUG] [org.gradle.internal.operations.DefaultBuildOperationRunner] Completing Build operation 'Deleting unused Gradle distributions in C:\UMC\Study4\Flo\wrapper\dists'
2025-05-09T14:30:52.595+0900 [DEBUG] [org.gradle.internal.operations.DefaultBuildOperationRunner] Build operation 'Deleting unused Gradle distributions in C:\UMC\Study4\Flo\wrapper\dists' completed
2025-05-09T14:30:52.596+0900 [DEBUG] [org.gradle.launcher.daemon.server.Daemon] stop() called on daemon
2025-05-09T14:30:52.596+0900 [INFO] [org.gradle.launcher.daemon.server.Daemon] Stop requested. Daemon is removing its presence from the registry...
2025-05-09T14:30:52.596+0900 [DEBUG] [org.gradle.launcher.daemon.server.DaemonRegistryUpdater] Removing our presence to clients, eg. removing this address from the registry: [773f33e1-b07a-4e25-bf2e-a17163fa04ee port:61482, addresses:[localhost/127.0.0.1]]
2025-05-09T14:30:52.596+0900 [DEBUG] [org.gradle.launcher.daemon.registry.PersistentDaemonRegistry] Removing daemon address: [773f33e1-b07a-4e25-bf2e-a17163fa04ee port:61482, addresses:[localhost/127.0.0.1]]
2025-05-09T14:30:52.597+0900 [DEBUG] [org.gradle.cache.internal.DefaultFileLockManager] Waiting to acquire exclusive lock on daemon addresses registry.
2025-05-09T14:30:52.598+0900 [DEBUG] [org.gradle.cache.internal.DefaultFileLockManager] Lock acquired on daemon addresses registry.
2025-05-09T14:30:52.599+0900 [DEBUG] [org.gradle.cache.internal.DefaultFileLockManager] Releasing lock on daemon addresses registry.
2025-05-09T14:30:52.599+0900 [DEBUG] [org.gradle.launcher.daemon.server.DaemonRegistryUpdater] Address removed from registry.
2025-05-09T14:30:52.600+0900 [DEBUG] [org.gradle.cache.internal.locklistener.DefaultFileLockContentionHandler] File lock listener thread completed.
2025-05-09T14:30:52.602+0900 [DEBUG] [java.lang.Runtime] Runtime.exit() called with status: 0
java.lang.Throwable: Runtime.exit(0)
	at java.base/java.lang.Shutdown.logRuntimeExit(Shutdown.java:179)
	at java.base/java.lang.Shutdown.exit(Shutdown.java:160)
	at java.base/java.lang.Runtime.exit(Runtime.java:177)
	at java.base/java.lang.System.exit(System.java:1518)
	at org.gradle.launcher.bootstrap.ProcessCompleter.complete(ProcessCompleter.java:21)
	at org.gradle.launcher.bootstrap.EntryPoint.run(EntryPoint.java:61)
	at java.base/jdk.internal.reflect.DirectMethodHandleAccessor.invoke(DirectMethodHandleAccessor.java:104)
	at java.base/java.lang.reflect.Method.invoke(Method.java:565)
	at org.gradle.launcher.bootstrap.ProcessBootstrap.runNoExit(ProcessBootstrap.java:72)
	at org.gradle.launcher.bootstrap.ProcessBootstrap.run(ProcessBootstrap.java:39)
	at org.gradle.launcher.daemon.bootstrap.GradleDaemon.main(GradleDaemon.java:22)
Daemon vm is shutting down... The daemon has exited normally or was terminated in response to a user interrupt.
2025-05-09T14:30:52.603+0900 [DEBUG] [org.gradle.launcher.daemon.registry.PersistentDaemonRegistry] Removing daemon address: [773f33e1-b07a-4e25-bf2e-a17163fa04ee port:61482, addresses:[localhost/127.0.0.1]]
2025-05-09T14:30:52.604+0900 [DEBUG] [org.gradle.launcher.daemon.server.Daemon] VM shutdown hook was unable to remove the daemon address from the registry. It will be cleaned up later.
java.lang.IllegalStateException: Cannot start managing file contention because this handler has been closed.
	at org.gradle.cache.internal.locklistener.DefaultFileLockContentionHandler.assertNotStopped(DefaultFileLockContentionHandler.java:217)
	at org.gradle.cache.internal.locklistener.DefaultFileLockContentionHandler.getCommunicator(DefaultFileLockContentionHandler.java:260)
	at org.gradle.cache.internal.locklistener.DefaultFileLockContentionHandler.reservePort(DefaultFileLockContentionHandler.java:254)
	at org.gradle.cache.internal.DefaultFileLockManager.lock(DefaultFileLockManager.java:124)
	at org.gradle.cache.internal.DefaultFileLockManager.lock(DefaultFileLockManager.java:106)
	at org.gradle.cache.internal.DefaultFileLockManager.lock(DefaultFileLockManager.java:101)
	at org.gradle.cache.internal.OnDemandFileAccess.updateFile(OnDemandFileAccess.java:51)
	at org.gradle.cache.internal.FileBackedObjectHolder.update(FileBackedObjectHolder.java:77)
	at org.gradle.cache.internal.FileIntegrityViolationSuppressingObjectHolderDecorator.lambda$update$0(FileIntegrityViolationSuppressingObjectHolderDecorator.java:48)
	at org.gradle.cache.internal.FileIntegrityViolationSuppressingObjectHolderDecorator.doUpdate(FileIntegrityViolationSuppressingObjectHolderDecorator.java:58)
	at org.gradle.cache.internal.FileIntegrityViolationSuppressingObjectHolderDecorator.update(FileIntegrityViolationSuppressingObjectHolderDecorator.java:48)
	at org.gradle.launcher.daemon.registry.PersistentDaemonRegistry.remove(PersistentDaemonRegistry.java:133)
	at org.gradle.launcher.daemon.server.Daemon$1.run(Daemon.java:133)
	at java.base/java.lang.Thread.run(Thread.java:1447)
